<?xml version="1.0" encoding="UTF-8"?>
<!-- Generated by org.testng.reporters.JUnitXMLReporter -->
<testsuite ignored="0" hostname="LAPTOP-AS3VML0D" failures="0" tests="1100" name="Default test" time="3.235" errors="0" timestamp="2023-02-02T12:44:30 IST">
  <testcase classname="testNG.aa1" name="TC1" time="0.014"/>
  <testcase classname="testNG.aa1" name="TC1" time="0.003"/>
  <testcase classname="testNG.aa1" name="TC1" time="0.003"/>
  <testcase classname="testNG.aa1" name="TC1" time="0.004"/>
  <testcase classname="testNG.aa1" name="TC1" time="0.002"/>
  <testcase classname="testNG.aa1" name="TC1" time="0.003"/>
  <testcase classname="testNG.aa1" name="TC1" time="0.001"/>
  <testcase classname="testNG.aa1" name="TC1" time="0.002"/>
  <testcase classname="testNG.aa1" name="TC1" time="0.001"/>
  <testcase classname="testNG.aa1" name="TC1" time="0.002"/>
  <testcase classname="testNG.aa1" name="TC1" time="0.001"/>
  <testcase classname="testNG.aa1" name="TC1" time="0.001"/>
  <testcase classname="testNG.aa1" name="TC1" time="0.002"/>
  <testcase classname="testNG.aa1" name="TC1" time="0.002"/>
  <testcase classname="testNG.aa1" name="TC1" time="0.001"/>
  <testcase classname="testNG.aa1" name="TC1" time="0.003"/>
  <testcase classname="testNG.aa1" name="TC1" time="0.002"/>
  <testcase classname="testNG.aa1" name="TC1" time="0.001"/>
  <testcase classname="testNG.aa1" name="TC1" time="0.001"/>
  <testcase classname="testNG.aa1" name="TC1" time="0.002"/>
  <testcase classname="testNG.aa1" name="TC1" time="0.001"/>
  <testcase classname="testNG.aa1" name="TC1" time="0.001"/>
  <testcase classname="testNG.aa1" name="TC1" time="0.002"/>
  <testcase classname="testNG.aa1" name="TC1" time="0.001"/>
  <testcase classname="testNG.aa1" name="TC1" time="0.002"/>
  <testcase classname="testNG.aa1" name="TC1" time="0.002"/>
  <testcase classname="testNG.aa1" name="TC1" time="0.001"/>
  <testcase classname="testNG.aa1" name="TC1" time="0.001"/>
  <testcase classname="testNG.aa1" name="TC1" time="0.001"/>
  <testcase classname="testNG.aa1" name="TC1" time="0.002"/>
  <testcase classname="testNG.aa1" name="TC1" time="0.001"/>
  <testcase classname="testNG.aa1" name="TC1" time="0.009"/>
  <testcase classname="testNG.aa1" name="TC1" time="0.003"/>
  <testcase classname="testNG.aa1" name="TC1" time="0.003"/>
  <testcase classname="testNG.aa1" name="TC1" time="0.001"/>
  <testcase classname="testNG.aa1" name="TC1" time="0.002"/>
  <testcase classname="testNG.aa1" name="TC1" time="0.001"/>
  <testcase classname="testNG.aa1" name="TC1" time="0.001"/>
  <testcase classname="testNG.aa1" name="TC1" time="0.001"/>
  <testcase classname="testNG.aa1" name="TC1" time="0.002"/>
  <testcase classname="testNG.aa1" name="TC1" time="0.002"/>
  <testcase classname="testNG.aa1" name="TC1" time="0.005"/>
  <testcase classname="testNG.aa1" name="TC1" time="0.001"/>
  <testcase classname="testNG.aa1" name="TC1" time="0.001"/>
  <testcase classname="testNG.aa1" name="TC1" time="0.002"/>
  <testcase classname="testNG.aa1" name="TC1" time="0.001"/>
  <testcase classname="testNG.aa1" name="TC1" time="0.001"/>
  <testcase classname="testNG.aa1" name="TC1" time="0.001"/>
  <testcase classname="testNG.aa1" name="TC1" time="0.001"/>
  <testcase classname="testNG.aa1" name="TC1" time="0.001"/>
  <testcase classname="testNG.aa1" name="TC1" time="0.001"/>
  <testcase classname="testNG.aa1" name="TC1" time="0.002"/>
  <testcase classname="testNG.aa1" name="TC1" time="0.001"/>
  <testcase classname="testNG.aa1" name="TC1" time="0.001"/>
  <testcase classname="testNG.aa1" name="TC1" time="0.001"/>
  <testcase classname="testNG.aa1" name="TC1" time="0.001"/>
  <testcase classname="testNG.aa1" name="TC1" time="0.001"/>
  <testcase classname="testNG.aa1" name="TC1" time="0.001"/>
  <testcase classname="testNG.aa1" name="TC1" time="0.001"/>
  <testcase classname="testNG.aa1" name="TC1" time="0.001"/>
  <testcase classname="testNG.aa1" name="TC1" time="0.002"/>
  <testcase classname="testNG.aa1" name="TC1" time="0.002"/>
  <testcase classname="testNG.aa1" name="TC1" time="0.001"/>
  <testcase classname="testNG.aa1" name="TC1" time="0.002"/>
  <testcase classname="testNG.aa1" name="TC1" time="0.002"/>
  <testcase classname="testNG.aa1" name="TC1" time="0.001"/>
  <testcase classname="testNG.aa1" name="TC1" time="0.001"/>
  <testcase classname="testNG.aa1" name="TC1" time="0.001"/>
  <testcase classname="testNG.aa1" name="TC1" time="0.001"/>
  <testcase classname="testNG.aa1" name="TC1" time="0.001"/>
  <testcase classname="testNG.aa1" name="TC1" time="0.002"/>
  <testcase classname="testNG.aa1" name="TC1" time="0.001"/>
  <testcase classname="testNG.aa1" name="TC1" time="0.002"/>
  <testcase classname="testNG.aa1" name="TC1" time="0.002"/>
  <testcase classname="testNG.aa1" name="TC1" time="0.001"/>
  <testcase classname="testNG.aa1" name="TC1" time="0.001"/>
  <testcase classname="testNG.aa1" name="TC1" time="0.001"/>
  <testcase classname="testNG.aa1" name="TC1" time="0.001"/>
  <testcase classname="testNG.aa1" name="TC1" time="0.001"/>
  <testcase classname="testNG.aa1" name="TC1" time="0.002"/>
  <testcase classname="testNG.aa1" name="TC1" time="0.001"/>
  <testcase classname="testNG.aa1" name="TC1" time="0.001"/>
  <testcase classname="testNG.aa1" name="TC1" time="0.001"/>
  <testcase classname="testNG.aa1" name="TC1" time="0.002"/>
  <testcase classname="testNG.aa1" name="TC1" time="0.002"/>
  <testcase classname="testNG.aa1" name="TC1" time="0.002"/>
  <testcase classname="testNG.aa1" name="TC1" time="0.001"/>
  <testcase classname="testNG.aa1" name="TC1" time="0.001"/>
  <testcase classname="testNG.aa1" name="TC1" time="0.001"/>
  <testcase classname="testNG.aa1" name="TC1" time="0.001"/>
  <testcase classname="testNG.aa1" name="TC1" time="0.001"/>
  <testcase classname="testNG.aa1" name="TC1" time="0.001"/>
  <testcase classname="testNG.aa1" name="TC1" time="0.001"/>
  <testcase classname="testNG.aa1" name="TC1" time="0.001"/>
  <testcase classname="testNG.aa1" name="TC1" time="0.001"/>
  <testcase classname="testNG.aa1" name="TC1" time="0.002"/>
  <testcase classname="testNG.aa1" name="TC1" time="0.002"/>
  <testcase classname="testNG.aa1" name="TC1" time="0.001"/>
  <testcase classname="testNG.aa1" name="TC1" time="0.002"/>
  <testcase classname="testNG.aa1" name="TC1" time="0.001"/>
  <testcase classname="testNG.aa1" name="TC1" time="0.001"/>
  <testcase classname="testNG.aa1" name="TC1" time="0.002"/>
  <testcase classname="testNG.aa1" name="TC1" time="0.003"/>
  <testcase classname="testNG.aa1" name="TC1" time="0.002"/>
  <testcase classname="testNG.aa1" name="TC1" time="0.014"/>
  <testcase classname="testNG.aa1" name="TC1" time="0.002"/>
  <testcase classname="testNG.aa1" name="TC1" time="0.009"/>
  <testcase classname="testNG.aa1" name="TC1" time="0.001"/>
  <testcase classname="testNG.aa1" name="TC1" time="0.001"/>
  <testcase classname="testNG.aa1" name="TC1" time="0.001"/>
  <testcase classname="testNG.aa1" name="TC1" time="0.001"/>
  <testcase classname="testNG.aa1" name="TC1" time="0.001"/>
  <testcase classname="testNG.aa1" name="TC1" time="0.001"/>
  <testcase classname="testNG.aa1" name="TC1" time="0.001"/>
  <testcase classname="testNG.aa1" name="TC1" time="0.002"/>
  <testcase classname="testNG.aa1" name="TC1" time="0.006"/>
  <testcase classname="testNG.aa1" name="TC1" time="0.001"/>
  <testcase classname="testNG.aa1" name="TC1" time="0.004"/>
  <testcase classname="testNG.aa1" name="TC1" time="0.002"/>
  <testcase classname="testNG.aa1" name="TC1" time="0.002"/>
  <testcase classname="testNG.aa1" name="TC1" time="0.004"/>
  <testcase classname="testNG.aa1" name="TC1" time="0.003"/>
  <testcase classname="testNG.aa1" name="TC1" time="0.002"/>
  <testcase classname="testNG.aa1" name="TC1" time="0.001"/>
  <testcase classname="testNG.aa1" name="TC1" time="0.001"/>
  <testcase classname="testNG.aa1" name="TC1" time="0.001"/>
  <testcase classname="testNG.aa1" name="TC1" time="0.003"/>
  <testcase classname="testNG.aa1" name="TC1" time="0.006"/>
  <testcase classname="testNG.aa1" name="TC1" time="0.003"/>
  <testcase classname="testNG.aa1" name="TC1" time="0.002"/>
  <testcase classname="testNG.aa1" name="TC1" time="0.002"/>
  <testcase classname="testNG.aa1" name="TC1" time="0.001"/>
  <testcase classname="testNG.aa1" name="TC1" time="0.001"/>
  <testcase classname="testNG.aa1" name="TC1" time="0.003"/>
  <testcase classname="testNG.aa1" name="TC1" time="0.001"/>
  <testcase classname="testNG.aa1" name="TC1" time="0.001"/>
  <testcase classname="testNG.aa1" name="TC1" time="0.001"/>
  <testcase classname="testNG.aa1" name="TC1" time="0.001"/>
  <testcase classname="testNG.aa1" name="TC1" time="0.006"/>
  <testcase classname="testNG.aa1" name="TC1" time="0.001"/>
  <testcase classname="testNG.aa1" name="TC1" time="0.001"/>
  <testcase classname="testNG.aa1" name="TC1" time="0.0"/>
  <testcase classname="testNG.aa1" name="TC1" time="0.001"/>
  <testcase classname="testNG.aa1" name="TC1" time="0.001"/>
  <testcase classname="testNG.aa1" name="TC1" time="0.001"/>
  <testcase classname="testNG.aa1" name="TC1" time="0.0"/>
  <testcase classname="testNG.aa1" name="TC1" time="0.001"/>
  <testcase classname="testNG.aa1" name="TC1" time="0.001"/>
  <testcase classname="testNG.aa1" name="TC1" time="0.0"/>
  <testcase classname="testNG.aa1" name="TC1" time="0.0"/>
  <testcase classname="testNG.aa1" name="TC1" time="0.001"/>
  <testcase classname="testNG.aa1" name="TC1" time="0.0"/>
  <testcase classname="testNG.aa1" name="TC1" time="0.004"/>
  <testcase classname="testNG.aa1" name="TC1" time="0.002"/>
  <testcase classname="testNG.aa1" name="TC1" time="0.001"/>
  <testcase classname="testNG.aa1" name="TC1" time="0.001"/>
  <testcase classname="testNG.aa1" name="TC1" time="0.001"/>
  <testcase classname="testNG.aa1" name="TC1" time="0.001"/>
  <testcase classname="testNG.aa1" name="TC1" time="0.002"/>
  <testcase classname="testNG.aa1" name="TC1" time="0.006"/>
  <testcase classname="testNG.aa1" name="TC1" time="0.002"/>
  <testcase classname="testNG.aa1" name="TC1" time="0.001"/>
  <testcase classname="testNG.aa1" name="TC1" time="0.002"/>
  <testcase classname="testNG.aa1" name="TC1" time="0.001"/>
  <testcase classname="testNG.aa1" name="TC1" time="0.001"/>
  <testcase classname="testNG.aa1" name="TC1" time="0.0"/>
  <testcase classname="testNG.aa1" name="TC1" time="0.001"/>
  <testcase classname="testNG.aa1" name="TC1" time="0.001"/>
  <testcase classname="testNG.aa1" name="TC1" time="0.0"/>
  <testcase classname="testNG.aa1" name="TC1" time="0.001"/>
  <testcase classname="testNG.aa1" name="TC1" time="0.001"/>
  <testcase classname="testNG.aa1" name="TC1" time="0.001"/>
  <testcase classname="testNG.aa1" name="TC1" time="0.001"/>
  <testcase classname="testNG.aa1" name="TC1" time="0.001"/>
  <testcase classname="testNG.aa1" name="TC1" time="0.001"/>
  <testcase classname="testNG.aa1" name="TC1" time="0.009"/>
  <testcase classname="testNG.aa1" name="TC1" time="0.002"/>
  <testcase classname="testNG.aa1" name="TC1" time="0.002"/>
  <testcase classname="testNG.aa1" name="TC1" time="0.001"/>
  <testcase classname="testNG.aa1" name="TC1" time="0.001"/>
  <testcase classname="testNG.aa1" name="TC1" time="0.001"/>
  <testcase classname="testNG.aa1" name="TC1" time="0.001"/>
  <testcase classname="testNG.aa1" name="TC1" time="0.001"/>
  <testcase classname="testNG.aa1" name="TC1" time="0.007"/>
  <testcase classname="testNG.aa1" name="TC1" time="0.009"/>
  <testcase classname="testNG.aa1" name="TC1" time="0.002"/>
  <testcase classname="testNG.aa1" name="TC1" time="0.001"/>
  <testcase classname="testNG.aa1" name="TC1" time="0.006"/>
  <testcase classname="testNG.aa1" name="TC1" time="0.001"/>
  <testcase classname="testNG.aa1" name="TC1" time="0.002"/>
  <testcase classname="testNG.aa1" name="TC1" time="0.002"/>
  <testcase classname="testNG.aa1" name="TC1" time="0.003"/>
  <testcase classname="testNG.aa1" name="TC1" time="0.027"/>
  <testcase classname="testNG.aa1" name="TC1" time="0.002"/>
  <testcase classname="testNG.aa1" name="TC1" time="0.002"/>
  <testcase classname="testNG.aa1" name="TC1" time="0.001"/>
  <testcase classname="testNG.aa1" name="TC1" time="0.045"/>
  <testcase classname="testNG.aa1" name="TC1" time="0.002"/>
  <testcase classname="testNG.aa1" name="TC1" time="0.0"/>
  <testcase classname="testNG.aa1" name="TC1" time="0.001"/>
  <testcase classname="testNG.aa1" name="TC1" time="0.0"/>
  <testcase classname="testNG.aa1" name="TC1" time="0.001"/>
  <testcase classname="testNG.aa1" name="TC1" time="0.0"/>
  <testcase classname="testNG.aa1" name="TC1" time="0.001"/>
  <testcase classname="testNG.aa1" name="TC1" time="0.001"/>
  <testcase classname="testNG.aa1" name="TC1" time="0.001"/>
  <testcase classname="testNG.aa1" name="TC1" time="0.001"/>
  <testcase classname="testNG.aa1" name="TC1" time="0.001"/>
  <testcase classname="testNG.aa1" name="TC1" time="0.001"/>
  <testcase classname="testNG.aa1" name="TC1" time="0.0"/>
  <testcase classname="testNG.aa1" name="TC1" time="0.001"/>
  <testcase classname="testNG.aa1" name="TC1" time="0.0"/>
  <testcase classname="testNG.aa1" name="TC1" time="0.001"/>
  <testcase classname="testNG.aa1" name="TC1" time="0.001"/>
  <testcase classname="testNG.aa1" name="TC1" time="0.001"/>
  <testcase classname="testNG.aa1" name="TC1" time="0.001"/>
  <testcase classname="testNG.aa1" name="TC1" time="0.002"/>
  <testcase classname="testNG.aa1" name="TC1" time="0.001"/>
  <testcase classname="testNG.aa1" name="TC1" time="0.0"/>
  <testcase classname="testNG.aa1" name="TC1" time="0.0"/>
  <testcase classname="testNG.aa1" name="TC1" time="0.001"/>
  <testcase classname="testNG.aa1" name="TC1" time="0.0"/>
  <testcase classname="testNG.aa1" name="TC1" time="0.001"/>
  <testcase classname="testNG.aa1" name="TC1" time="0.001"/>
  <testcase classname="testNG.aa1" name="TC1" time="0.001"/>
  <testcase classname="testNG.aa1" name="TC1" time="0.002"/>
  <testcase classname="testNG.aa1" name="TC1" time="0.001"/>
  <testcase classname="testNG.aa1" name="TC1" time="0.002"/>
  <testcase classname="testNG.aa1" name="TC1" time="0.001"/>
  <testcase classname="testNG.aa1" name="TC1" time="0.001"/>
  <testcase classname="testNG.aa1" name="TC1" time="0.0"/>
  <testcase classname="testNG.aa1" name="TC1" time="0.001"/>
  <testcase classname="testNG.aa1" name="TC1" time="0.001"/>
  <testcase classname="testNG.aa1" name="TC1" time="0.001"/>
  <testcase classname="testNG.aa1" name="TC1" time="0.001"/>
  <testcase classname="testNG.aa1" name="TC1" time="0.001"/>
  <testcase classname="testNG.aa1" name="TC1" time="0.001"/>
  <testcase classname="testNG.aa1" name="TC1" time="0.0"/>
  <testcase classname="testNG.aa1" name="TC1" time="0.001"/>
  <testcase classname="testNG.aa1" name="TC1" time="0.001"/>
  <testcase classname="testNG.aa1" name="TC1" time="0.001"/>
  <testcase classname="testNG.aa1" name="TC1" time="0.001"/>
  <testcase classname="testNG.aa1" name="TC1" time="0.001"/>
  <testcase classname="testNG.aa1" name="TC1" time="0.0"/>
  <testcase classname="testNG.aa1" name="TC1" time="0.001"/>
  <testcase classname="testNG.aa1" name="TC1" time="0.002"/>
  <testcase classname="testNG.aa1" name="TC1" time="0.001"/>
  <testcase classname="testNG.aa1" name="TC1" time="0.001"/>
  <testcase classname="testNG.aa1" name="TC1" time="0.002"/>
  <testcase classname="testNG.aa1" name="TC1" time="0.001"/>
  <testcase classname="testNG.aa1" name="TC1" time="0.001"/>
  <testcase classname="testNG.aa1" name="TC1" time="0.002"/>
  <testcase classname="testNG.aa1" name="TC1" time="0.006"/>
  <testcase classname="testNG.aa1" name="TC1" time="0.003"/>
  <testcase classname="testNG.aa1" name="TC1" time="0.001"/>
  <testcase classname="testNG.aa1" name="TC1" time="0.001"/>
  <testcase classname="testNG.aa1" name="TC1" time="0.001"/>
  <testcase classname="testNG.aa1" name="TC1" time="0.0"/>
  <testcase classname="testNG.aa1" name="TC1" time="0.001"/>
  <testcase classname="testNG.aa1" name="TC1" time="0.0"/>
  <testcase classname="testNG.aa1" name="TC1" time="0.001"/>
  <testcase classname="testNG.aa1" name="TC1" time="0.001"/>
  <testcase classname="testNG.aa1" name="TC1" time="0.001"/>
  <testcase classname="testNG.aa1" name="TC1" time="0.001"/>
  <testcase classname="testNG.aa1" name="TC1" time="0.001"/>
  <testcase classname="testNG.aa1" name="TC1" time="0.002"/>
  <testcase classname="testNG.aa1" name="TC1" time="0.001"/>
  <testcase classname="testNG.aa1" name="TC1" time="0.001"/>
  <testcase classname="testNG.aa1" name="TC1" time="0.001"/>
  <testcase classname="testNG.aa1" name="TC1" time="0.001"/>
  <testcase classname="testNG.aa1" name="TC1" time="0.002"/>
  <testcase classname="testNG.aa1" name="TC1" time="0.001"/>
  <testcase classname="testNG.aa1" name="TC1" time="0.001"/>
  <testcase classname="testNG.aa1" name="TC1" time="0.001"/>
  <testcase classname="testNG.aa1" name="TC1" time="0.001"/>
  <testcase classname="testNG.aa1" name="TC1" time="0.001"/>
  <testcase classname="testNG.aa1" name="TC1" time="0.001"/>
  <testcase classname="testNG.aa1" name="TC1" time="0.0"/>
  <testcase classname="testNG.aa1" name="TC1" time="0.001"/>
  <testcase classname="testNG.aa1" name="TC1" time="0.001"/>
  <testcase classname="testNG.aa1" name="TC1" time="0.0"/>
  <testcase classname="testNG.aa1" name="TC1" time="0.0"/>
  <testcase classname="testNG.aa1" name="TC1" time="0.001"/>
  <testcase classname="testNG.aa1" name="TC1" time="0.0"/>
  <testcase classname="testNG.aa1" name="TC1" time="0.001"/>
  <testcase classname="testNG.aa1" name="TC1" time="0.001"/>
  <testcase classname="testNG.aa1" name="TC1" time="0.0"/>
  <testcase classname="testNG.aa1" name="TC1" time="0.001"/>
  <testcase classname="testNG.aa1" name="TC1" time="0.0"/>
  <testcase classname="testNG.aa1" name="TC1" time="0.0"/>
  <testcase classname="testNG.aa1" name="TC1" time="0.001"/>
  <testcase classname="testNG.aa1" name="TC1" time="0.0"/>
  <testcase classname="testNG.aa1" name="TC1" time="0.0"/>
  <testcase classname="testNG.aa1" name="TC1" time="0.001"/>
  <testcase classname="testNG.aa1" name="TC1" time="0.001"/>
  <testcase classname="testNG.aa1" name="TC1" time="0.001"/>
  <testcase classname="testNG.aa1" name="TC1" time="0.001"/>
  <testcase classname="testNG.aa1" name="TC1" time="0.001"/>
  <testcase classname="testNG.aa1" name="TC1" time="0.001"/>
  <testcase classname="testNG.aa1" name="TC1" time="0.001"/>
  <testcase classname="testNG.aa1" name="TC1" time="0.001"/>
  <testcase classname="testNG.aa1" name="TC1" time="0.002"/>
  <testcase classname="testNG.aa1" name="TC1" time="0.001"/>
  <testcase classname="testNG.aa1" name="TC1" time="0.001"/>
  <testcase classname="testNG.aa1" name="TC1" time="0.001"/>
  <testcase classname="testNG.aa1" name="TC1" time="0.001"/>
  <testcase classname="testNG.aa1" name="TC1" time="0.0"/>
  <testcase classname="testNG.aa1" name="TC1" time="0.002"/>
  <testcase classname="testNG.aa1" name="TC1" time="0.001"/>
  <testcase classname="testNG.aa1" name="TC1" time="0.001"/>
  <testcase classname="testNG.aa1" name="TC1" time="0.001"/>
  <testcase classname="testNG.aa1" name="TC1" time="0.001"/>
  <testcase classname="testNG.aa1" name="TC1" time="0.001"/>
  <testcase classname="testNG.aa1" name="TC1" time="0.001"/>
  <testcase classname="testNG.aa1" name="TC1" time="0.001"/>
  <testcase classname="testNG.aa1" name="TC1" time="0.0"/>
  <testcase classname="testNG.aa1" name="TC1" time="0.005"/>
  <testcase classname="testNG.aa1" name="TC1" time="0.003"/>
  <testcase classname="testNG.aa1" name="TC1" time="0.072"/>
  <testcase classname="testNG.aa1" name="TC1" time="0.01"/>
  <testcase classname="testNG.aa1" name="TC1" time="0.009"/>
  <testcase classname="testNG.aa1" name="TC1" time="0.001"/>
  <testcase classname="testNG.aa1" name="TC1" time="0.001"/>
  <testcase classname="testNG.aa1" name="TC1" time="0.001"/>
  <testcase classname="testNG.aa1" name="TC1" time="0.0"/>
  <testcase classname="testNG.aa1" name="TC1" time="0.0"/>
  <testcase classname="testNG.aa1" name="TC1" time="0.001"/>
  <testcase classname="testNG.aa1" name="TC1" time="0.0"/>
  <testcase classname="testNG.aa1" name="TC1" time="0.001"/>
  <testcase classname="testNG.aa1" name="TC1" time="0.001"/>
  <testcase classname="testNG.aa1" name="TC1" time="0.001"/>
  <testcase classname="testNG.aa1" name="TC1" time="0.001"/>
  <testcase classname="testNG.aa1" name="TC1" time="0.001"/>
  <testcase classname="testNG.aa1" name="TC1" time="0.001"/>
  <testcase classname="testNG.aa1" name="TC1" time="0.0"/>
  <testcase classname="testNG.aa1" name="TC1" time="0.0"/>
  <testcase classname="testNG.aa1" name="TC1" time="0.001"/>
  <testcase classname="testNG.aa1" name="TC1" time="0.001"/>
  <testcase classname="testNG.aa1" name="TC1" time="0.001"/>
  <testcase classname="testNG.aa1" name="TC1" time="0.001"/>
  <testcase classname="testNG.aa1" name="TC1" time="0.001"/>
  <testcase classname="testNG.aa1" name="TC1" time="0.001"/>
  <testcase classname="testNG.aa1" name="TC1" time="0.0"/>
  <testcase classname="testNG.aa1" name="TC1" time="0.001"/>
  <testcase classname="testNG.aa1" name="TC1" time="0.002"/>
  <testcase classname="testNG.aa1" name="TC1" time="0.001"/>
  <testcase classname="testNG.aa1" name="TC1" time="0.002"/>
  <testcase classname="testNG.aa1" name="TC1" time="0.001"/>
  <testcase classname="testNG.aa1" name="TC1" time="0.001"/>
  <testcase classname="testNG.aa1" name="TC1" time="0.0"/>
  <testcase classname="testNG.aa1" name="TC1" time="0.001"/>
  <testcase classname="testNG.aa1" name="TC1" time="0.001"/>
  <testcase classname="testNG.aa1" name="TC1" time="0.001"/>
  <testcase classname="testNG.aa1" name="TC1" time="0.001"/>
  <testcase classname="testNG.aa1" name="TC1" time="0.001"/>
  <testcase classname="testNG.aa1" name="TC1" time="0.001"/>
  <testcase classname="testNG.aa1" name="TC1" time="0.0"/>
  <testcase classname="testNG.aa1" name="TC1" time="0.0"/>
  <testcase classname="testNG.aa1" name="TC1" time="0.001"/>
  <testcase classname="testNG.aa1" name="TC1" time="0.001"/>
  <testcase classname="testNG.aa1" name="TC1" time="0.0"/>
  <testcase classname="testNG.aa1" name="TC1" time="0.001"/>
  <testcase classname="testNG.aa1" name="TC1" time="0.001"/>
  <testcase classname="testNG.aa1" name="TC1" time="0.001"/>
  <testcase classname="testNG.aa1" name="TC1" time="0.0"/>
  <testcase classname="testNG.aa1" name="TC1" time="0.0"/>
  <testcase classname="testNG.aa1" name="TC1" time="0.001"/>
  <testcase classname="testNG.aa1" name="TC1" time="0.001"/>
  <testcase classname="testNG.aa1" name="TC1" time="0.001"/>
  <testcase classname="testNG.aa1" name="TC1" time="0.001"/>
  <testcase classname="testNG.aa1" name="TC1" time="0.001"/>
  <testcase classname="testNG.aa1" name="TC1" time="0.0"/>
  <testcase classname="testNG.aa1" name="TC1" time="0.001"/>
  <testcase classname="testNG.aa1" name="TC1" time="0.001"/>
  <testcase classname="testNG.aa1" name="TC1" time="0.0"/>
  <testcase classname="testNG.aa1" name="TC1" time="0.001"/>
  <testcase classname="testNG.aa1" name="TC1" time="0.002"/>
  <testcase classname="testNG.aa1" name="TC1" time="0.01"/>
  <testcase classname="testNG.aa1" name="TC1" time="0.002"/>
  <testcase classname="testNG.aa1" name="TC1" time="0.002"/>
  <testcase classname="testNG.aa1" name="TC1" time="0.001"/>
  <testcase classname="testNG.aa1" name="TC1" time="0.001"/>
  <testcase classname="testNG.aa1" name="TC1" time="0.006"/>
  <testcase classname="testNG.aa1" name="TC1" time="0.001"/>
  <testcase classname="testNG.aa1" name="TC1" time="0.002"/>
  <testcase classname="testNG.aa1" name="TC1" time="0.001"/>
  <testcase classname="testNG.aa1" name="TC1" time="0.0"/>
  <testcase classname="testNG.aa1" name="TC1" time="0.001"/>
  <testcase classname="testNG.aa1" name="TC1" time="0.0"/>
  <testcase classname="testNG.aa1" name="TC1" time="0.0"/>
  <testcase classname="testNG.aa1" name="TC1" time="0.001"/>
  <testcase classname="testNG.aa1" name="TC1" time="0.003"/>
  <testcase classname="testNG.aa1" name="TC1" time="0.002"/>
  <testcase classname="testNG.aa1" name="TC1" time="0.002"/>
  <testcase classname="testNG.aa1" name="TC1" time="0.001"/>
  <testcase classname="testNG.aa1" name="TC1" time="0.001"/>
  <testcase classname="testNG.aa1" name="TC1" time="0.001"/>
  <testcase classname="testNG.aa1" name="TC1" time="0.001"/>
  <testcase classname="testNG.aa1" name="TC1" time="0.001"/>
  <testcase classname="testNG.aa1" name="TC1" time="0.004"/>
  <testcase classname="testNG.aa1" name="TC1" time="0.001"/>
  <testcase classname="testNG.aa1" name="TC1" time="0.001"/>
  <testcase classname="testNG.aa1" name="TC1" time="0.001"/>
  <testcase classname="testNG.aa1" name="TC1" time="0.001"/>
  <testcase classname="testNG.aa1" name="TC1" time="0.0"/>
  <testcase classname="testNG.aa1" name="TC1" time="0.0"/>
  <testcase classname="testNG.aa1" name="TC1" time="0.001"/>
  <testcase classname="testNG.aa1" name="TC1" time="0.004"/>
  <testcase classname="testNG.aa1" name="TC1" time="0.0"/>
  <testcase classname="testNG.aa1" name="TC1" time="0.0"/>
  <testcase classname="testNG.aa1" name="TC1" time="0.0"/>
  <testcase classname="testNG.aa1" name="TC1" time="0.0"/>
  <testcase classname="testNG.aa1" name="TC1" time="0.0"/>
  <testcase classname="testNG.aa1" name="TC1" time="0.0"/>
  <testcase classname="testNG.aa1" name="TC1" time="0.0"/>
  <testcase classname="testNG.aa1" name="TC1" time="0.0"/>
  <testcase classname="testNG.aa1" name="TC1" time="0.0"/>
  <testcase classname="testNG.aa1" name="TC1" time="0.001"/>
  <testcase classname="testNG.aa1" name="TC1" time="0.0"/>
  <testcase classname="testNG.aa1" name="TC1" time="0.001"/>
  <testcase classname="testNG.aa1" name="TC1" time="0.001"/>
  <testcase classname="testNG.aa1" name="TC1" time="0.001"/>
  <testcase classname="testNG.aa1" name="TC1" time="0.001"/>
  <testcase classname="testNG.aa1" name="TC1" time="0.001"/>
  <testcase classname="testNG.aa1" name="TC1" time="0.001"/>
  <testcase classname="testNG.aa1" name="TC1" time="0.0"/>
  <testcase classname="testNG.aa1" name="TC1" time="0.0"/>
  <testcase classname="testNG.aa1" name="TC1" time="0.0"/>
  <testcase classname="testNG.aa1" name="TC1" time="0.001"/>
  <testcase classname="testNG.aa1" name="TC1" time="0.001"/>
  <testcase classname="testNG.aa1" name="TC1" time="0.001"/>
  <testcase classname="testNG.aa1" name="TC1" time="0.001"/>
  <testcase classname="testNG.aa1" name="TC1" time="0.001"/>
  <testcase classname="testNG.aa1" name="TC1" time="0.001"/>
  <testcase classname="testNG.aa1" name="TC1" time="0.001"/>
  <testcase classname="testNG.aa1" name="TC1" time="0.0"/>
  <testcase classname="testNG.aa1" name="TC1" time="0.001"/>
  <testcase classname="testNG.aa1" name="TC1" time="0.0"/>
  <testcase classname="testNG.aa1" name="TC1" time="0.0"/>
  <testcase classname="testNG.aa1" name="TC1" time="0.001"/>
  <testcase classname="testNG.aa1" name="TC1" time="0.001"/>
  <testcase classname="testNG.aa1" name="TC1" time="0.001"/>
  <testcase classname="testNG.aa1" name="TC1" time="0.001"/>
  <testcase classname="testNG.aa1" name="TC1" time="0.001"/>
  <testcase classname="testNG.aa1" name="TC1" time="0.001"/>
  <testcase classname="testNG.aa1" name="TC1" time="0.0"/>
  <testcase classname="testNG.aa1" name="TC1" time="0.001"/>
  <testcase classname="testNG.aa1" name="TC1" time="0.001"/>
  <testcase classname="testNG.aa1" name="TC1" time="0.001"/>
  <testcase classname="testNG.aa1" name="TC1" time="0.0"/>
  <testcase classname="testNG.aa1" name="TC1" time="0.001"/>
  <testcase classname="testNG.aa1" name="TC1" time="0.0"/>
  <testcase classname="testNG.aa1" name="TC1" time="0.0"/>
  <testcase classname="testNG.aa1" name="TC1" time="0.001"/>
  <testcase classname="testNG.aa1" name="TC1" time="0.001"/>
  <testcase classname="testNG.aa1" name="TC1" time="0.0"/>
  <testcase classname="testNG.aa1" name="TC1" time="0.001"/>
  <testcase classname="testNG.aa1" name="TC1" time="0.0"/>
  <testcase classname="testNG.aa1" name="TC1" time="0.001"/>
  <testcase classname="testNG.aa1" name="TC1" time="0.0"/>
  <testcase classname="testNG.aa1" name="TC1" time="0.0"/>
  <testcase classname="testNG.aa1" name="TC1" time="0.001"/>
  <testcase classname="testNG.aa1" name="TC1" time="0.001"/>
  <testcase classname="testNG.aa1" name="TC1" time="0.001"/>
  <testcase classname="testNG.aa1" name="TC1" time="0.001"/>
  <testcase classname="testNG.aa1" name="TC1" time="0.001"/>
  <testcase classname="testNG.aa1" name="TC1" time="0.001"/>
  <testcase classname="testNG.aa1" name="TC1" time="0.003"/>
  <testcase classname="testNG.aa1" name="TC1" time="0.001"/>
  <testcase classname="testNG.aa1" name="TC1" time="0.0"/>
  <testcase classname="testNG.aa1" name="TC1" time="0.001"/>
  <testcase classname="testNG.aa1" name="TC1" time="0.0"/>
  <testcase classname="testNG.aa1" name="TC1" time="0.001"/>
  <testcase classname="testNG.aa1" name="TC1" time="0.001"/>
  <testcase classname="testNG.aa1" name="TC1" time="0.069"/>
  <testcase classname="testNG.aa1" name="TC1" time="0.001"/>
  <testcase classname="testNG.aa1" name="TC1" time="0.001"/>
  <testcase classname="testNG.aa1" name="TC1" time="0.002"/>
  <testcase classname="testNG.aa1" name="TC1" time="0.0"/>
  <testcase classname="testNG.aa1" name="TC1" time="0.003"/>
  <testcase classname="testNG.aa1" name="TC1" time="0.001"/>
  <testcase classname="testNG.aa1" name="TC1" time="0.004"/>
  <testcase classname="testNG.aa1" name="TC1" time="0.001"/>
  <testcase classname="testNG.aa1" name="TC1" time="0.001"/>
  <testcase classname="testNG.aa1" name="TC1" time="0.001"/>
  <testcase classname="testNG.aa1" name="TC1" time="0.001"/>
  <testcase classname="testNG.aa1" name="TC1" time="0.001"/>
  <testcase classname="testNG.aa1" name="TC1" time="0.001"/>
  <testcase classname="testNG.aa1" name="TC1" time="0.001"/>
  <testcase classname="testNG.aa1" name="TC1" time="0.0"/>
  <testcase classname="testNG.aa1" name="TC1" time="0.001"/>
  <testcase classname="testNG.aa1" name="TC1" time="0.001"/>
  <testcase classname="testNG.aa1" name="TC1" time="0.004"/>
  <testcase classname="testNG.aa1" name="TC1" time="0.006"/>
  <testcase classname="testNG.aa1" name="TC1" time="0.0"/>
  <testcase classname="testNG.aa1" name="TC1" time="0.002"/>
  <testcase classname="testNG.aa1" name="TC1" time="0.001"/>
  <testcase classname="testNG.aa1" name="TC1" time="0.001"/>
  <testcase classname="testNG.aa1" name="TC1" time="0.001"/>
  <testcase classname="testNG.aa1" name="TC1" time="0.001"/>
  <testcase classname="testNG.aa1" name="TC1" time="0.001"/>
  <testcase classname="testNG.aa1" name="TC1" time="0.001"/>
  <testcase classname="testNG.aa1" name="TC1" time="0.001"/>
  <testcase classname="testNG.aa1" name="TC1" time="0.001"/>
  <testcase classname="testNG.aa1" name="TC1" time="0.077"/>
  <testcase classname="testNG.aa1" name="TC1" time="0.027"/>
  <testcase classname="testNG.aa1" name="TC1" time="0.001"/>
  <testcase classname="testNG.aa1" name="TC1" time="0.0"/>
  <testcase classname="testNG.aa1" name="TC1" time="0.0"/>
  <testcase classname="testNG.aa1" name="TC1" time="0.001"/>
  <testcase classname="testNG.aa1" name="TC1" time="0.001"/>
  <testcase classname="testNG.aa1" name="TC1" time="0.002"/>
  <testcase classname="testNG.aa1" name="TC1" time="0.001"/>
  <testcase classname="testNG.aa1" name="TC1" time="0.001"/>
  <testcase classname="testNG.aa1" name="TC1" time="0.0"/>
  <testcase classname="testNG.aa1" name="TC1" time="0.001"/>
  <testcase classname="testNG.aa1" name="TC1" time="0.001"/>
  <testcase classname="testNG.aa1" name="TC1" time="0.001"/>
  <testcase classname="testNG.aa1" name="TC1" time="0.001"/>
  <testcase classname="testNG.aa1" name="TC1" time="0.0"/>
  <testcase classname="testNG.aa1" name="TC1" time="0.001"/>
  <testcase classname="testNG.aa1" name="TC1" time="0.001"/>
  <testcase classname="testNG.aa1" name="TC1" time="0.001"/>
  <testcase classname="testNG.aa1" name="TC1" time="0.0"/>
  <testcase classname="testNG.aa1" name="TC1" time="0.0"/>
  <testcase classname="testNG.aa1" name="TC1" time="0.0"/>
  <testcase classname="testNG.aa1" name="TC1" time="0.0"/>
  <testcase classname="testNG.aa1" name="TC1" time="0.001"/>
  <testcase classname="testNG.aa1" name="TC1" time="0.0"/>
  <testcase classname="testNG.aa1" name="TC1" time="0.0"/>
  <testcase classname="testNG.aa1" name="TC1" time="0.0"/>
  <testcase classname="testNG.aa1" name="TC1" time="0.001"/>
  <testcase classname="testNG.aa1" name="TC1" time="0.0"/>
  <testcase classname="testNG.aa1" name="TC1" time="0.001"/>
  <testcase classname="testNG.aa1" name="TC1" time="0.0"/>
  <testcase classname="testNG.aa1" name="TC1" time="0.001"/>
  <testcase classname="testNG.aa1" name="TC1" time="0.0"/>
  <testcase classname="testNG.aa1" name="TC1" time="0.001"/>
  <testcase classname="testNG.aa1" name="TC1" time="0.001"/>
  <testcase classname="testNG.aa1" name="TC1" time="0.001"/>
  <testcase classname="testNG.aa1" name="TC1" time="0.003"/>
  <testcase classname="testNG.aa1" name="TC1" time="0.0"/>
  <testcase classname="testNG.aa1" name="TC1" time="0.001"/>
  <testcase classname="testNG.aa1" name="TC1" time="0.001"/>
  <testcase classname="testNG.aa1" name="TC1" time="0.001"/>
  <testcase classname="testNG.aa1" name="TC1" time="0.0"/>
  <testcase classname="testNG.aa1" name="TC1" time="0.0"/>
  <testcase classname="testNG.aa1" name="TC1" time="0.0"/>
  <testcase classname="testNG.aa1" name="TC1" time="0.0"/>
  <testcase classname="testNG.aa1" name="TC1" time="0.001"/>
  <testcase classname="testNG.aa1" name="TC1" time="0.001"/>
  <testcase classname="testNG.aa1" name="TC1" time="0.001"/>
  <testcase classname="testNG.aa1" name="TC1" time="0.001"/>
  <testcase classname="testNG.aa1" name="TC1" time="0.001"/>
  <testcase classname="testNG.aa1" name="TC1" time="0.001"/>
  <testcase classname="testNG.aa1" name="TC1" time="0.012"/>
  <testcase classname="testNG.aa1" name="TC1" time="0.0"/>
  <testcase classname="testNG.aa1" name="TC1" time="0.0"/>
  <testcase classname="testNG.aa1" name="TC1" time="0.001"/>
  <testcase classname="testNG.aa1" name="TC1" time="0.0"/>
  <testcase classname="testNG.aa1" name="TC1" time="0.0"/>
  <testcase classname="testNG.aa1" name="TC1" time="0.0"/>
  <testcase classname="testNG.aa1" name="TC1" time="0.001"/>
  <testcase classname="testNG.aa1" name="TC1" time="0.001"/>
  <testcase classname="testNG.aa1" name="TC1" time="0.0"/>
  <testcase classname="testNG.aa1" name="TC1" time="0.0"/>
  <testcase classname="testNG.aa1" name="TC1" time="0.001"/>
  <testcase classname="testNG.aa1" name="TC1" time="0.001"/>
  <testcase classname="testNG.aa1" name="TC1" time="0.002"/>
  <testcase classname="testNG.aa1" name="TC1" time="0.001"/>
  <testcase classname="testNG.aa1" name="TC1" time="0.001"/>
  <testcase classname="testNG.aa1" name="TC1" time="0.001"/>
  <testcase classname="testNG.aa1" name="TC1" time="0.0"/>
  <testcase classname="testNG.aa1" name="TC1" time="0.0"/>
  <testcase classname="testNG.aa1" name="TC1" time="0.001"/>
  <testcase classname="testNG.aa1" name="TC1" time="0.001"/>
  <testcase classname="testNG.aa1" name="TC1" time="0.001"/>
  <testcase classname="testNG.aa1" name="TC1" time="0.001"/>
  <testcase classname="testNG.aa1" name="TC1" time="0.002"/>
  <testcase classname="testNG.aa1" name="TC1" time="0.0"/>
  <testcase classname="testNG.aa1" name="TC1" time="0.001"/>
  <testcase classname="testNG.aa1" name="TC1" time="0.001"/>
  <testcase classname="testNG.aa1" name="TC1" time="0.0"/>
  <testcase classname="testNG.aa1" name="TC1" time="0.0"/>
  <testcase classname="testNG.aa1" name="TC1" time="0.0"/>
  <testcase classname="testNG.aa1" name="TC1" time="0.001"/>
  <testcase classname="testNG.aa1" name="TC1" time="0.005"/>
  <testcase classname="testNG.aa1" name="TC1" time="0.003"/>
  <testcase classname="testNG.aa1" name="TC1" time="0.0"/>
  <testcase classname="testNG.aa1" name="TC1" time="0.002"/>
  <testcase classname="testNG.aa1" name="TC1" time="0.001"/>
  <testcase classname="testNG.aa1" name="TC1" time="0.001"/>
  <testcase classname="testNG.aa1" name="TC1" time="0.004"/>
  <testcase classname="testNG.aa1" name="TC1" time="0.001"/>
  <testcase classname="testNG.aa1" name="TC1" time="0.004"/>
  <testcase classname="testNG.aa1" name="TC1" time="0.0"/>
  <testcase classname="testNG.aa1" name="TC1" time="0.0"/>
  <testcase classname="testNG.aa1" name="TC1" time="0.0"/>
  <testcase classname="testNG.aa1" name="TC1" time="0.0"/>
  <testcase classname="testNG.aa1" name="TC1" time="0.0"/>
  <testcase classname="testNG.aa1" name="TC1" time="0.0"/>
  <testcase classname="testNG.aa1" name="TC1" time="0.001"/>
  <testcase classname="testNG.aa1" name="TC1" time="0.001"/>
  <testcase classname="testNG.aa1" name="TC1" time="0.001"/>
  <testcase classname="testNG.aa1" name="TC1" time="0.028"/>
  <testcase classname="testNG.aa1" name="TC1" time="0.001"/>
  <testcase classname="testNG.aa1" name="TC1" time="0.007"/>
  <testcase classname="testNG.aa1" name="TC1" time="0.001"/>
  <testcase classname="testNG.aa1" name="TC1" time="0.002"/>
  <testcase classname="testNG.aa1" name="TC1" time="0.0"/>
  <testcase classname="testNG.aa1" name="TC1" time="0.001"/>
  <testcase classname="testNG.aa1" name="TC1" time="0.001"/>
  <testcase classname="testNG.aa1" name="TC1" time="0.001"/>
  <testcase classname="testNG.aa1" name="TC1" time="0.001"/>
  <testcase classname="testNG.aa1" name="TC1" time="0.001"/>
  <testcase classname="testNG.aa1" name="TC1" time="0.0"/>
  <testcase classname="testNG.aa1" name="TC1" time="0.0"/>
  <testcase classname="testNG.aa1" name="TC1" time="0.001"/>
  <testcase classname="testNG.aa1" name="TC1" time="0.001"/>
  <testcase classname="testNG.aa1" name="TC1" time="0.0"/>
  <testcase classname="testNG.aa1" name="TC1" time="0.0"/>
  <testcase classname="testNG.aa1" name="TC1" time="0.0"/>
  <testcase classname="testNG.aa1" name="TC1" time="0.0"/>
  <testcase classname="testNG.aa1" name="TC1" time="0.0"/>
  <testcase classname="testNG.aa1" name="TC1" time="0.0"/>
  <testcase classname="testNG.aa1" name="TC1" time="0.0"/>
  <testcase classname="testNG.aa1" name="TC1" time="0.001"/>
  <testcase classname="testNG.aa1" name="TC1" time="0.0"/>
  <testcase classname="testNG.aa1" name="TC1" time="0.0"/>
  <testcase classname="testNG.aa1" name="TC1" time="0.0"/>
  <testcase classname="testNG.aa1" name="TC1" time="0.0"/>
  <testcase classname="testNG.aa1" name="TC1" time="0.001"/>
  <testcase classname="testNG.aa1" name="TC1" time="0.001"/>
  <testcase classname="testNG.aa1" name="TC1" time="0.001"/>
  <testcase classname="testNG.aa1" name="TC1" time="0.0"/>
  <testcase classname="testNG.aa1" name="TC1" time="0.001"/>
  <testcase classname="testNG.aa1" name="TC1" time="0.0"/>
  <testcase classname="testNG.aa1" name="TC1" time="0.001"/>
  <testcase classname="testNG.aa1" name="TC1" time="0.01"/>
  <testcase classname="testNG.aa1" name="TC1" time="0.002"/>
  <testcase classname="testNG.aa1" name="TC1" time="0.003"/>
  <testcase classname="testNG.aa1" name="TC1" time="0.001"/>
  <testcase classname="testNG.aa1" name="TC1" time="0.0"/>
  <testcase classname="testNG.aa1" name="TC1" time="0.001"/>
  <testcase classname="testNG.aa1" name="TC1" time="0.001"/>
  <testcase classname="testNG.aa1" name="TC1" time="0.001"/>
  <testcase classname="testNG.aa1" name="TC1" time="0.0"/>
  <testcase classname="testNG.aa1" name="TC1" time="0.0"/>
  <testcase classname="testNG.aa1" name="TC1" time="0.0"/>
  <testcase classname="testNG.aa1" name="TC1" time="0.0"/>
  <testcase classname="testNG.aa1" name="TC1" time="0.0"/>
  <testcase classname="testNG.aa1" name="TC1" time="0.0"/>
  <testcase classname="testNG.aa1" name="TC1" time="0.001"/>
  <testcase classname="testNG.aa1" name="TC1" time="0.001"/>
  <testcase classname="testNG.aa1" name="TC1" time="0.002"/>
  <testcase classname="testNG.aa1" name="TC1" time="0.001"/>
  <testcase classname="testNG.aa1" name="TC1" time="0.0"/>
  <testcase classname="testNG.aa1" name="TC1" time="0.0"/>
  <testcase classname="testNG.aa1" name="TC1" time="0.0"/>
  <testcase classname="testNG.aa1" name="TC1" time="0.0"/>
  <testcase classname="testNG.aa1" name="TC1" time="0.0"/>
  <testcase classname="testNG.aa1" name="TC1" time="0.0"/>
  <testcase classname="testNG.aa1" name="TC1" time="0.0"/>
  <testcase classname="testNG.aa1" name="TC1" time="0.001"/>
  <testcase classname="testNG.aa1" name="TC1" time="0.0"/>
  <testcase classname="testNG.aa1" name="TC1" time="0.001"/>
  <testcase classname="testNG.aa1" name="TC1" time="0.0"/>
  <testcase classname="testNG.aa1" name="TC1" time="0.0"/>
  <testcase classname="testNG.aa1" name="TC1" time="0.001"/>
  <testcase classname="testNG.aa1" name="TC1" time="0.0"/>
  <testcase classname="testNG.aa1" name="TC1" time="0.0"/>
  <testcase classname="testNG.aa1" name="TC1" time="0.0"/>
  <testcase classname="testNG.aa1" name="TC1" time="0.001"/>
  <testcase classname="testNG.aa1" name="TC1" time="0.001"/>
  <testcase classname="testNG.aa1" name="TC1" time="0.0"/>
  <testcase classname="testNG.aa1" name="TC1" time="0.0"/>
  <testcase classname="testNG.aa1" name="TC1" time="0.0"/>
  <testcase classname="testNG.aa1" name="TC1" time="0.001"/>
  <testcase classname="testNG.aa1" name="TC1" time="0.001"/>
  <testcase classname="testNG.aa1" name="TC1" time="0.001"/>
  <testcase classname="testNG.aa1" name="TC1" time="0.0"/>
  <testcase classname="testNG.aa1" name="TC1" time="0.0"/>
  <testcase classname="testNG.aa1" name="TC1" time="0.001"/>
  <testcase classname="testNG.aa1" name="TC1" time="0.0"/>
  <testcase classname="testNG.aa1" name="TC1" time="0.001"/>
  <testcase classname="testNG.aa1" name="TC1" time="0.0"/>
  <testcase classname="testNG.aa1" name="TC1" time="0.0"/>
  <testcase classname="testNG.aa1" name="TC1" time="0.0"/>
  <testcase classname="testNG.aa1" name="TC1" time="0.0"/>
  <testcase classname="testNG.aa1" name="TC1" time="0.0"/>
  <testcase classname="testNG.aa1" name="TC1" time="0.0"/>
  <testcase classname="testNG.aa1" name="TC1" time="0.0"/>
  <testcase classname="testNG.aa1" name="TC1" time="0.001"/>
  <testcase classname="testNG.aa1" name="TC1" time="0.0"/>
  <testcase classname="testNG.aa1" name="TC1" time="0.0"/>
  <testcase classname="testNG.aa1" name="TC1" time="0.0"/>
  <testcase classname="testNG.aa1" name="TC1" time="0.0"/>
  <testcase classname="testNG.aa1" name="TC1" time="0.0"/>
  <testcase classname="testNG.aa1" name="TC1" time="0.001"/>
  <testcase classname="testNG.aa1" name="TC1" time="0.001"/>
  <testcase classname="testNG.aa1" name="TC1" time="0.001"/>
  <testcase classname="testNG.aa1" name="TC1" time="0.001"/>
  <testcase classname="testNG.aa1" name="TC1" time="0.001"/>
  <testcase classname="testNG.aa1" name="TC1" time="0.0"/>
  <testcase classname="testNG.aa1" name="TC1" time="0.001"/>
  <testcase classname="testNG.aa1" name="TC1" time="0.001"/>
  <testcase classname="testNG.aa1" name="TC1" time="0.001"/>
  <testcase classname="testNG.aa1" name="TC1" time="0.001"/>
  <testcase classname="testNG.aa1" name="TC1" time="0.0"/>
  <testcase classname="testNG.aa1" name="TC1" time="0.001"/>
  <testcase classname="testNG.aa1" name="TC1" time="0.0"/>
  <testcase classname="testNG.aa1" name="TC1" time="0.0"/>
  <testcase classname="testNG.aa1" name="TC1" time="0.0"/>
  <testcase classname="testNG.aa1" name="TC1" time="0.001"/>
  <testcase classname="testNG.aa1" name="TC1" time="0.0"/>
  <testcase classname="testNG.aa1" name="TC1" time="0.0"/>
  <testcase classname="testNG.aa1" name="TC1" time="0.001"/>
  <testcase classname="testNG.aa1" name="TC1" time="0.0"/>
  <testcase classname="testNG.aa1" name="TC1" time="0.0"/>
  <testcase classname="testNG.aa1" name="TC1" time="0.0"/>
  <testcase classname="testNG.aa1" name="TC1" time="0.001"/>
  <testcase classname="testNG.aa1" name="TC1" time="0.0"/>
  <testcase classname="testNG.aa1" name="TC1" time="0.0"/>
  <testcase classname="testNG.aa1" name="TC1" time="0.0"/>
  <testcase classname="testNG.aa1" name="TC1" time="0.0"/>
  <testcase classname="testNG.aa1" name="TC1" time="0.0"/>
  <testcase classname="testNG.aa1" name="TC1" time="0.001"/>
  <testcase classname="testNG.aa1" name="TC1" time="0.0"/>
  <testcase classname="testNG.aa1" name="TC1" time="0.0"/>
  <testcase classname="testNG.aa1" name="TC1" time="0.0"/>
  <testcase classname="testNG.aa1" name="TC1" time="0.0"/>
  <testcase classname="testNG.aa1" name="TC1" time="0.0"/>
  <testcase classname="testNG.aa1" name="TC1" time="0.0"/>
  <testcase classname="testNG.aa1" name="TC1" time="0.001"/>
  <testcase classname="testNG.aa1" name="TC1" time="0.001"/>
  <testcase classname="testNG.aa1" name="TC1" time="0.0"/>
  <testcase classname="testNG.aa1" name="TC1" time="0.0"/>
  <testcase classname="testNG.aa1" name="TC1" time="0.001"/>
  <testcase classname="testNG.aa1" name="TC1" time="0.0"/>
  <testcase classname="testNG.aa1" name="TC1" time="0.0"/>
  <testcase classname="testNG.aa1" name="TC1" time="0.0"/>
  <testcase classname="testNG.aa1" name="TC1" time="0.0"/>
  <testcase classname="testNG.aa1" name="TC1" time="0.0"/>
  <testcase classname="testNG.aa1" name="TC1" time="0.001"/>
  <testcase classname="testNG.aa1" name="TC1" time="0.001"/>
  <testcase classname="testNG.aa1" name="TC1" time="0.001"/>
  <testcase classname="testNG.aa1" name="TC1" time="0.0"/>
  <testcase classname="testNG.aa1" name="TC1" time="0.0"/>
  <testcase classname="testNG.aa1" name="TC1" time="0.001"/>
  <testcase classname="testNG.aa1" name="TC1" time="0.0"/>
  <testcase classname="testNG.aa1" name="TC1" time="0.0"/>
  <testcase classname="testNG.aa1" name="TC1" time="0.001"/>
  <testcase classname="testNG.aa1" name="TC1" time="0.001"/>
  <testcase classname="testNG.aa1" name="TC1" time="0.001"/>
  <testcase classname="testNG.aa1" name="TC1" time="0.0"/>
  <testcase classname="testNG.aa1" name="TC1" time="0.001"/>
  <testcase classname="testNG.aa1" name="TC1" time="0.0"/>
  <testcase classname="testNG.aa1" name="TC1" time="0.0"/>
  <testcase classname="testNG.aa1" name="TC1" time="0.0"/>
  <testcase classname="testNG.aa1" name="TC1" time="0.0"/>
  <testcase classname="testNG.aa1" name="TC1" time="0.0"/>
  <testcase classname="testNG.aa1" name="TC1" time="0.001"/>
  <testcase classname="testNG.aa1" name="TC1" time="0.0"/>
  <testcase classname="testNG.aa1" name="TC1" time="0.001"/>
  <testcase classname="testNG.aa1" name="TC1" time="0.0"/>
  <testcase classname="testNG.aa1" name="TC1" time="0.001"/>
  <testcase classname="testNG.aa1" name="TC1" time="0.001"/>
  <testcase classname="testNG.aa1" name="TC1" time="0.0"/>
  <testcase classname="testNG.aa1" name="TC1" time="0.001"/>
  <testcase classname="testNG.aa1" name="TC1" time="0.001"/>
  <testcase classname="testNG.aa1" name="TC1" time="0.001"/>
  <testcase classname="testNG.aa1" name="TC1" time="0.001"/>
  <testcase classname="testNG.aa1" name="TC1" time="0.001"/>
  <testcase classname="testNG.aa1" name="TC1" time="0.0"/>
  <testcase classname="testNG.aa1" name="TC1" time="0.0"/>
  <testcase classname="testNG.aa1" name="TC1" time="0.001"/>
  <testcase classname="testNG.aa1" name="TC1" time="0.001"/>
  <testcase classname="testNG.aa1" name="TC1" time="0.001"/>
  <testcase classname="testNG.aa1" name="TC1" time="0.0"/>
  <testcase classname="testNG.aa1" name="TC1" time="0.0"/>
  <testcase classname="testNG.aa1" name="TC1" time="0.001"/>
  <testcase classname="testNG.aa1" name="TC1" time="0.0"/>
  <testcase classname="testNG.aa1" name="TC1" time="0.001"/>
  <testcase classname="testNG.aa1" name="TC1" time="0.001"/>
  <testcase classname="testNG.aa1" name="TC1" time="0.0"/>
  <testcase classname="testNG.aa1" name="TC1" time="0.0"/>
  <testcase classname="testNG.aa1" name="TC1" time="0.0"/>
  <testcase classname="testNG.aa1" name="TC1" time="0.0"/>
  <testcase classname="testNG.aa1" name="TC1" time="0.0"/>
  <testcase classname="testNG.aa1" name="TC1" time="0.0"/>
  <testcase classname="testNG.aa1" name="TC1" time="0.001"/>
  <testcase classname="testNG.aa1" name="TC1" time="0.001"/>
  <testcase classname="testNG.aa1" name="TC1" time="0.0"/>
  <testcase classname="testNG.aa1" name="TC1" time="0.0"/>
  <testcase classname="testNG.aa1" name="TC1" time="0.0"/>
  <testcase classname="testNG.aa1" name="TC1" time="0.001"/>
  <testcase classname="testNG.aa1" name="TC1" time="0.0"/>
  <testcase classname="testNG.aa1" name="TC1" time="0.001"/>
  <testcase classname="testNG.aa1" name="TC1" time="0.0"/>
  <testcase classname="testNG.aa1" name="TC1" time="0.0"/>
  <testcase classname="testNG.aa1" name="TC1" time="0.001"/>
  <testcase classname="testNG.aa1" name="TC1" time="0.0"/>
  <testcase classname="testNG.aa1" name="TC1" time="0.0"/>
  <testcase classname="testNG.aa1" name="TC1" time="0.0"/>
  <testcase classname="testNG.aa1" name="TC1" time="0.0"/>
  <testcase classname="testNG.aa1" name="TC1" time="0.001"/>
  <testcase classname="testNG.aa1" name="TC1" time="0.0"/>
  <testcase classname="testNG.aa1" name="TC1" time="0.0"/>
  <testcase classname="testNG.aa1" name="TC1" time="0.0"/>
  <testcase classname="testNG.aa1" name="TC1" time="0.0"/>
  <testcase classname="testNG.aa1" name="TC1" time="0.0"/>
  <testcase classname="testNG.aa1" name="TC1" time="0.0"/>
  <testcase classname="testNG.aa1" name="TC1" time="0.001"/>
  <testcase classname="testNG.aa1" name="TC1" time="0.001"/>
  <testcase classname="testNG.aa1" name="TC1" time="0.0"/>
  <testcase classname="testNG.aa1" name="TC1" time="0.001"/>
  <testcase classname="testNG.aa1" name="TC1" time="0.0"/>
  <testcase classname="testNG.aa1" name="TC1" time="0.001"/>
  <testcase classname="testNG.aa1" name="TC1" time="0.001"/>
  <testcase classname="testNG.aa1" name="TC1" time="0.001"/>
  <testcase classname="testNG.aa1" name="TC1" time="0.001"/>
  <testcase classname="testNG.aa1" name="TC1" time="0.001"/>
  <testcase classname="testNG.aa1" name="TC1" time="0.0"/>
  <testcase classname="testNG.aa1" name="TC1" time="0.0"/>
  <testcase classname="testNG.aa1" name="TC1" time="0.001"/>
  <testcase classname="testNG.aa1" name="TC1" time="0.001"/>
  <testcase classname="testNG.aa1" name="TC1" time="0.001"/>
  <testcase classname="testNG.aa1" name="TC1" time="0.001"/>
  <testcase classname="testNG.aa1" name="TC1" time="0.001"/>
  <testcase classname="testNG.aa1" name="TC1" time="0.001"/>
  <testcase classname="testNG.aa1" name="TC1" time="0.001"/>
  <testcase classname="testNG.aa1" name="TC1" time="0.0"/>
  <testcase classname="testNG.aa1" name="TC1" time="0.0"/>
  <testcase classname="testNG.aa1" name="TC1" time="0.0"/>
  <testcase classname="testNG.aa1" name="TC1" time="0.0"/>
  <testcase classname="testNG.aa1" name="TC1" time="0.001"/>
  <testcase classname="testNG.aa1" name="TC1" time="0.0"/>
  <testcase classname="testNG.aa1" name="TC1" time="0.0"/>
  <testcase classname="testNG.aa1" name="TC1" time="0.0"/>
  <testcase classname="testNG.aa1" name="TC1" time="0.0"/>
  <testcase classname="testNG.aa1" name="TC1" time="0.0"/>
  <testcase classname="testNG.aa1" name="TC1" time="0.001"/>
  <testcase classname="testNG.aa1" name="TC1" time="0.0"/>
  <testcase classname="testNG.aa1" name="TC1" time="0.0"/>
  <testcase classname="testNG.aa1" name="TC1" time="0.0"/>
  <testcase classname="testNG.aa1" name="TC1" time="0.0"/>
  <testcase classname="testNG.aa1" name="TC1" time="0.0"/>
  <testcase classname="testNG.aa1" name="TC1" time="0.0"/>
  <testcase classname="testNG.aa1" name="TC1" time="0.0"/>
  <testcase classname="testNG.aa1" name="TC1" time="0.0"/>
  <testcase classname="testNG.aa1" name="TC1" time="0.0"/>
  <testcase classname="testNG.aa1" name="TC1" time="0.0"/>
  <testcase classname="testNG.aa1" name="TC1" time="0.0"/>
  <testcase classname="testNG.aa1" name="TC1" time="0.001"/>
  <testcase classname="testNG.aa1" name="TC1" time="0.001"/>
  <testcase classname="testNG.aa1" name="TC1" time="0.0"/>
  <testcase classname="testNG.aa1" name="TC1" time="0.0"/>
  <testcase classname="testNG.aa1" name="TC1" time="0.0"/>
  <testcase classname="testNG.aa1" name="TC1" time="0.001"/>
  <testcase classname="testNG.aa1" name="TC1" time="0.001"/>
  <testcase classname="testNG.aa1" name="TC1" time="0.0"/>
  <testcase classname="testNG.aa1" name="TC1" time="0.0"/>
  <testcase classname="testNG.aa1" name="TC1" time="0.001"/>
  <testcase classname="testNG.aa1" name="TC1" time="0.001"/>
  <testcase classname="testNG.aa1" name="TC1" time="0.001"/>
  <testcase classname="testNG.aa1" name="TC1" time="0.0"/>
  <testcase classname="testNG.aa1" name="TC1" time="0.001"/>
  <testcase classname="testNG.aa1" name="TC1" time="0.0"/>
  <testcase classname="testNG.aa1" name="TC1" time="0.0"/>
  <testcase classname="testNG.aa1" name="TC1" time="0.001"/>
  <testcase classname="testNG.aa1" name="TC1" time="0.0"/>
  <testcase classname="testNG.aa1" name="TC1" time="0.0"/>
  <testcase classname="testNG.aa1" name="TC1" time="0.001"/>
  <testcase classname="testNG.aa1" name="TC1" time="0.0"/>
  <testcase classname="testNG.aa1" name="TC1" time="0.0"/>
  <testcase classname="testNG.aa1" name="TC1" time="0.002"/>
  <testcase classname="testNG.aa1" name="TC1" time="0.001"/>
  <testcase classname="testNG.aa1" name="TC1" time="0.0"/>
  <testcase classname="testNG.aa1" name="TC1" time="0.0"/>
  <testcase classname="testNG.aa1" name="TC1" time="0.0"/>
  <testcase classname="testNG.aa1" name="TC1" time="0.0"/>
  <testcase classname="testNG.aa1" name="TC1" time="0.0"/>
  <testcase classname="testNG.aa1" name="TC1" time="0.0"/>
  <testcase classname="testNG.aa1" name="TC1" time="0.001"/>
  <testcase classname="testNG.aa1" name="TC1" time="0.001"/>
  <testcase classname="testNG.aa1" name="TC1" time="0.0"/>
  <testcase classname="testNG.aa1" name="TC1" time="0.0"/>
  <testcase classname="testNG.aa1" name="TC1" time="0.0"/>
  <testcase classname="testNG.aa1" name="TC1" time="0.001"/>
  <testcase classname="testNG.aa1" name="TC1" time="0.001"/>
  <testcase classname="testNG.aa1" name="TC1" time="0.0"/>
  <testcase classname="testNG.aa1" name="TC1" time="0.001"/>
  <testcase classname="testNG.aa1" name="TC1" time="0.0"/>
  <testcase classname="testNG.aa1" name="TC1" time="0.001"/>
  <testcase classname="testNG.aa1" name="TC1" time="0.001"/>
  <testcase classname="testNG.aa1" name="TC1" time="0.002"/>
  <testcase classname="testNG.aa1" name="TC1" time="0.007"/>
  <testcase classname="testNG.aa1" name="TC1" time="0.001"/>
  <testcase classname="testNG.aa1" name="TC1" time="0.0"/>
  <testcase classname="testNG.aa1" name="TC1" time="0.001"/>
  <testcase classname="testNG.aa1" name="TC1" time="0.001"/>
  <testcase classname="testNG.aa1" name="TC1" time="0.001"/>
  <testcase classname="testNG.aa1" name="TC1" time="0.001"/>
  <testcase classname="testNG.aa1" name="TC1" time="0.001"/>
  <testcase classname="testNG.aa1" name="TC1" time="0.0"/>
  <testcase classname="testNG.aa1" name="TC1" time="0.0"/>
  <testcase classname="testNG.aa1" name="TC1" time="0.001"/>
  <testcase classname="testNG.aa1" name="TC1" time="0.001"/>
  <testcase classname="testNG.aa1" name="TC1" time="0.001"/>
  <testcase classname="testNG.aa1" name="TC1" time="0.001"/>
  <testcase classname="testNG.aa1" name="TC1" time="0.0"/>
  <testcase classname="testNG.aa1" name="TC1" time="0.001"/>
  <testcase classname="testNG.aa1" name="TC1" time="0.0"/>
  <testcase classname="testNG.aa1" name="TC1" time="0.0"/>
  <testcase classname="testNG.aa1" name="TC1" time="0.0"/>
  <testcase classname="testNG.aa1" name="TC1" time="0.0"/>
  <testcase classname="testNG.aa1" name="TC1" time="0.0"/>
  <testcase classname="testNG.aa1" name="TC1" time="0.001"/>
  <testcase classname="testNG.aa1" name="TC1" time="0.0"/>
  <testcase classname="testNG.aa1" name="TC1" time="0.001"/>
  <testcase classname="testNG.aa1" name="TC1" time="0.0"/>
  <testcase classname="testNG.aa1" name="TC1" time="0.0"/>
  <testcase classname="testNG.aa1" name="TC1" time="0.0"/>
  <testcase classname="testNG.aa1" name="TC1" time="0.0"/>
  <testcase classname="testNG.aa1" name="TC1" time="0.0"/>
  <testcase classname="testNG.aa1" name="TC1" time="0.0"/>
  <testcase classname="testNG.aa1" name="TC1" time="0.0"/>
  <testcase classname="testNG.aa1" name="TC1" time="0.0"/>
  <testcase classname="testNG.aa1" name="TC1" time="0.0"/>
  <testcase classname="testNG.aa1" name="TC1" time="0.0"/>
  <testcase classname="testNG.aa1" name="TC1" time="0.0"/>
  <testcase classname="testNG.aa1" name="TC1" time="0.0"/>
  <testcase classname="testNG.aa1" name="TC1" time="0.0"/>
  <testcase classname="testNG.aa1" name="TC1" time="0.0"/>
  <testcase classname="testNG.aa1" name="TC1" time="0.0"/>
  <testcase classname="testNG.aa1" name="TC1" time="0.001"/>
  <testcase classname="testNG.aa1" name="TC1" time="0.0"/>
  <testcase classname="testNG.aa1" name="TC1" time="0.0"/>
  <testcase classname="testNG.aa1" name="TC1" time="0.0"/>
  <testcase classname="testNG.aa1" name="TC1" time="0.001"/>
  <testcase classname="testNG.aa1" name="TC1" time="0.001"/>
  <testcase classname="testNG.aa1" name="TC1" time="0.001"/>
  <testcase classname="testNG.aa1" name="TC1" time="0.001"/>
  <testcase classname="testNG.aa1" name="TC1" time="0.001"/>
  <testcase classname="testNG.aa1" name="TC1" time="0.0"/>
  <testcase classname="testNG.aa1" name="TC1" time="0.001"/>
  <testcase classname="testNG.aa1" name="TC1" time="0.0"/>
  <testcase classname="testNG.aa1" name="TC1" time="0.0"/>
  <testcase classname="testNG.aa1" name="TC1" time="0.001"/>
  <testcase classname="testNG.aa1" name="TC1" time="0.001"/>
  <testcase classname="testNG.aa1" name="TC1" time="0.001"/>
  <testcase classname="testNG.aa1" name="TC1" time="0.001"/>
  <testcase classname="testNG.aa1" name="TC1" time="0.0"/>
  <testcase classname="testNG.aa1" name="TC1" time="0.0"/>
  <testcase classname="testNG.aa1" name="TC1" time="0.0"/>
  <testcase classname="testNG.aa1" name="TC1" time="0.0"/>
  <testcase classname="testNG.aa1" name="TC1" time="0.0"/>
  <testcase classname="testNG.aa1" name="TC1" time="0.005"/>
  <testcase classname="testNG.aa1" name="TC1" time="0.0"/>
  <testcase classname="testNG.aa1" name="TC1" time="0.0"/>
  <testcase classname="testNG.aa1" name="TC1" time="0.0"/>
  <testcase classname="testNG.aa1" name="TC1" time="0.001"/>
  <testcase classname="testNG.aa1" name="TC1" time="0.0"/>
  <testcase classname="testNG.aa1" name="TC1" time="0.001"/>
  <testcase classname="testNG.aa1" name="TC1" time="0.001"/>
  <testcase classname="testNG.aa1" name="TC1" time="0.0"/>
  <testcase classname="testNG.aa1" name="TC1" time="0.0"/>
  <testcase classname="testNG.aa1" name="TC1" time="0.0"/>
  <testcase classname="testNG.aa1" name="TC1" time="0.0"/>
  <testcase classname="testNG.aa1" name="TC1" time="0.0"/>
  <testcase classname="testNG.aa1" name="TC1" time="0.0"/>
  <testcase classname="testNG.aa1" name="TC1" time="0.0"/>
  <testcase classname="testNG.aa1" name="TC1" time="0.001"/>
  <testcase classname="testNG.aa1" name="TC1" time="0.0"/>
  <testcase classname="testNG.aa1" name="TC1" time="0.001"/>
  <testcase classname="testNG.aa1" name="TC1" time="0.0"/>
  <testcase classname="testNG.aa1" name="TC1" time="0.0"/>
  <testcase classname="testNG.aa1" name="TC1" time="0.0"/>
  <testcase classname="testNG.aa1" name="TC1" time="0.0"/>
  <testcase classname="testNG.aa1" name="TC1" time="0.001"/>
  <testcase classname="testNG.aa1" name="TC1" time="0.0"/>
  <testcase classname="testNG.aa1" name="TC1" time="0.0"/>
  <testcase classname="testNG.aa1" name="TC1" time="0.0"/>
  <testcase classname="testNG.aa1" name="TC1" time="0.001"/>
  <testcase classname="testNG.aa1" name="TC1" time="0.001"/>
  <testcase classname="testNG.aa1" name="TC1" time="0.0"/>
  <testcase classname="testNG.aa1" name="TC1" time="0.0"/>
  <testcase classname="testNG.aa1" name="TC1" time="0.0"/>
  <testcase classname="testNG.aa1" name="TC1" time="0.001"/>
  <testcase classname="testNG.aa1" name="TC1" time="0.0"/>
  <testcase classname="testNG.aa1" name="TC1" time="0.001"/>
  <testcase classname="testNG.aa1" name="TC1" time="0.0"/>
  <testcase classname="testNG.aa1" name="TC1" time="0.0"/>
  <testcase classname="testNG.aa1" name="TC1" time="0.0"/>
  <testcase classname="testNG.aa1" name="TC1" time="0.0"/>
  <testcase classname="testNG.aa1" name="TC1" time="0.0"/>
  <testcase classname="testNG.aa1" name="TC1" time="0.0"/>
  <testcase classname="testNG.aa1" name="TC1" time="0.0"/>
  <testcase classname="testNG.aa1" name="TC1" time="0.001"/>
  <testcase classname="testNG.aa1" name="TC1" time="0.0"/>
  <testcase classname="testNG.aa1" name="TC2" time="0.0"/>
  <testcase classname="testNG.aa1" name="TC2" time="0.0"/>
  <testcase classname="testNG.aa1" name="TC2" time="0.0"/>
  <testcase classname="testNG.aa1" name="TC2" time="0.0"/>
  <testcase classname="testNG.aa1" name="TC2" time="0.001"/>
  <testcase classname="testNG.aa1" name="TC2" time="0.0"/>
  <testcase classname="testNG.aa1" name="TC2" time="0.001"/>
  <testcase classname="testNG.aa1" name="TC2" time="0.0"/>
  <testcase classname="testNG.aa1" name="TC2" time="0.001"/>
  <testcase classname="testNG.aa1" name="TC2" time="0.0"/>
  <testcase classname="testNG.aa1" name="TC2" time="0.001"/>
  <testcase classname="testNG.aa1" name="TC2" time="0.0"/>
  <testcase classname="testNG.aa1" name="TC2" time="0.0"/>
  <testcase classname="testNG.aa1" name="TC2" time="0.0"/>
  <testcase classname="testNG.aa1" name="TC2" time="0.001"/>
  <testcase classname="testNG.aa1" name="TC2" time="0.002"/>
  <testcase classname="testNG.aa1" name="TC2" time="0.0"/>
  <testcase classname="testNG.aa1" name="TC2" time="0.0"/>
  <testcase classname="testNG.aa1" name="TC2" time="0.0"/>
  <testcase classname="testNG.aa1" name="TC2" time="0.0"/>
  <testcase classname="testNG.aa1" name="TC2" time="0.0"/>
  <testcase classname="testNG.aa1" name="TC2" time="0.001"/>
  <testcase classname="testNG.aa1" name="TC2" time="0.0"/>
  <testcase classname="testNG.aa1" name="TC2" time="0.001"/>
  <testcase classname="testNG.aa1" name="TC2" time="0.001"/>
  <testcase classname="testNG.aa1" name="TC2" time="0.001"/>
  <testcase classname="testNG.aa1" name="TC2" time="0.0"/>
  <testcase classname="testNG.aa1" name="TC2" time="0.001"/>
  <testcase classname="testNG.aa1" name="TC2" time="0.0"/>
  <testcase classname="testNG.aa1" name="TC2" time="0.0"/>
  <testcase classname="testNG.aa1" name="TC2" time="0.0"/>
  <testcase classname="testNG.aa1" name="TC2" time="0.0"/>
  <testcase classname="testNG.aa1" name="TC2" time="0.0"/>
  <testcase classname="testNG.aa1" name="TC2" time="0.0"/>
  <testcase classname="testNG.aa1" name="TC2" time="0.0"/>
  <testcase classname="testNG.aa1" name="TC2" time="0.0"/>
  <testcase classname="testNG.aa1" name="TC2" time="0.0"/>
  <testcase classname="testNG.aa1" name="TC2" time="0.0"/>
  <testcase classname="testNG.aa1" name="TC2" time="0.0"/>
  <testcase classname="testNG.aa1" name="TC2" time="0.001"/>
  <testcase classname="testNG.aa1" name="TC2" time="0.001"/>
  <testcase classname="testNG.aa1" name="TC2" time="0.0"/>
  <testcase classname="testNG.aa1" name="TC2" time="0.0"/>
  <testcase classname="testNG.aa1" name="TC2" time="0.0"/>
  <testcase classname="testNG.aa1" name="TC2" time="0.0"/>
  <testcase classname="testNG.aa1" name="TC2" time="0.0"/>
  <testcase classname="testNG.aa1" name="TC2" time="0.0"/>
  <testcase classname="testNG.aa1" name="TC2" time="0.0"/>
  <testcase classname="testNG.aa1" name="TC2" time="0.001"/>
  <testcase classname="testNG.aa1" name="TC2" time="0.001"/>
  <testcase classname="testNG.aa1" name="TC3" time="0.002"/>
  <testcase classname="testNG.aa1" name="TC3" time="0.0"/>
  <testcase classname="testNG.aa1" name="TC3" time="0.001"/>
  <testcase classname="testNG.aa1" name="TC3" time="0.0"/>
  <testcase classname="testNG.aa1" name="TC3" time="0.0"/>
  <testcase classname="testNG.aa1" name="TC3" time="0.0"/>
  <testcase classname="testNG.aa1" name="TC3" time="0.001"/>
  <testcase classname="testNG.aa1" name="TC3" time="0.0"/>
  <testcase classname="testNG.aa1" name="TC3" time="0.0"/>
  <testcase classname="testNG.aa1" name="TC3" time="0.001"/>
  <testcase classname="testNG.aa1" name="TC3" time="0.0"/>
  <testcase classname="testNG.aa1" name="TC3" time="0.0"/>
  <testcase classname="testNG.aa1" name="TC3" time="0.001"/>
  <testcase classname="testNG.aa1" name="TC3" time="0.0"/>
  <testcase classname="testNG.aa1" name="TC3" time="0.0"/>
  <testcase classname="testNG.aa1" name="TC3" time="0.002"/>
  <testcase classname="testNG.aa1" name="TC3" time="0.0"/>
  <testcase classname="testNG.aa1" name="TC3" time="0.001"/>
  <testcase classname="testNG.aa1" name="TC3" time="0.001"/>
  <testcase classname="testNG.aa1" name="TC3" time="0.0"/>
  <testcase classname="testNG.aa1" name="TC3" time="0.0"/>
  <testcase classname="testNG.aa1" name="TC3" time="0.0"/>
  <testcase classname="testNG.aa1" name="TC3" time="0.001"/>
  <testcase classname="testNG.aa1" name="TC3" time="0.0"/>
  <testcase classname="testNG.aa1" name="TC3" time="0.0"/>
  <testcase classname="testNG.aa1" name="TC3" time="0.001"/>
  <testcase classname="testNG.aa1" name="TC3" time="0.001"/>
  <testcase classname="testNG.aa1" name="TC3" time="0.001"/>
  <testcase classname="testNG.aa1" name="TC3" time="0.001"/>
  <testcase classname="testNG.aa1" name="TC3" time="0.001"/>
  <testcase classname="testNG.aa1" name="TC3" time="0.0"/>
  <testcase classname="testNG.aa1" name="TC3" time="0.001"/>
  <testcase classname="testNG.aa1" name="TC3" time="0.0"/>
  <testcase classname="testNG.aa1" name="TC3" time="0.0"/>
  <testcase classname="testNG.aa1" name="TC3" time="0.0"/>
  <testcase classname="testNG.aa1" name="TC3" time="0.0"/>
  <testcase classname="testNG.aa1" name="TC3" time="0.0"/>
  <testcase classname="testNG.aa1" name="TC3" time="0.0"/>
  <testcase classname="testNG.aa1" name="TC3" time="0.001"/>
  <testcase classname="testNG.aa1" name="TC3" time="0.0"/>
  <testcase classname="testNG.aa1" name="TC3" time="0.0"/>
  <testcase classname="testNG.aa1" name="TC3" time="0.0"/>
  <testcase classname="testNG.aa1" name="TC3" time="0.0"/>
  <testcase classname="testNG.aa1" name="TC3" time="0.0"/>
  <testcase classname="testNG.aa1" name="TC3" time="0.0"/>
  <testcase classname="testNG.aa1" name="TC3" time="0.0"/>
  <testcase classname="testNG.aa1" name="TC3" time="0.0"/>
  <testcase classname="testNG.aa1" name="TC3" time="0.0"/>
  <testcase classname="testNG.aa1" name="TC3" time="0.0"/>
  <testcase classname="testNG.aa1" name="TC3" time="0.001"/>
</testsuite> <!-- Default test -->
