<?xml version="1.0" encoding="UTF-8"?>
<!-- Generated by org.testng.reporters.JUnitXMLReporter -->
<testsuite ignored="6" hostname="LAPTOP-AS3VML0D" failures="0" tests="2" name="Test" time="0.14" errors="0" timestamp="2023-01-26T09:32:44 IST">
  <testcase classname="testNG.textNG9_parallal_grouping_testing" name="TC2" time="0.017"/>
  <testcase classname="testNG.textNG8_parallal_grouping_testing" name="TC3" time="0.007"/>
  <testcase classname="testNG.textNG8_parallal_grouping_testing" name="TC2" time="0.0">
    <ignored/>
  </testcase> <!-- TC2 -->
  <testcase classname="testNG.textNG9_parallal_grouping_testing" name="TC3" time="0.0">
    <ignored/>
  </testcase> <!-- TC3 -->
  <testcase classname="testNG.textNG8_parallal_grouping_testing" name="TC1" time="0.0">
    <ignored/>
  </testcase> <!-- TC1 -->
  <testcase classname="testNG.textNG9_parallal_grouping_testing" name="TC4" time="0.0">
    <ignored/>
  </testcase> <!-- TC4 -->
  <testcase classname="testNG.textNG8_parallal_grouping_testing" name="TC4" time="0.0">
    <ignored/>
  </testcase> <!-- TC4 -->
  <testcase classname="testNG.textNG9_parallal_grouping_testing" name="TC1" time="0.0">
    <ignored/>
  </testcase> <!-- TC1 -->
</testsuite> <!-- Test -->
