<?xml version="1.0" encoding="UTF-8"?>
<testng-results ignored="0" total="1100" passed="1100" failed="0" skipped="0">
  <reporter-output>
    <line>
      <![CDATA[TC1]]>
    </line>
    <line>
      <![CDATA[TC1]]>
    </line>
    <line>
      <![CDATA[TC1]]>
    </line>
    <line>
      <![CDATA[TC1]]>
    </line>
    <line>
      <![CDATA[TC1]]>
    </line>
    <line>
      <![CDATA[TC1]]>
    </line>
    <line>
      <![CDATA[TC1]]>
    </line>
    <line>
      <![CDATA[TC1]]>
    </line>
    <line>
      <![CDATA[TC1]]>
    </line>
    <line>
      <![CDATA[TC1]]>
    </line>
    <line>
      <![CDATA[TC1]]>
    </line>
    <line>
      <![CDATA[TC1]]>
    </line>
    <line>
      <![CDATA[TC1]]>
    </line>
    <line>
      <![CDATA[TC1]]>
    </line>
    <line>
      <![CDATA[TC1]]>
    </line>
    <line>
      <![CDATA[TC1]]>
    </line>
    <line>
      <![CDATA[TC1]]>
    </line>
    <line>
      <![CDATA[TC1]]>
    </line>
    <line>
      <![CDATA[TC1]]>
    </line>
    <line>
      <![CDATA[TC1]]>
    </line>
    <line>
      <![CDATA[TC1]]>
    </line>
    <line>
      <![CDATA[TC1]]>
    </line>
    <line>
      <![CDATA[TC1]]>
    </line>
    <line>
      <![CDATA[TC1]]>
    </line>
    <line>
      <![CDATA[TC1]]>
    </line>
    <line>
      <![CDATA[TC1]]>
    </line>
    <line>
      <![CDATA[TC1]]>
    </line>
    <line>
      <![CDATA[TC1]]>
    </line>
    <line>
      <![CDATA[TC1]]>
    </line>
    <line>
      <![CDATA[TC1]]>
    </line>
    <line>
      <![CDATA[TC1]]>
    </line>
    <line>
      <![CDATA[TC1]]>
    </line>
    <line>
      <![CDATA[TC1]]>
    </line>
    <line>
      <![CDATA[TC1]]>
    </line>
    <line>
      <![CDATA[TC1]]>
    </line>
    <line>
      <![CDATA[TC1]]>
    </line>
    <line>
      <![CDATA[TC1]]>
    </line>
    <line>
      <![CDATA[TC1]]>
    </line>
    <line>
      <![CDATA[TC1]]>
    </line>
    <line>
      <![CDATA[TC1]]>
    </line>
    <line>
      <![CDATA[TC1]]>
    </line>
    <line>
      <![CDATA[TC1]]>
    </line>
    <line>
      <![CDATA[TC1]]>
    </line>
    <line>
      <![CDATA[TC1]]>
    </line>
    <line>
      <![CDATA[TC1]]>
    </line>
    <line>
      <![CDATA[TC1]]>
    </line>
    <line>
      <![CDATA[TC1]]>
    </line>
    <line>
      <![CDATA[TC1]]>
    </line>
    <line>
      <![CDATA[TC1]]>
    </line>
    <line>
      <![CDATA[TC1]]>
    </line>
    <line>
      <![CDATA[TC1]]>
    </line>
    <line>
      <![CDATA[TC1]]>
    </line>
    <line>
      <![CDATA[TC1]]>
    </line>
    <line>
      <![CDATA[TC1]]>
    </line>
    <line>
      <![CDATA[TC1]]>
    </line>
    <line>
      <![CDATA[TC1]]>
    </line>
    <line>
      <![CDATA[TC1]]>
    </line>
    <line>
      <![CDATA[TC1]]>
    </line>
    <line>
      <![CDATA[TC1]]>
    </line>
    <line>
      <![CDATA[TC1]]>
    </line>
    <line>
      <![CDATA[TC1]]>
    </line>
    <line>
      <![CDATA[TC1]]>
    </line>
    <line>
      <![CDATA[TC1]]>
    </line>
    <line>
      <![CDATA[TC1]]>
    </line>
    <line>
      <![CDATA[TC1]]>
    </line>
    <line>
      <![CDATA[TC1]]>
    </line>
    <line>
      <![CDATA[TC1]]>
    </line>
    <line>
      <![CDATA[TC1]]>
    </line>
    <line>
      <![CDATA[TC1]]>
    </line>
    <line>
      <![CDATA[TC1]]>
    </line>
    <line>
      <![CDATA[TC1]]>
    </line>
    <line>
      <![CDATA[TC1]]>
    </line>
    <line>
      <![CDATA[TC1]]>
    </line>
    <line>
      <![CDATA[TC1]]>
    </line>
    <line>
      <![CDATA[TC1]]>
    </line>
    <line>
      <![CDATA[TC1]]>
    </line>
    <line>
      <![CDATA[TC1]]>
    </line>
    <line>
      <![CDATA[TC1]]>
    </line>
    <line>
      <![CDATA[TC1]]>
    </line>
    <line>
      <![CDATA[TC1]]>
    </line>
    <line>
      <![CDATA[TC1]]>
    </line>
    <line>
      <![CDATA[TC1]]>
    </line>
    <line>
      <![CDATA[TC1]]>
    </line>
    <line>
      <![CDATA[TC1]]>
    </line>
    <line>
      <![CDATA[TC1]]>
    </line>
    <line>
      <![CDATA[TC1]]>
    </line>
    <line>
      <![CDATA[TC1]]>
    </line>
    <line>
      <![CDATA[TC1]]>
    </line>
    <line>
      <![CDATA[TC1]]>
    </line>
    <line>
      <![CDATA[TC1]]>
    </line>
    <line>
      <![CDATA[TC1]]>
    </line>
    <line>
      <![CDATA[TC1]]>
    </line>
    <line>
      <![CDATA[TC1]]>
    </line>
    <line>
      <![CDATA[TC1]]>
    </line>
    <line>
      <![CDATA[TC1]]>
    </line>
    <line>
      <![CDATA[TC1]]>
    </line>
    <line>
      <![CDATA[TC1]]>
    </line>
    <line>
      <![CDATA[TC1]]>
    </line>
    <line>
      <![CDATA[TC1]]>
    </line>
    <line>
      <![CDATA[TC1]]>
    </line>
    <line>
      <![CDATA[TC1]]>
    </line>
    <line>
      <![CDATA[TC1]]>
    </line>
    <line>
      <![CDATA[TC1]]>
    </line>
    <line>
      <![CDATA[TC1]]>
    </line>
    <line>
      <![CDATA[TC1]]>
    </line>
    <line>
      <![CDATA[TC1]]>
    </line>
    <line>
      <![CDATA[TC1]]>
    </line>
    <line>
      <![CDATA[TC1]]>
    </line>
    <line>
      <![CDATA[TC1]]>
    </line>
    <line>
      <![CDATA[TC1]]>
    </line>
    <line>
      <![CDATA[TC1]]>
    </line>
    <line>
      <![CDATA[TC1]]>
    </line>
    <line>
      <![CDATA[TC1]]>
    </line>
    <line>
      <![CDATA[TC1]]>
    </line>
    <line>
      <![CDATA[TC1]]>
    </line>
    <line>
      <![CDATA[TC1]]>
    </line>
    <line>
      <![CDATA[TC1]]>
    </line>
    <line>
      <![CDATA[TC1]]>
    </line>
    <line>
      <![CDATA[TC1]]>
    </line>
    <line>
      <![CDATA[TC1]]>
    </line>
    <line>
      <![CDATA[TC1]]>
    </line>
    <line>
      <![CDATA[TC1]]>
    </line>
    <line>
      <![CDATA[TC1]]>
    </line>
    <line>
      <![CDATA[TC1]]>
    </line>
    <line>
      <![CDATA[TC1]]>
    </line>
    <line>
      <![CDATA[TC1]]>
    </line>
    <line>
      <![CDATA[TC1]]>
    </line>
    <line>
      <![CDATA[TC1]]>
    </line>
    <line>
      <![CDATA[TC1]]>
    </line>
    <line>
      <![CDATA[TC1]]>
    </line>
    <line>
      <![CDATA[TC1]]>
    </line>
    <line>
      <![CDATA[TC1]]>
    </line>
    <line>
      <![CDATA[TC1]]>
    </line>
    <line>
      <![CDATA[TC1]]>
    </line>
    <line>
      <![CDATA[TC1]]>
    </line>
    <line>
      <![CDATA[TC1]]>
    </line>
    <line>
      <![CDATA[TC1]]>
    </line>
    <line>
      <![CDATA[TC1]]>
    </line>
    <line>
      <![CDATA[TC1]]>
    </line>
    <line>
      <![CDATA[TC1]]>
    </line>
    <line>
      <![CDATA[TC1]]>
    </line>
    <line>
      <![CDATA[TC1]]>
    </line>
    <line>
      <![CDATA[TC1]]>
    </line>
    <line>
      <![CDATA[TC1]]>
    </line>
    <line>
      <![CDATA[TC1]]>
    </line>
    <line>
      <![CDATA[TC1]]>
    </line>
    <line>
      <![CDATA[TC1]]>
    </line>
    <line>
      <![CDATA[TC1]]>
    </line>
    <line>
      <![CDATA[TC1]]>
    </line>
    <line>
      <![CDATA[TC1]]>
    </line>
    <line>
      <![CDATA[TC1]]>
    </line>
    <line>
      <![CDATA[TC1]]>
    </line>
    <line>
      <![CDATA[TC1]]>
    </line>
    <line>
      <![CDATA[TC1]]>
    </line>
    <line>
      <![CDATA[TC1]]>
    </line>
    <line>
      <![CDATA[TC1]]>
    </line>
    <line>
      <![CDATA[TC1]]>
    </line>
    <line>
      <![CDATA[TC1]]>
    </line>
    <line>
      <![CDATA[TC1]]>
    </line>
    <line>
      <![CDATA[TC1]]>
    </line>
    <line>
      <![CDATA[TC1]]>
    </line>
    <line>
      <![CDATA[TC1]]>
    </line>
    <line>
      <![CDATA[TC1]]>
    </line>
    <line>
      <![CDATA[TC1]]>
    </line>
    <line>
      <![CDATA[TC1]]>
    </line>
    <line>
      <![CDATA[TC1]]>
    </line>
    <line>
      <![CDATA[TC1]]>
    </line>
    <line>
      <![CDATA[TC1]]>
    </line>
    <line>
      <![CDATA[TC1]]>
    </line>
    <line>
      <![CDATA[TC1]]>
    </line>
    <line>
      <![CDATA[TC1]]>
    </line>
    <line>
      <![CDATA[TC1]]>
    </line>
    <line>
      <![CDATA[TC1]]>
    </line>
    <line>
      <![CDATA[TC1]]>
    </line>
    <line>
      <![CDATA[TC1]]>
    </line>
    <line>
      <![CDATA[TC1]]>
    </line>
    <line>
      <![CDATA[TC1]]>
    </line>
    <line>
      <![CDATA[TC1]]>
    </line>
    <line>
      <![CDATA[TC1]]>
    </line>
    <line>
      <![CDATA[TC1]]>
    </line>
    <line>
      <![CDATA[TC1]]>
    </line>
    <line>
      <![CDATA[TC1]]>
    </line>
    <line>
      <![CDATA[TC1]]>
    </line>
    <line>
      <![CDATA[TC1]]>
    </line>
    <line>
      <![CDATA[TC1]]>
    </line>
    <line>
      <![CDATA[TC1]]>
    </line>
    <line>
      <![CDATA[TC1]]>
    </line>
    <line>
      <![CDATA[TC1]]>
    </line>
    <line>
      <![CDATA[TC1]]>
    </line>
    <line>
      <![CDATA[TC1]]>
    </line>
    <line>
      <![CDATA[TC1]]>
    </line>
    <line>
      <![CDATA[TC1]]>
    </line>
    <line>
      <![CDATA[TC1]]>
    </line>
    <line>
      <![CDATA[TC1]]>
    </line>
    <line>
      <![CDATA[TC1]]>
    </line>
    <line>
      <![CDATA[TC1]]>
    </line>
    <line>
      <![CDATA[TC1]]>
    </line>
    <line>
      <![CDATA[TC1]]>
    </line>
    <line>
      <![CDATA[TC1]]>
    </line>
    <line>
      <![CDATA[TC1]]>
    </line>
    <line>
      <![CDATA[TC1]]>
    </line>
    <line>
      <![CDATA[TC1]]>
    </line>
    <line>
      <![CDATA[TC1]]>
    </line>
    <line>
      <![CDATA[TC1]]>
    </line>
    <line>
      <![CDATA[TC1]]>
    </line>
    <line>
      <![CDATA[TC1]]>
    </line>
    <line>
      <![CDATA[TC1]]>
    </line>
    <line>
      <![CDATA[TC1]]>
    </line>
    <line>
      <![CDATA[TC1]]>
    </line>
    <line>
      <![CDATA[TC1]]>
    </line>
    <line>
      <![CDATA[TC1]]>
    </line>
    <line>
      <![CDATA[TC1]]>
    </line>
    <line>
      <![CDATA[TC1]]>
    </line>
    <line>
      <![CDATA[TC1]]>
    </line>
    <line>
      <![CDATA[TC1]]>
    </line>
    <line>
      <![CDATA[TC1]]>
    </line>
    <line>
      <![CDATA[TC1]]>
    </line>
    <line>
      <![CDATA[TC1]]>
    </line>
    <line>
      <![CDATA[TC1]]>
    </line>
    <line>
      <![CDATA[TC1]]>
    </line>
    <line>
      <![CDATA[TC1]]>
    </line>
    <line>
      <![CDATA[TC1]]>
    </line>
    <line>
      <![CDATA[TC1]]>
    </line>
    <line>
      <![CDATA[TC1]]>
    </line>
    <line>
      <![CDATA[TC1]]>
    </line>
    <line>
      <![CDATA[TC1]]>
    </line>
    <line>
      <![CDATA[TC1]]>
    </line>
    <line>
      <![CDATA[TC1]]>
    </line>
    <line>
      <![CDATA[TC1]]>
    </line>
    <line>
      <![CDATA[TC1]]>
    </line>
    <line>
      <![CDATA[TC1]]>
    </line>
    <line>
      <![CDATA[TC1]]>
    </line>
    <line>
      <![CDATA[TC1]]>
    </line>
    <line>
      <![CDATA[TC1]]>
    </line>
    <line>
      <![CDATA[TC1]]>
    </line>
    <line>
      <![CDATA[TC1]]>
    </line>
    <line>
      <![CDATA[TC1]]>
    </line>
    <line>
      <![CDATA[TC1]]>
    </line>
    <line>
      <![CDATA[TC1]]>
    </line>
    <line>
      <![CDATA[TC1]]>
    </line>
    <line>
      <![CDATA[TC1]]>
    </line>
    <line>
      <![CDATA[TC1]]>
    </line>
    <line>
      <![CDATA[TC1]]>
    </line>
    <line>
      <![CDATA[TC1]]>
    </line>
    <line>
      <![CDATA[TC1]]>
    </line>
    <line>
      <![CDATA[TC1]]>
    </line>
    <line>
      <![CDATA[TC1]]>
    </line>
    <line>
      <![CDATA[TC1]]>
    </line>
    <line>
      <![CDATA[TC1]]>
    </line>
    <line>
      <![CDATA[TC1]]>
    </line>
    <line>
      <![CDATA[TC1]]>
    </line>
    <line>
      <![CDATA[TC1]]>
    </line>
    <line>
      <![CDATA[TC1]]>
    </line>
    <line>
      <![CDATA[TC1]]>
    </line>
    <line>
      <![CDATA[TC1]]>
    </line>
    <line>
      <![CDATA[TC1]]>
    </line>
    <line>
      <![CDATA[TC1]]>
    </line>
    <line>
      <![CDATA[TC1]]>
    </line>
    <line>
      <![CDATA[TC1]]>
    </line>
    <line>
      <![CDATA[TC1]]>
    </line>
    <line>
      <![CDATA[TC1]]>
    </line>
    <line>
      <![CDATA[TC1]]>
    </line>
    <line>
      <![CDATA[TC1]]>
    </line>
    <line>
      <![CDATA[TC1]]>
    </line>
    <line>
      <![CDATA[TC1]]>
    </line>
    <line>
      <![CDATA[TC1]]>
    </line>
    <line>
      <![CDATA[TC1]]>
    </line>
    <line>
      <![CDATA[TC1]]>
    </line>
    <line>
      <![CDATA[TC1]]>
    </line>
    <line>
      <![CDATA[TC1]]>
    </line>
    <line>
      <![CDATA[TC1]]>
    </line>
    <line>
      <![CDATA[TC1]]>
    </line>
    <line>
      <![CDATA[TC1]]>
    </line>
    <line>
      <![CDATA[TC1]]>
    </line>
    <line>
      <![CDATA[TC1]]>
    </line>
    <line>
      <![CDATA[TC1]]>
    </line>
    <line>
      <![CDATA[TC1]]>
    </line>
    <line>
      <![CDATA[TC1]]>
    </line>
    <line>
      <![CDATA[TC1]]>
    </line>
    <line>
      <![CDATA[TC1]]>
    </line>
    <line>
      <![CDATA[TC1]]>
    </line>
    <line>
      <![CDATA[TC1]]>
    </line>
    <line>
      <![CDATA[TC1]]>
    </line>
    <line>
      <![CDATA[TC1]]>
    </line>
    <line>
      <![CDATA[TC1]]>
    </line>
    <line>
      <![CDATA[TC1]]>
    </line>
    <line>
      <![CDATA[TC1]]>
    </line>
    <line>
      <![CDATA[TC1]]>
    </line>
    <line>
      <![CDATA[TC1]]>
    </line>
    <line>
      <![CDATA[TC1]]>
    </line>
    <line>
      <![CDATA[TC1]]>
    </line>
    <line>
      <![CDATA[TC1]]>
    </line>
    <line>
      <![CDATA[TC1]]>
    </line>
    <line>
      <![CDATA[TC1]]>
    </line>
    <line>
      <![CDATA[TC1]]>
    </line>
    <line>
      <![CDATA[TC1]]>
    </line>
    <line>
      <![CDATA[TC1]]>
    </line>
    <line>
      <![CDATA[TC1]]>
    </line>
    <line>
      <![CDATA[TC1]]>
    </line>
    <line>
      <![CDATA[TC1]]>
    </line>
    <line>
      <![CDATA[TC1]]>
    </line>
    <line>
      <![CDATA[TC1]]>
    </line>
    <line>
      <![CDATA[TC1]]>
    </line>
    <line>
      <![CDATA[TC1]]>
    </line>
    <line>
      <![CDATA[TC1]]>
    </line>
    <line>
      <![CDATA[TC1]]>
    </line>
    <line>
      <![CDATA[TC1]]>
    </line>
    <line>
      <![CDATA[TC1]]>
    </line>
    <line>
      <![CDATA[TC1]]>
    </line>
    <line>
      <![CDATA[TC1]]>
    </line>
    <line>
      <![CDATA[TC1]]>
    </line>
    <line>
      <![CDATA[TC1]]>
    </line>
    <line>
      <![CDATA[TC1]]>
    </line>
    <line>
      <![CDATA[TC1]]>
    </line>
    <line>
      <![CDATA[TC1]]>
    </line>
    <line>
      <![CDATA[TC1]]>
    </line>
    <line>
      <![CDATA[TC1]]>
    </line>
    <line>
      <![CDATA[TC1]]>
    </line>
    <line>
      <![CDATA[TC1]]>
    </line>
    <line>
      <![CDATA[TC1]]>
    </line>
    <line>
      <![CDATA[TC1]]>
    </line>
    <line>
      <![CDATA[TC1]]>
    </line>
    <line>
      <![CDATA[TC1]]>
    </line>
    <line>
      <![CDATA[TC1]]>
    </line>
    <line>
      <![CDATA[TC1]]>
    </line>
    <line>
      <![CDATA[TC1]]>
    </line>
    <line>
      <![CDATA[TC1]]>
    </line>
    <line>
      <![CDATA[TC1]]>
    </line>
    <line>
      <![CDATA[TC1]]>
    </line>
    <line>
      <![CDATA[TC1]]>
    </line>
    <line>
      <![CDATA[TC1]]>
    </line>
    <line>
      <![CDATA[TC1]]>
    </line>
    <line>
      <![CDATA[TC1]]>
    </line>
    <line>
      <![CDATA[TC1]]>
    </line>
    <line>
      <![CDATA[TC1]]>
    </line>
    <line>
      <![CDATA[TC1]]>
    </line>
    <line>
      <![CDATA[TC1]]>
    </line>
    <line>
      <![CDATA[TC1]]>
    </line>
    <line>
      <![CDATA[TC1]]>
    </line>
    <line>
      <![CDATA[TC1]]>
    </line>
    <line>
      <![CDATA[TC1]]>
    </line>
    <line>
      <![CDATA[TC1]]>
    </line>
    <line>
      <![CDATA[TC1]]>
    </line>
    <line>
      <![CDATA[TC1]]>
    </line>
    <line>
      <![CDATA[TC1]]>
    </line>
    <line>
      <![CDATA[TC1]]>
    </line>
    <line>
      <![CDATA[TC1]]>
    </line>
    <line>
      <![CDATA[TC1]]>
    </line>
    <line>
      <![CDATA[TC1]]>
    </line>
    <line>
      <![CDATA[TC1]]>
    </line>
    <line>
      <![CDATA[TC1]]>
    </line>
    <line>
      <![CDATA[TC1]]>
    </line>
    <line>
      <![CDATA[TC1]]>
    </line>
    <line>
      <![CDATA[TC1]]>
    </line>
    <line>
      <![CDATA[TC1]]>
    </line>
    <line>
      <![CDATA[TC1]]>
    </line>
    <line>
      <![CDATA[TC1]]>
    </line>
    <line>
      <![CDATA[TC1]]>
    </line>
    <line>
      <![CDATA[TC1]]>
    </line>
    <line>
      <![CDATA[TC1]]>
    </line>
    <line>
      <![CDATA[TC1]]>
    </line>
    <line>
      <![CDATA[TC1]]>
    </line>
    <line>
      <![CDATA[TC1]]>
    </line>
    <line>
      <![CDATA[TC1]]>
    </line>
    <line>
      <![CDATA[TC1]]>
    </line>
    <line>
      <![CDATA[TC1]]>
    </line>
    <line>
      <![CDATA[TC1]]>
    </line>
    <line>
      <![CDATA[TC1]]>
    </line>
    <line>
      <![CDATA[TC1]]>
    </line>
    <line>
      <![CDATA[TC1]]>
    </line>
    <line>
      <![CDATA[TC1]]>
    </line>
    <line>
      <![CDATA[TC1]]>
    </line>
    <line>
      <![CDATA[TC1]]>
    </line>
    <line>
      <![CDATA[TC1]]>
    </line>
    <line>
      <![CDATA[TC1]]>
    </line>
    <line>
      <![CDATA[TC1]]>
    </line>
    <line>
      <![CDATA[TC1]]>
    </line>
    <line>
      <![CDATA[TC1]]>
    </line>
    <line>
      <![CDATA[TC1]]>
    </line>
    <line>
      <![CDATA[TC1]]>
    </line>
    <line>
      <![CDATA[TC1]]>
    </line>
    <line>
      <![CDATA[TC1]]>
    </line>
    <line>
      <![CDATA[TC1]]>
    </line>
    <line>
      <![CDATA[TC1]]>
    </line>
    <line>
      <![CDATA[TC1]]>
    </line>
    <line>
      <![CDATA[TC1]]>
    </line>
    <line>
      <![CDATA[TC1]]>
    </line>
    <line>
      <![CDATA[TC1]]>
    </line>
    <line>
      <![CDATA[TC1]]>
    </line>
    <line>
      <![CDATA[TC1]]>
    </line>
    <line>
      <![CDATA[TC1]]>
    </line>
    <line>
      <![CDATA[TC1]]>
    </line>
    <line>
      <![CDATA[TC1]]>
    </line>
    <line>
      <![CDATA[TC1]]>
    </line>
    <line>
      <![CDATA[TC1]]>
    </line>
    <line>
      <![CDATA[TC1]]>
    </line>
    <line>
      <![CDATA[TC1]]>
    </line>
    <line>
      <![CDATA[TC1]]>
    </line>
    <line>
      <![CDATA[TC1]]>
    </line>
    <line>
      <![CDATA[TC1]]>
    </line>
    <line>
      <![CDATA[TC1]]>
    </line>
    <line>
      <![CDATA[TC1]]>
    </line>
    <line>
      <![CDATA[TC1]]>
    </line>
    <line>
      <![CDATA[TC1]]>
    </line>
    <line>
      <![CDATA[TC1]]>
    </line>
    <line>
      <![CDATA[TC1]]>
    </line>
    <line>
      <![CDATA[TC1]]>
    </line>
    <line>
      <![CDATA[TC1]]>
    </line>
    <line>
      <![CDATA[TC1]]>
    </line>
    <line>
      <![CDATA[TC1]]>
    </line>
    <line>
      <![CDATA[TC1]]>
    </line>
    <line>
      <![CDATA[TC1]]>
    </line>
    <line>
      <![CDATA[TC1]]>
    </line>
    <line>
      <![CDATA[TC1]]>
    </line>
    <line>
      <![CDATA[TC1]]>
    </line>
    <line>
      <![CDATA[TC1]]>
    </line>
    <line>
      <![CDATA[TC1]]>
    </line>
    <line>
      <![CDATA[TC1]]>
    </line>
    <line>
      <![CDATA[TC1]]>
    </line>
    <line>
      <![CDATA[TC1]]>
    </line>
    <line>
      <![CDATA[TC1]]>
    </line>
    <line>
      <![CDATA[TC1]]>
    </line>
    <line>
      <![CDATA[TC1]]>
    </line>
    <line>
      <![CDATA[TC1]]>
    </line>
    <line>
      <![CDATA[TC1]]>
    </line>
    <line>
      <![CDATA[TC1]]>
    </line>
    <line>
      <![CDATA[TC1]]>
    </line>
    <line>
      <![CDATA[TC1]]>
    </line>
    <line>
      <![CDATA[TC1]]>
    </line>
    <line>
      <![CDATA[TC1]]>
    </line>
    <line>
      <![CDATA[TC1]]>
    </line>
    <line>
      <![CDATA[TC1]]>
    </line>
    <line>
      <![CDATA[TC1]]>
    </line>
    <line>
      <![CDATA[TC1]]>
    </line>
    <line>
      <![CDATA[TC1]]>
    </line>
    <line>
      <![CDATA[TC1]]>
    </line>
    <line>
      <![CDATA[TC1]]>
    </line>
    <line>
      <![CDATA[TC1]]>
    </line>
    <line>
      <![CDATA[TC1]]>
    </line>
    <line>
      <![CDATA[TC1]]>
    </line>
    <line>
      <![CDATA[TC1]]>
    </line>
    <line>
      <![CDATA[TC1]]>
    </line>
    <line>
      <![CDATA[TC1]]>
    </line>
    <line>
      <![CDATA[TC1]]>
    </line>
    <line>
      <![CDATA[TC1]]>
    </line>
    <line>
      <![CDATA[TC1]]>
    </line>
    <line>
      <![CDATA[TC1]]>
    </line>
    <line>
      <![CDATA[TC1]]>
    </line>
    <line>
      <![CDATA[TC1]]>
    </line>
    <line>
      <![CDATA[TC1]]>
    </line>
    <line>
      <![CDATA[TC1]]>
    </line>
    <line>
      <![CDATA[TC1]]>
    </line>
    <line>
      <![CDATA[TC1]]>
    </line>
    <line>
      <![CDATA[TC1]]>
    </line>
    <line>
      <![CDATA[TC1]]>
    </line>
    <line>
      <![CDATA[TC1]]>
    </line>
    <line>
      <![CDATA[TC1]]>
    </line>
    <line>
      <![CDATA[TC1]]>
    </line>
    <line>
      <![CDATA[TC1]]>
    </line>
    <line>
      <![CDATA[TC1]]>
    </line>
    <line>
      <![CDATA[TC1]]>
    </line>
    <line>
      <![CDATA[TC1]]>
    </line>
    <line>
      <![CDATA[TC1]]>
    </line>
    <line>
      <![CDATA[TC1]]>
    </line>
    <line>
      <![CDATA[TC1]]>
    </line>
    <line>
      <![CDATA[TC1]]>
    </line>
    <line>
      <![CDATA[TC1]]>
    </line>
    <line>
      <![CDATA[TC1]]>
    </line>
    <line>
      <![CDATA[TC1]]>
    </line>
    <line>
      <![CDATA[TC1]]>
    </line>
    <line>
      <![CDATA[TC1]]>
    </line>
    <line>
      <![CDATA[TC1]]>
    </line>
    <line>
      <![CDATA[TC1]]>
    </line>
    <line>
      <![CDATA[TC1]]>
    </line>
    <line>
      <![CDATA[TC1]]>
    </line>
    <line>
      <![CDATA[TC1]]>
    </line>
    <line>
      <![CDATA[TC1]]>
    </line>
    <line>
      <![CDATA[TC1]]>
    </line>
    <line>
      <![CDATA[TC1]]>
    </line>
    <line>
      <![CDATA[TC1]]>
    </line>
    <line>
      <![CDATA[TC1]]>
    </line>
    <line>
      <![CDATA[TC1]]>
    </line>
    <line>
      <![CDATA[TC1]]>
    </line>
    <line>
      <![CDATA[TC1]]>
    </line>
    <line>
      <![CDATA[TC1]]>
    </line>
    <line>
      <![CDATA[TC1]]>
    </line>
    <line>
      <![CDATA[TC1]]>
    </line>
    <line>
      <![CDATA[TC1]]>
    </line>
    <line>
      <![CDATA[TC1]]>
    </line>
    <line>
      <![CDATA[TC1]]>
    </line>
    <line>
      <![CDATA[TC1]]>
    </line>
    <line>
      <![CDATA[TC1]]>
    </line>
    <line>
      <![CDATA[TC1]]>
    </line>
    <line>
      <![CDATA[TC1]]>
    </line>
    <line>
      <![CDATA[TC1]]>
    </line>
    <line>
      <![CDATA[TC1]]>
    </line>
    <line>
      <![CDATA[TC1]]>
    </line>
    <line>
      <![CDATA[TC1]]>
    </line>
    <line>
      <![CDATA[TC1]]>
    </line>
    <line>
      <![CDATA[TC1]]>
    </line>
    <line>
      <![CDATA[TC1]]>
    </line>
    <line>
      <![CDATA[TC1]]>
    </line>
    <line>
      <![CDATA[TC1]]>
    </line>
    <line>
      <![CDATA[TC1]]>
    </line>
    <line>
      <![CDATA[TC1]]>
    </line>
    <line>
      <![CDATA[TC1]]>
    </line>
    <line>
      <![CDATA[TC1]]>
    </line>
    <line>
      <![CDATA[TC1]]>
    </line>
    <line>
      <![CDATA[TC1]]>
    </line>
    <line>
      <![CDATA[TC1]]>
    </line>
    <line>
      <![CDATA[TC1]]>
    </line>
    <line>
      <![CDATA[TC1]]>
    </line>
    <line>
      <![CDATA[TC1]]>
    </line>
    <line>
      <![CDATA[TC1]]>
    </line>
    <line>
      <![CDATA[TC1]]>
    </line>
    <line>
      <![CDATA[TC1]]>
    </line>
    <line>
      <![CDATA[TC1]]>
    </line>
    <line>
      <![CDATA[TC1]]>
    </line>
    <line>
      <![CDATA[TC1]]>
    </line>
    <line>
      <![CDATA[TC1]]>
    </line>
    <line>
      <![CDATA[TC1]]>
    </line>
    <line>
      <![CDATA[TC1]]>
    </line>
    <line>
      <![CDATA[TC1]]>
    </line>
    <line>
      <![CDATA[TC1]]>
    </line>
    <line>
      <![CDATA[TC1]]>
    </line>
    <line>
      <![CDATA[TC1]]>
    </line>
    <line>
      <![CDATA[TC1]]>
    </line>
    <line>
      <![CDATA[TC1]]>
    </line>
    <line>
      <![CDATA[TC1]]>
    </line>
    <line>
      <![CDATA[TC1]]>
    </line>
    <line>
      <![CDATA[TC1]]>
    </line>
    <line>
      <![CDATA[TC1]]>
    </line>
    <line>
      <![CDATA[TC1]]>
    </line>
    <line>
      <![CDATA[TC1]]>
    </line>
    <line>
      <![CDATA[TC1]]>
    </line>
    <line>
      <![CDATA[TC1]]>
    </line>
    <line>
      <![CDATA[TC1]]>
    </line>
    <line>
      <![CDATA[TC1]]>
    </line>
    <line>
      <![CDATA[TC1]]>
    </line>
    <line>
      <![CDATA[TC1]]>
    </line>
    <line>
      <![CDATA[TC1]]>
    </line>
    <line>
      <![CDATA[TC1]]>
    </line>
    <line>
      <![CDATA[TC1]]>
    </line>
    <line>
      <![CDATA[TC1]]>
    </line>
    <line>
      <![CDATA[TC1]]>
    </line>
    <line>
      <![CDATA[TC1]]>
    </line>
    <line>
      <![CDATA[TC1]]>
    </line>
    <line>
      <![CDATA[TC1]]>
    </line>
    <line>
      <![CDATA[TC1]]>
    </line>
    <line>
      <![CDATA[TC1]]>
    </line>
    <line>
      <![CDATA[TC1]]>
    </line>
    <line>
      <![CDATA[TC1]]>
    </line>
    <line>
      <![CDATA[TC1]]>
    </line>
    <line>
      <![CDATA[TC1]]>
    </line>
    <line>
      <![CDATA[TC1]]>
    </line>
    <line>
      <![CDATA[TC1]]>
    </line>
    <line>
      <![CDATA[TC1]]>
    </line>
    <line>
      <![CDATA[TC1]]>
    </line>
    <line>
      <![CDATA[TC1]]>
    </line>
    <line>
      <![CDATA[TC1]]>
    </line>
    <line>
      <![CDATA[TC1]]>
    </line>
    <line>
      <![CDATA[TC1]]>
    </line>
    <line>
      <![CDATA[TC1]]>
    </line>
    <line>
      <![CDATA[TC1]]>
    </line>
    <line>
      <![CDATA[TC1]]>
    </line>
    <line>
      <![CDATA[TC1]]>
    </line>
    <line>
      <![CDATA[TC1]]>
    </line>
    <line>
      <![CDATA[TC1]]>
    </line>
    <line>
      <![CDATA[TC1]]>
    </line>
    <line>
      <![CDATA[TC1]]>
    </line>
    <line>
      <![CDATA[TC1]]>
    </line>
    <line>
      <![CDATA[TC1]]>
    </line>
    <line>
      <![CDATA[TC1]]>
    </line>
    <line>
      <![CDATA[TC1]]>
    </line>
    <line>
      <![CDATA[TC1]]>
    </line>
    <line>
      <![CDATA[TC1]]>
    </line>
    <line>
      <![CDATA[TC1]]>
    </line>
    <line>
      <![CDATA[TC1]]>
    </line>
    <line>
      <![CDATA[TC1]]>
    </line>
    <line>
      <![CDATA[TC1]]>
    </line>
    <line>
      <![CDATA[TC1]]>
    </line>
    <line>
      <![CDATA[TC1]]>
    </line>
    <line>
      <![CDATA[TC1]]>
    </line>
    <line>
      <![CDATA[TC1]]>
    </line>
    <line>
      <![CDATA[TC1]]>
    </line>
    <line>
      <![CDATA[TC1]]>
    </line>
    <line>
      <![CDATA[TC1]]>
    </line>
    <line>
      <![CDATA[TC1]]>
    </line>
    <line>
      <![CDATA[TC1]]>
    </line>
    <line>
      <![CDATA[TC1]]>
    </line>
    <line>
      <![CDATA[TC1]]>
    </line>
    <line>
      <![CDATA[TC1]]>
    </line>
    <line>
      <![CDATA[TC1]]>
    </line>
    <line>
      <![CDATA[TC1]]>
    </line>
    <line>
      <![CDATA[TC1]]>
    </line>
    <line>
      <![CDATA[TC1]]>
    </line>
    <line>
      <![CDATA[TC1]]>
    </line>
    <line>
      <![CDATA[TC1]]>
    </line>
    <line>
      <![CDATA[TC1]]>
    </line>
    <line>
      <![CDATA[TC1]]>
    </line>
    <line>
      <![CDATA[TC1]]>
    </line>
    <line>
      <![CDATA[TC1]]>
    </line>
    <line>
      <![CDATA[TC1]]>
    </line>
    <line>
      <![CDATA[TC1]]>
    </line>
    <line>
      <![CDATA[TC1]]>
    </line>
    <line>
      <![CDATA[TC1]]>
    </line>
    <line>
      <![CDATA[TC1]]>
    </line>
    <line>
      <![CDATA[TC1]]>
    </line>
    <line>
      <![CDATA[TC1]]>
    </line>
    <line>
      <![CDATA[TC1]]>
    </line>
    <line>
      <![CDATA[TC1]]>
    </line>
    <line>
      <![CDATA[TC1]]>
    </line>
    <line>
      <![CDATA[TC1]]>
    </line>
    <line>
      <![CDATA[TC1]]>
    </line>
    <line>
      <![CDATA[TC1]]>
    </line>
    <line>
      <![CDATA[TC1]]>
    </line>
    <line>
      <![CDATA[TC1]]>
    </line>
    <line>
      <![CDATA[TC1]]>
    </line>
    <line>
      <![CDATA[TC1]]>
    </line>
    <line>
      <![CDATA[TC1]]>
    </line>
    <line>
      <![CDATA[TC1]]>
    </line>
    <line>
      <![CDATA[TC1]]>
    </line>
    <line>
      <![CDATA[TC1]]>
    </line>
    <line>
      <![CDATA[TC1]]>
    </line>
    <line>
      <![CDATA[TC1]]>
    </line>
    <line>
      <![CDATA[TC1]]>
    </line>
    <line>
      <![CDATA[TC1]]>
    </line>
    <line>
      <![CDATA[TC1]]>
    </line>
    <line>
      <![CDATA[TC1]]>
    </line>
    <line>
      <![CDATA[TC1]]>
    </line>
    <line>
      <![CDATA[TC1]]>
    </line>
    <line>
      <![CDATA[TC1]]>
    </line>
    <line>
      <![CDATA[TC1]]>
    </line>
    <line>
      <![CDATA[TC1]]>
    </line>
    <line>
      <![CDATA[TC1]]>
    </line>
    <line>
      <![CDATA[TC1]]>
    </line>
    <line>
      <![CDATA[TC1]]>
    </line>
    <line>
      <![CDATA[TC1]]>
    </line>
    <line>
      <![CDATA[TC1]]>
    </line>
    <line>
      <![CDATA[TC1]]>
    </line>
    <line>
      <![CDATA[TC1]]>
    </line>
    <line>
      <![CDATA[TC1]]>
    </line>
    <line>
      <![CDATA[TC1]]>
    </line>
    <line>
      <![CDATA[TC1]]>
    </line>
    <line>
      <![CDATA[TC1]]>
    </line>
    <line>
      <![CDATA[TC1]]>
    </line>
    <line>
      <![CDATA[TC1]]>
    </line>
    <line>
      <![CDATA[TC1]]>
    </line>
    <line>
      <![CDATA[TC1]]>
    </line>
    <line>
      <![CDATA[TC1]]>
    </line>
    <line>
      <![CDATA[TC1]]>
    </line>
    <line>
      <![CDATA[TC1]]>
    </line>
    <line>
      <![CDATA[TC1]]>
    </line>
    <line>
      <![CDATA[TC1]]>
    </line>
    <line>
      <![CDATA[TC1]]>
    </line>
    <line>
      <![CDATA[TC1]]>
    </line>
    <line>
      <![CDATA[TC1]]>
    </line>
    <line>
      <![CDATA[TC1]]>
    </line>
    <line>
      <![CDATA[TC1]]>
    </line>
    <line>
      <![CDATA[TC1]]>
    </line>
    <line>
      <![CDATA[TC1]]>
    </line>
    <line>
      <![CDATA[TC1]]>
    </line>
    <line>
      <![CDATA[TC1]]>
    </line>
    <line>
      <![CDATA[TC1]]>
    </line>
    <line>
      <![CDATA[TC1]]>
    </line>
    <line>
      <![CDATA[TC1]]>
    </line>
    <line>
      <![CDATA[TC1]]>
    </line>
    <line>
      <![CDATA[TC1]]>
    </line>
    <line>
      <![CDATA[TC1]]>
    </line>
    <line>
      <![CDATA[TC1]]>
    </line>
    <line>
      <![CDATA[TC1]]>
    </line>
    <line>
      <![CDATA[TC1]]>
    </line>
    <line>
      <![CDATA[TC1]]>
    </line>
    <line>
      <![CDATA[TC1]]>
    </line>
    <line>
      <![CDATA[TC1]]>
    </line>
    <line>
      <![CDATA[TC1]]>
    </line>
    <line>
      <![CDATA[TC1]]>
    </line>
    <line>
      <![CDATA[TC1]]>
    </line>
    <line>
      <![CDATA[TC1]]>
    </line>
    <line>
      <![CDATA[TC1]]>
    </line>
    <line>
      <![CDATA[TC1]]>
    </line>
    <line>
      <![CDATA[TC1]]>
    </line>
    <line>
      <![CDATA[TC1]]>
    </line>
    <line>
      <![CDATA[TC1]]>
    </line>
    <line>
      <![CDATA[TC1]]>
    </line>
    <line>
      <![CDATA[TC1]]>
    </line>
    <line>
      <![CDATA[TC1]]>
    </line>
    <line>
      <![CDATA[TC1]]>
    </line>
    <line>
      <![CDATA[TC1]]>
    </line>
    <line>
      <![CDATA[TC1]]>
    </line>
    <line>
      <![CDATA[TC1]]>
    </line>
    <line>
      <![CDATA[TC1]]>
    </line>
    <line>
      <![CDATA[TC1]]>
    </line>
    <line>
      <![CDATA[TC1]]>
    </line>
    <line>
      <![CDATA[TC1]]>
    </line>
    <line>
      <![CDATA[TC1]]>
    </line>
    <line>
      <![CDATA[TC1]]>
    </line>
    <line>
      <![CDATA[TC1]]>
    </line>
    <line>
      <![CDATA[TC1]]>
    </line>
    <line>
      <![CDATA[TC1]]>
    </line>
    <line>
      <![CDATA[TC1]]>
    </line>
    <line>
      <![CDATA[TC1]]>
    </line>
    <line>
      <![CDATA[TC1]]>
    </line>
    <line>
      <![CDATA[TC1]]>
    </line>
    <line>
      <![CDATA[TC1]]>
    </line>
    <line>
      <![CDATA[TC1]]>
    </line>
    <line>
      <![CDATA[TC1]]>
    </line>
    <line>
      <![CDATA[TC1]]>
    </line>
    <line>
      <![CDATA[TC1]]>
    </line>
    <line>
      <![CDATA[TC1]]>
    </line>
    <line>
      <![CDATA[TC1]]>
    </line>
    <line>
      <![CDATA[TC1]]>
    </line>
    <line>
      <![CDATA[TC1]]>
    </line>
    <line>
      <![CDATA[TC1]]>
    </line>
    <line>
      <![CDATA[TC1]]>
    </line>
    <line>
      <![CDATA[TC1]]>
    </line>
    <line>
      <![CDATA[TC1]]>
    </line>
    <line>
      <![CDATA[TC1]]>
    </line>
    <line>
      <![CDATA[TC1]]>
    </line>
    <line>
      <![CDATA[TC1]]>
    </line>
    <line>
      <![CDATA[TC1]]>
    </line>
    <line>
      <![CDATA[TC1]]>
    </line>
    <line>
      <![CDATA[TC1]]>
    </line>
    <line>
      <![CDATA[TC1]]>
    </line>
    <line>
      <![CDATA[TC1]]>
    </line>
    <line>
      <![CDATA[TC1]]>
    </line>
    <line>
      <![CDATA[TC1]]>
    </line>
    <line>
      <![CDATA[TC1]]>
    </line>
    <line>
      <![CDATA[TC1]]>
    </line>
    <line>
      <![CDATA[TC1]]>
    </line>
    <line>
      <![CDATA[TC1]]>
    </line>
    <line>
      <![CDATA[TC1]]>
    </line>
    <line>
      <![CDATA[TC1]]>
    </line>
    <line>
      <![CDATA[TC1]]>
    </line>
    <line>
      <![CDATA[TC1]]>
    </line>
    <line>
      <![CDATA[TC1]]>
    </line>
    <line>
      <![CDATA[TC1]]>
    </line>
    <line>
      <![CDATA[TC1]]>
    </line>
    <line>
      <![CDATA[TC1]]>
    </line>
    <line>
      <![CDATA[TC1]]>
    </line>
    <line>
      <![CDATA[TC1]]>
    </line>
    <line>
      <![CDATA[TC1]]>
    </line>
    <line>
      <![CDATA[TC1]]>
    </line>
    <line>
      <![CDATA[TC1]]>
    </line>
    <line>
      <![CDATA[TC1]]>
    </line>
    <line>
      <![CDATA[TC1]]>
    </line>
    <line>
      <![CDATA[TC1]]>
    </line>
    <line>
      <![CDATA[TC1]]>
    </line>
    <line>
      <![CDATA[TC1]]>
    </line>
    <line>
      <![CDATA[TC1]]>
    </line>
    <line>
      <![CDATA[TC1]]>
    </line>
    <line>
      <![CDATA[TC1]]>
    </line>
    <line>
      <![CDATA[TC1]]>
    </line>
    <line>
      <![CDATA[TC1]]>
    </line>
    <line>
      <![CDATA[TC1]]>
    </line>
    <line>
      <![CDATA[TC1]]>
    </line>
    <line>
      <![CDATA[TC1]]>
    </line>
    <line>
      <![CDATA[TC1]]>
    </line>
    <line>
      <![CDATA[TC1]]>
    </line>
    <line>
      <![CDATA[TC1]]>
    </line>
    <line>
      <![CDATA[TC1]]>
    </line>
    <line>
      <![CDATA[TC1]]>
    </line>
    <line>
      <![CDATA[TC1]]>
    </line>
    <line>
      <![CDATA[TC1]]>
    </line>
    <line>
      <![CDATA[TC1]]>
    </line>
    <line>
      <![CDATA[TC1]]>
    </line>
    <line>
      <![CDATA[TC1]]>
    </line>
    <line>
      <![CDATA[TC1]]>
    </line>
    <line>
      <![CDATA[TC1]]>
    </line>
    <line>
      <![CDATA[TC1]]>
    </line>
    <line>
      <![CDATA[TC1]]>
    </line>
    <line>
      <![CDATA[TC1]]>
    </line>
    <line>
      <![CDATA[TC1]]>
    </line>
    <line>
      <![CDATA[TC1]]>
    </line>
    <line>
      <![CDATA[TC1]]>
    </line>
    <line>
      <![CDATA[TC1]]>
    </line>
    <line>
      <![CDATA[TC1]]>
    </line>
    <line>
      <![CDATA[TC1]]>
    </line>
    <line>
      <![CDATA[TC1]]>
    </line>
    <line>
      <![CDATA[TC1]]>
    </line>
    <line>
      <![CDATA[TC1]]>
    </line>
    <line>
      <![CDATA[TC1]]>
    </line>
    <line>
      <![CDATA[TC1]]>
    </line>
    <line>
      <![CDATA[TC1]]>
    </line>
    <line>
      <![CDATA[TC1]]>
    </line>
    <line>
      <![CDATA[TC1]]>
    </line>
    <line>
      <![CDATA[TC1]]>
    </line>
    <line>
      <![CDATA[TC1]]>
    </line>
    <line>
      <![CDATA[TC1]]>
    </line>
    <line>
      <![CDATA[TC1]]>
    </line>
    <line>
      <![CDATA[TC1]]>
    </line>
    <line>
      <![CDATA[TC1]]>
    </line>
    <line>
      <![CDATA[TC1]]>
    </line>
    <line>
      <![CDATA[TC1]]>
    </line>
    <line>
      <![CDATA[TC1]]>
    </line>
    <line>
      <![CDATA[TC1]]>
    </line>
    <line>
      <![CDATA[TC1]]>
    </line>
    <line>
      <![CDATA[TC1]]>
    </line>
    <line>
      <![CDATA[TC1]]>
    </line>
    <line>
      <![CDATA[TC1]]>
    </line>
    <line>
      <![CDATA[TC1]]>
    </line>
    <line>
      <![CDATA[TC1]]>
    </line>
    <line>
      <![CDATA[TC1]]>
    </line>
    <line>
      <![CDATA[TC1]]>
    </line>
    <line>
      <![CDATA[TC1]]>
    </line>
    <line>
      <![CDATA[TC1]]>
    </line>
    <line>
      <![CDATA[TC1]]>
    </line>
    <line>
      <![CDATA[TC1]]>
    </line>
    <line>
      <![CDATA[TC1]]>
    </line>
    <line>
      <![CDATA[TC1]]>
    </line>
    <line>
      <![CDATA[TC1]]>
    </line>
    <line>
      <![CDATA[TC1]]>
    </line>
    <line>
      <![CDATA[TC1]]>
    </line>
    <line>
      <![CDATA[TC1]]>
    </line>
    <line>
      <![CDATA[TC1]]>
    </line>
    <line>
      <![CDATA[TC1]]>
    </line>
    <line>
      <![CDATA[TC1]]>
    </line>
    <line>
      <![CDATA[TC1]]>
    </line>
    <line>
      <![CDATA[TC1]]>
    </line>
    <line>
      <![CDATA[TC1]]>
    </line>
    <line>
      <![CDATA[TC1]]>
    </line>
    <line>
      <![CDATA[TC1]]>
    </line>
    <line>
      <![CDATA[TC1]]>
    </line>
    <line>
      <![CDATA[TC1]]>
    </line>
    <line>
      <![CDATA[TC1]]>
    </line>
    <line>
      <![CDATA[TC1]]>
    </line>
    <line>
      <![CDATA[TC1]]>
    </line>
    <line>
      <![CDATA[TC1]]>
    </line>
    <line>
      <![CDATA[TC1]]>
    </line>
    <line>
      <![CDATA[TC1]]>
    </line>
    <line>
      <![CDATA[TC1]]>
    </line>
    <line>
      <![CDATA[TC1]]>
    </line>
    <line>
      <![CDATA[TC1]]>
    </line>
    <line>
      <![CDATA[TC1]]>
    </line>
    <line>
      <![CDATA[TC1]]>
    </line>
    <line>
      <![CDATA[TC1]]>
    </line>
    <line>
      <![CDATA[TC1]]>
    </line>
    <line>
      <![CDATA[TC1]]>
    </line>
    <line>
      <![CDATA[TC1]]>
    </line>
    <line>
      <![CDATA[TC1]]>
    </line>
    <line>
      <![CDATA[TC1]]>
    </line>
    <line>
      <![CDATA[TC1]]>
    </line>
    <line>
      <![CDATA[TC1]]>
    </line>
    <line>
      <![CDATA[TC1]]>
    </line>
    <line>
      <![CDATA[TC1]]>
    </line>
    <line>
      <![CDATA[TC1]]>
    </line>
    <line>
      <![CDATA[TC1]]>
    </line>
    <line>
      <![CDATA[TC1]]>
    </line>
    <line>
      <![CDATA[TC1]]>
    </line>
    <line>
      <![CDATA[TC1]]>
    </line>
    <line>
      <![CDATA[TC1]]>
    </line>
    <line>
      <![CDATA[TC1]]>
    </line>
    <line>
      <![CDATA[TC1]]>
    </line>
    <line>
      <![CDATA[TC1]]>
    </line>
    <line>
      <![CDATA[TC1]]>
    </line>
    <line>
      <![CDATA[TC1]]>
    </line>
    <line>
      <![CDATA[TC1]]>
    </line>
    <line>
      <![CDATA[TC1]]>
    </line>
    <line>
      <![CDATA[TC1]]>
    </line>
    <line>
      <![CDATA[TC1]]>
    </line>
    <line>
      <![CDATA[TC1]]>
    </line>
    <line>
      <![CDATA[TC1]]>
    </line>
    <line>
      <![CDATA[TC1]]>
    </line>
    <line>
      <![CDATA[TC1]]>
    </line>
    <line>
      <![CDATA[TC1]]>
    </line>
    <line>
      <![CDATA[TC1]]>
    </line>
    <line>
      <![CDATA[TC1]]>
    </line>
    <line>
      <![CDATA[TC1]]>
    </line>
    <line>
      <![CDATA[TC1]]>
    </line>
    <line>
      <![CDATA[TC1]]>
    </line>
    <line>
      <![CDATA[TC1]]>
    </line>
    <line>
      <![CDATA[TC1]]>
    </line>
    <line>
      <![CDATA[TC1]]>
    </line>
    <line>
      <![CDATA[TC1]]>
    </line>
    <line>
      <![CDATA[TC1]]>
    </line>
    <line>
      <![CDATA[TC1]]>
    </line>
    <line>
      <![CDATA[TC1]]>
    </line>
    <line>
      <![CDATA[TC1]]>
    </line>
    <line>
      <![CDATA[TC1]]>
    </line>
    <line>
      <![CDATA[TC1]]>
    </line>
    <line>
      <![CDATA[TC1]]>
    </line>
    <line>
      <![CDATA[TC1]]>
    </line>
    <line>
      <![CDATA[TC1]]>
    </line>
    <line>
      <![CDATA[TC1]]>
    </line>
    <line>
      <![CDATA[TC1]]>
    </line>
    <line>
      <![CDATA[TC1]]>
    </line>
    <line>
      <![CDATA[TC1]]>
    </line>
    <line>
      <![CDATA[TC1]]>
    </line>
    <line>
      <![CDATA[TC1]]>
    </line>
    <line>
      <![CDATA[TC1]]>
    </line>
    <line>
      <![CDATA[TC1]]>
    </line>
    <line>
      <![CDATA[TC1]]>
    </line>
    <line>
      <![CDATA[TC1]]>
    </line>
    <line>
      <![CDATA[TC1]]>
    </line>
    <line>
      <![CDATA[TC1]]>
    </line>
    <line>
      <![CDATA[TC1]]>
    </line>
    <line>
      <![CDATA[TC1]]>
    </line>
    <line>
      <![CDATA[TC1]]>
    </line>
    <line>
      <![CDATA[TC1]]>
    </line>
    <line>
      <![CDATA[TC1]]>
    </line>
    <line>
      <![CDATA[TC1]]>
    </line>
    <line>
      <![CDATA[TC1]]>
    </line>
    <line>
      <![CDATA[TC1]]>
    </line>
    <line>
      <![CDATA[TC1]]>
    </line>
    <line>
      <![CDATA[TC1]]>
    </line>
    <line>
      <![CDATA[TC1]]>
    </line>
    <line>
      <![CDATA[TC1]]>
    </line>
    <line>
      <![CDATA[TC1]]>
    </line>
    <line>
      <![CDATA[TC1]]>
    </line>
    <line>
      <![CDATA[TC1]]>
    </line>
    <line>
      <![CDATA[TC1]]>
    </line>
    <line>
      <![CDATA[TC1]]>
    </line>
    <line>
      <![CDATA[TC1]]>
    </line>
    <line>
      <![CDATA[TC1]]>
    </line>
    <line>
      <![CDATA[TC1]]>
    </line>
    <line>
      <![CDATA[TC1]]>
    </line>
    <line>
      <![CDATA[TC1]]>
    </line>
    <line>
      <![CDATA[TC1]]>
    </line>
    <line>
      <![CDATA[TC1]]>
    </line>
    <line>
      <![CDATA[TC1]]>
    </line>
    <line>
      <![CDATA[TC1]]>
    </line>
    <line>
      <![CDATA[TC1]]>
    </line>
    <line>
      <![CDATA[TC1]]>
    </line>
    <line>
      <![CDATA[TC1]]>
    </line>
    <line>
      <![CDATA[TC1]]>
    </line>
    <line>
      <![CDATA[TC1]]>
    </line>
    <line>
      <![CDATA[TC1]]>
    </line>
    <line>
      <![CDATA[TC1]]>
    </line>
    <line>
      <![CDATA[TC1]]>
    </line>
    <line>
      <![CDATA[TC1]]>
    </line>
    <line>
      <![CDATA[TC1]]>
    </line>
    <line>
      <![CDATA[TC1]]>
    </line>
    <line>
      <![CDATA[TC1]]>
    </line>
    <line>
      <![CDATA[TC1]]>
    </line>
    <line>
      <![CDATA[TC1]]>
    </line>
    <line>
      <![CDATA[TC1]]>
    </line>
    <line>
      <![CDATA[TC1]]>
    </line>
    <line>
      <![CDATA[TC1]]>
    </line>
    <line>
      <![CDATA[TC1]]>
    </line>
    <line>
      <![CDATA[TC1]]>
    </line>
    <line>
      <![CDATA[TC1]]>
    </line>
    <line>
      <![CDATA[TC1]]>
    </line>
    <line>
      <![CDATA[TC1]]>
    </line>
    <line>
      <![CDATA[TC1]]>
    </line>
    <line>
      <![CDATA[TC1]]>
    </line>
    <line>
      <![CDATA[TC1]]>
    </line>
    <line>
      <![CDATA[TC1]]>
    </line>
    <line>
      <![CDATA[TC1]]>
    </line>
    <line>
      <![CDATA[TC1]]>
    </line>
    <line>
      <![CDATA[TC1]]>
    </line>
    <line>
      <![CDATA[TC1]]>
    </line>
    <line>
      <![CDATA[TC1]]>
    </line>
    <line>
      <![CDATA[TC1]]>
    </line>
    <line>
      <![CDATA[TC1]]>
    </line>
    <line>
      <![CDATA[TC1]]>
    </line>
    <line>
      <![CDATA[TC1]]>
    </line>
    <line>
      <![CDATA[TC1]]>
    </line>
    <line>
      <![CDATA[TC1]]>
    </line>
    <line>
      <![CDATA[TC1]]>
    </line>
    <line>
      <![CDATA[TC1]]>
    </line>
    <line>
      <![CDATA[TC1]]>
    </line>
    <line>
      <![CDATA[TC1]]>
    </line>
    <line>
      <![CDATA[TC1]]>
    </line>
    <line>
      <![CDATA[TC1]]>
    </line>
    <line>
      <![CDATA[TC1]]>
    </line>
    <line>
      <![CDATA[TC1]]>
    </line>
    <line>
      <![CDATA[TC1]]>
    </line>
    <line>
      <![CDATA[TC1]]>
    </line>
    <line>
      <![CDATA[TC1]]>
    </line>
    <line>
      <![CDATA[TC1]]>
    </line>
    <line>
      <![CDATA[TC1]]>
    </line>
    <line>
      <![CDATA[TC1]]>
    </line>
    <line>
      <![CDATA[TC1]]>
    </line>
    <line>
      <![CDATA[TC1]]>
    </line>
    <line>
      <![CDATA[TC1]]>
    </line>
    <line>
      <![CDATA[TC1]]>
    </line>
    <line>
      <![CDATA[TC1]]>
    </line>
    <line>
      <![CDATA[TC1]]>
    </line>
    <line>
      <![CDATA[TC1]]>
    </line>
    <line>
      <![CDATA[TC1]]>
    </line>
    <line>
      <![CDATA[TC1]]>
    </line>
    <line>
      <![CDATA[TC1]]>
    </line>
    <line>
      <![CDATA[TC1]]>
    </line>
    <line>
      <![CDATA[TC1]]>
    </line>
    <line>
      <![CDATA[TC1]]>
    </line>
    <line>
      <![CDATA[TC1]]>
    </line>
    <line>
      <![CDATA[TC1]]>
    </line>
    <line>
      <![CDATA[TC1]]>
    </line>
    <line>
      <![CDATA[TC1]]>
    </line>
    <line>
      <![CDATA[TC1]]>
    </line>
    <line>
      <![CDATA[TC1]]>
    </line>
    <line>
      <![CDATA[TC1]]>
    </line>
    <line>
      <![CDATA[TC1]]>
    </line>
    <line>
      <![CDATA[TC1]]>
    </line>
    <line>
      <![CDATA[TC1]]>
    </line>
    <line>
      <![CDATA[TC1]]>
    </line>
    <line>
      <![CDATA[TC1]]>
    </line>
    <line>
      <![CDATA[TC1]]>
    </line>
    <line>
      <![CDATA[TC1]]>
    </line>
    <line>
      <![CDATA[TC1]]>
    </line>
    <line>
      <![CDATA[TC2]]>
    </line>
    <line>
      <![CDATA[TC2]]>
    </line>
    <line>
      <![CDATA[TC2]]>
    </line>
    <line>
      <![CDATA[TC2]]>
    </line>
    <line>
      <![CDATA[TC2]]>
    </line>
    <line>
      <![CDATA[TC2]]>
    </line>
    <line>
      <![CDATA[TC2]]>
    </line>
    <line>
      <![CDATA[TC2]]>
    </line>
    <line>
      <![CDATA[TC2]]>
    </line>
    <line>
      <![CDATA[TC2]]>
    </line>
    <line>
      <![CDATA[TC2]]>
    </line>
    <line>
      <![CDATA[TC2]]>
    </line>
    <line>
      <![CDATA[TC2]]>
    </line>
    <line>
      <![CDATA[TC2]]>
    </line>
    <line>
      <![CDATA[TC2]]>
    </line>
    <line>
      <![CDATA[TC2]]>
    </line>
    <line>
      <![CDATA[TC2]]>
    </line>
    <line>
      <![CDATA[TC2]]>
    </line>
    <line>
      <![CDATA[TC2]]>
    </line>
    <line>
      <![CDATA[TC2]]>
    </line>
    <line>
      <![CDATA[TC2]]>
    </line>
    <line>
      <![CDATA[TC2]]>
    </line>
    <line>
      <![CDATA[TC2]]>
    </line>
    <line>
      <![CDATA[TC2]]>
    </line>
    <line>
      <![CDATA[TC2]]>
    </line>
    <line>
      <![CDATA[TC2]]>
    </line>
    <line>
      <![CDATA[TC2]]>
    </line>
    <line>
      <![CDATA[TC2]]>
    </line>
    <line>
      <![CDATA[TC2]]>
    </line>
    <line>
      <![CDATA[TC2]]>
    </line>
    <line>
      <![CDATA[TC2]]>
    </line>
    <line>
      <![CDATA[TC2]]>
    </line>
    <line>
      <![CDATA[TC2]]>
    </line>
    <line>
      <![CDATA[TC2]]>
    </line>
    <line>
      <![CDATA[TC2]]>
    </line>
    <line>
      <![CDATA[TC2]]>
    </line>
    <line>
      <![CDATA[TC2]]>
    </line>
    <line>
      <![CDATA[TC2]]>
    </line>
    <line>
      <![CDATA[TC2]]>
    </line>
    <line>
      <![CDATA[TC2]]>
    </line>
    <line>
      <![CDATA[TC2]]>
    </line>
    <line>
      <![CDATA[TC2]]>
    </line>
    <line>
      <![CDATA[TC2]]>
    </line>
    <line>
      <![CDATA[TC2]]>
    </line>
    <line>
      <![CDATA[TC2]]>
    </line>
    <line>
      <![CDATA[TC2]]>
    </line>
    <line>
      <![CDATA[TC2]]>
    </line>
    <line>
      <![CDATA[TC2]]>
    </line>
    <line>
      <![CDATA[TC2]]>
    </line>
    <line>
      <![CDATA[TC2]]>
    </line>
    <line>
      <![CDATA[TC3]]>
    </line>
    <line>
      <![CDATA[TC3]]>
    </line>
    <line>
      <![CDATA[TC3]]>
    </line>
    <line>
      <![CDATA[TC3]]>
    </line>
    <line>
      <![CDATA[TC3]]>
    </line>
    <line>
      <![CDATA[TC3]]>
    </line>
    <line>
      <![CDATA[TC3]]>
    </line>
    <line>
      <![CDATA[TC3]]>
    </line>
    <line>
      <![CDATA[TC3]]>
    </line>
    <line>
      <![CDATA[TC3]]>
    </line>
    <line>
      <![CDATA[TC3]]>
    </line>
    <line>
      <![CDATA[TC3]]>
    </line>
    <line>
      <![CDATA[TC3]]>
    </line>
    <line>
      <![CDATA[TC3]]>
    </line>
    <line>
      <![CDATA[TC3]]>
    </line>
    <line>
      <![CDATA[TC3]]>
    </line>
    <line>
      <![CDATA[TC3]]>
    </line>
    <line>
      <![CDATA[TC3]]>
    </line>
    <line>
      <![CDATA[TC3]]>
    </line>
    <line>
      <![CDATA[TC3]]>
    </line>
    <line>
      <![CDATA[TC3]]>
    </line>
    <line>
      <![CDATA[TC3]]>
    </line>
    <line>
      <![CDATA[TC3]]>
    </line>
    <line>
      <![CDATA[TC3]]>
    </line>
    <line>
      <![CDATA[TC3]]>
    </line>
    <line>
      <![CDATA[TC3]]>
    </line>
    <line>
      <![CDATA[TC3]]>
    </line>
    <line>
      <![CDATA[TC3]]>
    </line>
    <line>
      <![CDATA[TC3]]>
    </line>
    <line>
      <![CDATA[TC3]]>
    </line>
    <line>
      <![CDATA[TC3]]>
    </line>
    <line>
      <![CDATA[TC3]]>
    </line>
    <line>
      <![CDATA[TC3]]>
    </line>
    <line>
      <![CDATA[TC3]]>
    </line>
    <line>
      <![CDATA[TC3]]>
    </line>
    <line>
      <![CDATA[TC3]]>
    </line>
    <line>
      <![CDATA[TC3]]>
    </line>
    <line>
      <![CDATA[TC3]]>
    </line>
    <line>
      <![CDATA[TC3]]>
    </line>
    <line>
      <![CDATA[TC3]]>
    </line>
    <line>
      <![CDATA[TC3]]>
    </line>
    <line>
      <![CDATA[TC3]]>
    </line>
    <line>
      <![CDATA[TC3]]>
    </line>
    <line>
      <![CDATA[TC3]]>
    </line>
    <line>
      <![CDATA[TC3]]>
    </line>
    <line>
      <![CDATA[TC3]]>
    </line>
    <line>
      <![CDATA[TC3]]>
    </line>
    <line>
      <![CDATA[TC3]]>
    </line>
    <line>
      <![CDATA[TC3]]>
    </line>
    <line>
      <![CDATA[TC3]]>
    </line>
  </reporter-output>
  <suite started-at="2023-02-02T12:44:27 IST" name="Default suite" finished-at="2023-02-02T12:44:30 IST" duration-ms="3235">
    <groups>
    </groups>
    <test started-at="2023-02-02T12:44:27 IST" name="Default test" finished-at="2023-02-02T12:44:30 IST" duration-ms="3235">
      <class name="testNG.aa1">
        <test-method signature="TC1()[pri:0, instance:testNG.aa1@4e096385]" started-at="2023-02-02T12:44:27 IST" name="TC1" finished-at="2023-02-02T12:44:27 IST" duration-ms="14" status="PASS">
          <reporter-output>
            <line>
              <![CDATA[TC1]]>
            </line>
          </reporter-output>
        </test-method> <!-- TC1 -->
        <test-method signature="TC1()[pri:0, instance:testNG.aa1@4e096385]" started-at="2023-02-02T12:44:27 IST" name="TC1" finished-at="2023-02-02T12:44:27 IST" duration-ms="3" status="PASS">
          <reporter-output>
            <line>
              <![CDATA[TC1]]>
            </line>
          </reporter-output>
        </test-method> <!-- TC1 -->
        <test-method signature="TC1()[pri:0, instance:testNG.aa1@4e096385]" started-at="2023-02-02T12:44:27 IST" name="TC1" finished-at="2023-02-02T12:44:27 IST" duration-ms="3" status="PASS">
          <reporter-output>
            <line>
              <![CDATA[TC1]]>
            </line>
          </reporter-output>
        </test-method> <!-- TC1 -->
        <test-method signature="TC1()[pri:0, instance:testNG.aa1@4e096385]" started-at="2023-02-02T12:44:27 IST" name="TC1" finished-at="2023-02-02T12:44:27 IST" duration-ms="4" status="PASS">
          <reporter-output>
            <line>
              <![CDATA[TC1]]>
            </line>
          </reporter-output>
        </test-method> <!-- TC1 -->
        <test-method signature="TC1()[pri:0, instance:testNG.aa1@4e096385]" started-at="2023-02-02T12:44:27 IST" name="TC1" finished-at="2023-02-02T12:44:27 IST" duration-ms="2" status="PASS">
          <reporter-output>
            <line>
              <![CDATA[TC1]]>
            </line>
          </reporter-output>
        </test-method> <!-- TC1 -->
        <test-method signature="TC1()[pri:0, instance:testNG.aa1@4e096385]" started-at="2023-02-02T12:44:27 IST" name="TC1" finished-at="2023-02-02T12:44:27 IST" duration-ms="3" status="PASS">
          <reporter-output>
            <line>
              <![CDATA[TC1]]>
            </line>
          </reporter-output>
        </test-method> <!-- TC1 -->
        <test-method signature="TC1()[pri:0, instance:testNG.aa1@4e096385]" started-at="2023-02-02T12:44:27 IST" name="TC1" finished-at="2023-02-02T12:44:27 IST" duration-ms="1" status="PASS">
          <reporter-output>
            <line>
              <![CDATA[TC1]]>
            </line>
          </reporter-output>
        </test-method> <!-- TC1 -->
        <test-method signature="TC1()[pri:0, instance:testNG.aa1@4e096385]" started-at="2023-02-02T12:44:27 IST" name="TC1" finished-at="2023-02-02T12:44:27 IST" duration-ms="2" status="PASS">
          <reporter-output>
            <line>
              <![CDATA[TC1]]>
            </line>
          </reporter-output>
        </test-method> <!-- TC1 -->
        <test-method signature="TC1()[pri:0, instance:testNG.aa1@4e096385]" started-at="2023-02-02T12:44:27 IST" name="TC1" finished-at="2023-02-02T12:44:27 IST" duration-ms="1" status="PASS">
          <reporter-output>
            <line>
              <![CDATA[TC1]]>
            </line>
          </reporter-output>
        </test-method> <!-- TC1 -->
        <test-method signature="TC1()[pri:0, instance:testNG.aa1@4e096385]" started-at="2023-02-02T12:44:27 IST" name="TC1" finished-at="2023-02-02T12:44:27 IST" duration-ms="2" status="PASS">
          <reporter-output>
            <line>
              <![CDATA[TC1]]>
            </line>
          </reporter-output>
        </test-method> <!-- TC1 -->
        <test-method signature="TC1()[pri:0, instance:testNG.aa1@4e096385]" started-at="2023-02-02T12:44:27 IST" name="TC1" finished-at="2023-02-02T12:44:27 IST" duration-ms="1" status="PASS">
          <reporter-output>
            <line>
              <![CDATA[TC1]]>
            </line>
          </reporter-output>
        </test-method> <!-- TC1 -->
        <test-method signature="TC1()[pri:0, instance:testNG.aa1@4e096385]" started-at="2023-02-02T12:44:27 IST" name="TC1" finished-at="2023-02-02T12:44:27 IST" duration-ms="1" status="PASS">
          <reporter-output>
            <line>
              <![CDATA[TC1]]>
            </line>
          </reporter-output>
        </test-method> <!-- TC1 -->
        <test-method signature="TC1()[pri:0, instance:testNG.aa1@4e096385]" started-at="2023-02-02T12:44:27 IST" name="TC1" finished-at="2023-02-02T12:44:27 IST" duration-ms="2" status="PASS">
          <reporter-output>
            <line>
              <![CDATA[TC1]]>
            </line>
          </reporter-output>
        </test-method> <!-- TC1 -->
        <test-method signature="TC1()[pri:0, instance:testNG.aa1@4e096385]" started-at="2023-02-02T12:44:27 IST" name="TC1" finished-at="2023-02-02T12:44:27 IST" duration-ms="2" status="PASS">
          <reporter-output>
            <line>
              <![CDATA[TC1]]>
            </line>
          </reporter-output>
        </test-method> <!-- TC1 -->
        <test-method signature="TC1()[pri:0, instance:testNG.aa1@4e096385]" started-at="2023-02-02T12:44:27 IST" name="TC1" finished-at="2023-02-02T12:44:27 IST" duration-ms="1" status="PASS">
          <reporter-output>
            <line>
              <![CDATA[TC1]]>
            </line>
          </reporter-output>
        </test-method> <!-- TC1 -->
        <test-method signature="TC1()[pri:0, instance:testNG.aa1@4e096385]" started-at="2023-02-02T12:44:27 IST" name="TC1" finished-at="2023-02-02T12:44:27 IST" duration-ms="3" status="PASS">
          <reporter-output>
            <line>
              <![CDATA[TC1]]>
            </line>
          </reporter-output>
        </test-method> <!-- TC1 -->
        <test-method signature="TC1()[pri:0, instance:testNG.aa1@4e096385]" started-at="2023-02-02T12:44:27 IST" name="TC1" finished-at="2023-02-02T12:44:27 IST" duration-ms="2" status="PASS">
          <reporter-output>
            <line>
              <![CDATA[TC1]]>
            </line>
          </reporter-output>
        </test-method> <!-- TC1 -->
        <test-method signature="TC1()[pri:0, instance:testNG.aa1@4e096385]" started-at="2023-02-02T12:44:27 IST" name="TC1" finished-at="2023-02-02T12:44:27 IST" duration-ms="1" status="PASS">
          <reporter-output>
            <line>
              <![CDATA[TC1]]>
            </line>
          </reporter-output>
        </test-method> <!-- TC1 -->
        <test-method signature="TC1()[pri:0, instance:testNG.aa1@4e096385]" started-at="2023-02-02T12:44:27 IST" name="TC1" finished-at="2023-02-02T12:44:27 IST" duration-ms="1" status="PASS">
          <reporter-output>
            <line>
              <![CDATA[TC1]]>
            </line>
          </reporter-output>
        </test-method> <!-- TC1 -->
        <test-method signature="TC1()[pri:0, instance:testNG.aa1@4e096385]" started-at="2023-02-02T12:44:27 IST" name="TC1" finished-at="2023-02-02T12:44:27 IST" duration-ms="2" status="PASS">
          <reporter-output>
            <line>
              <![CDATA[TC1]]>
            </line>
          </reporter-output>
        </test-method> <!-- TC1 -->
        <test-method signature="TC1()[pri:0, instance:testNG.aa1@4e096385]" started-at="2023-02-02T12:44:27 IST" name="TC1" finished-at="2023-02-02T12:44:27 IST" duration-ms="1" status="PASS">
          <reporter-output>
            <line>
              <![CDATA[TC1]]>
            </line>
          </reporter-output>
        </test-method> <!-- TC1 -->
        <test-method signature="TC1()[pri:0, instance:testNG.aa1@4e096385]" started-at="2023-02-02T12:44:27 IST" name="TC1" finished-at="2023-02-02T12:44:27 IST" duration-ms="1" status="PASS">
          <reporter-output>
            <line>
              <![CDATA[TC1]]>
            </line>
          </reporter-output>
        </test-method> <!-- TC1 -->
        <test-method signature="TC1()[pri:0, instance:testNG.aa1@4e096385]" started-at="2023-02-02T12:44:27 IST" name="TC1" finished-at="2023-02-02T12:44:27 IST" duration-ms="2" status="PASS">
          <reporter-output>
            <line>
              <![CDATA[TC1]]>
            </line>
          </reporter-output>
        </test-method> <!-- TC1 -->
        <test-method signature="TC1()[pri:0, instance:testNG.aa1@4e096385]" started-at="2023-02-02T12:44:27 IST" name="TC1" finished-at="2023-02-02T12:44:27 IST" duration-ms="1" status="PASS">
          <reporter-output>
            <line>
              <![CDATA[TC1]]>
            </line>
          </reporter-output>
        </test-method> <!-- TC1 -->
        <test-method signature="TC1()[pri:0, instance:testNG.aa1@4e096385]" started-at="2023-02-02T12:44:27 IST" name="TC1" finished-at="2023-02-02T12:44:27 IST" duration-ms="2" status="PASS">
          <reporter-output>
            <line>
              <![CDATA[TC1]]>
            </line>
          </reporter-output>
        </test-method> <!-- TC1 -->
        <test-method signature="TC1()[pri:0, instance:testNG.aa1@4e096385]" started-at="2023-02-02T12:44:27 IST" name="TC1" finished-at="2023-02-02T12:44:27 IST" duration-ms="2" status="PASS">
          <reporter-output>
            <line>
              <![CDATA[TC1]]>
            </line>
          </reporter-output>
        </test-method> <!-- TC1 -->
        <test-method signature="TC1()[pri:0, instance:testNG.aa1@4e096385]" started-at="2023-02-02T12:44:27 IST" name="TC1" finished-at="2023-02-02T12:44:27 IST" duration-ms="1" status="PASS">
          <reporter-output>
            <line>
              <![CDATA[TC1]]>
            </line>
          </reporter-output>
        </test-method> <!-- TC1 -->
        <test-method signature="TC1()[pri:0, instance:testNG.aa1@4e096385]" started-at="2023-02-02T12:44:27 IST" name="TC1" finished-at="2023-02-02T12:44:27 IST" duration-ms="1" status="PASS">
          <reporter-output>
            <line>
              <![CDATA[TC1]]>
            </line>
          </reporter-output>
        </test-method> <!-- TC1 -->
        <test-method signature="TC1()[pri:0, instance:testNG.aa1@4e096385]" started-at="2023-02-02T12:44:27 IST" name="TC1" finished-at="2023-02-02T12:44:27 IST" duration-ms="1" status="PASS">
          <reporter-output>
            <line>
              <![CDATA[TC1]]>
            </line>
          </reporter-output>
        </test-method> <!-- TC1 -->
        <test-method signature="TC1()[pri:0, instance:testNG.aa1@4e096385]" started-at="2023-02-02T12:44:27 IST" name="TC1" finished-at="2023-02-02T12:44:27 IST" duration-ms="2" status="PASS">
          <reporter-output>
            <line>
              <![CDATA[TC1]]>
            </line>
          </reporter-output>
        </test-method> <!-- TC1 -->
        <test-method signature="TC1()[pri:0, instance:testNG.aa1@4e096385]" started-at="2023-02-02T12:44:27 IST" name="TC1" finished-at="2023-02-02T12:44:27 IST" duration-ms="1" status="PASS">
          <reporter-output>
            <line>
              <![CDATA[TC1]]>
            </line>
          </reporter-output>
        </test-method> <!-- TC1 -->
        <test-method signature="TC1()[pri:0, instance:testNG.aa1@4e096385]" started-at="2023-02-02T12:44:27 IST" name="TC1" finished-at="2023-02-02T12:44:27 IST" duration-ms="9" status="PASS">
          <reporter-output>
            <line>
              <![CDATA[TC1]]>
            </line>
          </reporter-output>
        </test-method> <!-- TC1 -->
        <test-method signature="TC1()[pri:0, instance:testNG.aa1@4e096385]" started-at="2023-02-02T12:44:27 IST" name="TC1" finished-at="2023-02-02T12:44:27 IST" duration-ms="3" status="PASS">
          <reporter-output>
            <line>
              <![CDATA[TC1]]>
            </line>
          </reporter-output>
        </test-method> <!-- TC1 -->
        <test-method signature="TC1()[pri:0, instance:testNG.aa1@4e096385]" started-at="2023-02-02T12:44:27 IST" name="TC1" finished-at="2023-02-02T12:44:27 IST" duration-ms="3" status="PASS">
          <reporter-output>
            <line>
              <![CDATA[TC1]]>
            </line>
          </reporter-output>
        </test-method> <!-- TC1 -->
        <test-method signature="TC1()[pri:0, instance:testNG.aa1@4e096385]" started-at="2023-02-02T12:44:27 IST" name="TC1" finished-at="2023-02-02T12:44:27 IST" duration-ms="1" status="PASS">
          <reporter-output>
            <line>
              <![CDATA[TC1]]>
            </line>
          </reporter-output>
        </test-method> <!-- TC1 -->
        <test-method signature="TC1()[pri:0, instance:testNG.aa1@4e096385]" started-at="2023-02-02T12:44:27 IST" name="TC1" finished-at="2023-02-02T12:44:27 IST" duration-ms="2" status="PASS">
          <reporter-output>
            <line>
              <![CDATA[TC1]]>
            </line>
          </reporter-output>
        </test-method> <!-- TC1 -->
        <test-method signature="TC1()[pri:0, instance:testNG.aa1@4e096385]" started-at="2023-02-02T12:44:27 IST" name="TC1" finished-at="2023-02-02T12:44:27 IST" duration-ms="1" status="PASS">
          <reporter-output>
            <line>
              <![CDATA[TC1]]>
            </line>
          </reporter-output>
        </test-method> <!-- TC1 -->
        <test-method signature="TC1()[pri:0, instance:testNG.aa1@4e096385]" started-at="2023-02-02T12:44:27 IST" name="TC1" finished-at="2023-02-02T12:44:27 IST" duration-ms="1" status="PASS">
          <reporter-output>
            <line>
              <![CDATA[TC1]]>
            </line>
          </reporter-output>
        </test-method> <!-- TC1 -->
        <test-method signature="TC1()[pri:0, instance:testNG.aa1@4e096385]" started-at="2023-02-02T12:44:27 IST" name="TC1" finished-at="2023-02-02T12:44:27 IST" duration-ms="1" status="PASS">
          <reporter-output>
            <line>
              <![CDATA[TC1]]>
            </line>
          </reporter-output>
        </test-method> <!-- TC1 -->
        <test-method signature="TC1()[pri:0, instance:testNG.aa1@4e096385]" started-at="2023-02-02T12:44:27 IST" name="TC1" finished-at="2023-02-02T12:44:27 IST" duration-ms="2" status="PASS">
          <reporter-output>
            <line>
              <![CDATA[TC1]]>
            </line>
          </reporter-output>
        </test-method> <!-- TC1 -->
        <test-method signature="TC1()[pri:0, instance:testNG.aa1@4e096385]" started-at="2023-02-02T12:44:27 IST" name="TC1" finished-at="2023-02-02T12:44:27 IST" duration-ms="2" status="PASS">
          <reporter-output>
            <line>
              <![CDATA[TC1]]>
            </line>
          </reporter-output>
        </test-method> <!-- TC1 -->
        <test-method signature="TC1()[pri:0, instance:testNG.aa1@4e096385]" started-at="2023-02-02T12:44:27 IST" name="TC1" finished-at="2023-02-02T12:44:27 IST" duration-ms="5" status="PASS">
          <reporter-output>
            <line>
              <![CDATA[TC1]]>
            </line>
          </reporter-output>
        </test-method> <!-- TC1 -->
        <test-method signature="TC1()[pri:0, instance:testNG.aa1@4e096385]" started-at="2023-02-02T12:44:27 IST" name="TC1" finished-at="2023-02-02T12:44:27 IST" duration-ms="1" status="PASS">
          <reporter-output>
            <line>
              <![CDATA[TC1]]>
            </line>
          </reporter-output>
        </test-method> <!-- TC1 -->
        <test-method signature="TC1()[pri:0, instance:testNG.aa1@4e096385]" started-at="2023-02-02T12:44:27 IST" name="TC1" finished-at="2023-02-02T12:44:27 IST" duration-ms="1" status="PASS">
          <reporter-output>
            <line>
              <![CDATA[TC1]]>
            </line>
          </reporter-output>
        </test-method> <!-- TC1 -->
        <test-method signature="TC1()[pri:0, instance:testNG.aa1@4e096385]" started-at="2023-02-02T12:44:27 IST" name="TC1" finished-at="2023-02-02T12:44:27 IST" duration-ms="2" status="PASS">
          <reporter-output>
            <line>
              <![CDATA[TC1]]>
            </line>
          </reporter-output>
        </test-method> <!-- TC1 -->
        <test-method signature="TC1()[pri:0, instance:testNG.aa1@4e096385]" started-at="2023-02-02T12:44:27 IST" name="TC1" finished-at="2023-02-02T12:44:27 IST" duration-ms="1" status="PASS">
          <reporter-output>
            <line>
              <![CDATA[TC1]]>
            </line>
          </reporter-output>
        </test-method> <!-- TC1 -->
        <test-method signature="TC1()[pri:0, instance:testNG.aa1@4e096385]" started-at="2023-02-02T12:44:27 IST" name="TC1" finished-at="2023-02-02T12:44:27 IST" duration-ms="1" status="PASS">
          <reporter-output>
            <line>
              <![CDATA[TC1]]>
            </line>
          </reporter-output>
        </test-method> <!-- TC1 -->
        <test-method signature="TC1()[pri:0, instance:testNG.aa1@4e096385]" started-at="2023-02-02T12:44:27 IST" name="TC1" finished-at="2023-02-02T12:44:27 IST" duration-ms="1" status="PASS">
          <reporter-output>
            <line>
              <![CDATA[TC1]]>
            </line>
          </reporter-output>
        </test-method> <!-- TC1 -->
        <test-method signature="TC1()[pri:0, instance:testNG.aa1@4e096385]" started-at="2023-02-02T12:44:27 IST" name="TC1" finished-at="2023-02-02T12:44:27 IST" duration-ms="1" status="PASS">
          <reporter-output>
            <line>
              <![CDATA[TC1]]>
            </line>
          </reporter-output>
        </test-method> <!-- TC1 -->
        <test-method signature="TC1()[pri:0, instance:testNG.aa1@4e096385]" started-at="2023-02-02T12:44:27 IST" name="TC1" finished-at="2023-02-02T12:44:27 IST" duration-ms="1" status="PASS">
          <reporter-output>
            <line>
              <![CDATA[TC1]]>
            </line>
          </reporter-output>
        </test-method> <!-- TC1 -->
        <test-method signature="TC1()[pri:0, instance:testNG.aa1@4e096385]" started-at="2023-02-02T12:44:27 IST" name="TC1" finished-at="2023-02-02T12:44:27 IST" duration-ms="1" status="PASS">
          <reporter-output>
            <line>
              <![CDATA[TC1]]>
            </line>
          </reporter-output>
        </test-method> <!-- TC1 -->
        <test-method signature="TC1()[pri:0, instance:testNG.aa1@4e096385]" started-at="2023-02-02T12:44:27 IST" name="TC1" finished-at="2023-02-02T12:44:27 IST" duration-ms="2" status="PASS">
          <reporter-output>
            <line>
              <![CDATA[TC1]]>
            </line>
          </reporter-output>
        </test-method> <!-- TC1 -->
        <test-method signature="TC1()[pri:0, instance:testNG.aa1@4e096385]" started-at="2023-02-02T12:44:27 IST" name="TC1" finished-at="2023-02-02T12:44:27 IST" duration-ms="1" status="PASS">
          <reporter-output>
            <line>
              <![CDATA[TC1]]>
            </line>
          </reporter-output>
        </test-method> <!-- TC1 -->
        <test-method signature="TC1()[pri:0, instance:testNG.aa1@4e096385]" started-at="2023-02-02T12:44:27 IST" name="TC1" finished-at="2023-02-02T12:44:27 IST" duration-ms="1" status="PASS">
          <reporter-output>
            <line>
              <![CDATA[TC1]]>
            </line>
          </reporter-output>
        </test-method> <!-- TC1 -->
        <test-method signature="TC1()[pri:0, instance:testNG.aa1@4e096385]" started-at="2023-02-02T12:44:27 IST" name="TC1" finished-at="2023-02-02T12:44:27 IST" duration-ms="1" status="PASS">
          <reporter-output>
            <line>
              <![CDATA[TC1]]>
            </line>
          </reporter-output>
        </test-method> <!-- TC1 -->
        <test-method signature="TC1()[pri:0, instance:testNG.aa1@4e096385]" started-at="2023-02-02T12:44:27 IST" name="TC1" finished-at="2023-02-02T12:44:27 IST" duration-ms="1" status="PASS">
          <reporter-output>
            <line>
              <![CDATA[TC1]]>
            </line>
          </reporter-output>
        </test-method> <!-- TC1 -->
        <test-method signature="TC1()[pri:0, instance:testNG.aa1@4e096385]" started-at="2023-02-02T12:44:27 IST" name="TC1" finished-at="2023-02-02T12:44:27 IST" duration-ms="1" status="PASS">
          <reporter-output>
            <line>
              <![CDATA[TC1]]>
            </line>
          </reporter-output>
        </test-method> <!-- TC1 -->
        <test-method signature="TC1()[pri:0, instance:testNG.aa1@4e096385]" started-at="2023-02-02T12:44:27 IST" name="TC1" finished-at="2023-02-02T12:44:27 IST" duration-ms="1" status="PASS">
          <reporter-output>
            <line>
              <![CDATA[TC1]]>
            </line>
          </reporter-output>
        </test-method> <!-- TC1 -->
        <test-method signature="TC1()[pri:0, instance:testNG.aa1@4e096385]" started-at="2023-02-02T12:44:27 IST" name="TC1" finished-at="2023-02-02T12:44:27 IST" duration-ms="1" status="PASS">
          <reporter-output>
            <line>
              <![CDATA[TC1]]>
            </line>
          </reporter-output>
        </test-method> <!-- TC1 -->
        <test-method signature="TC1()[pri:0, instance:testNG.aa1@4e096385]" started-at="2023-02-02T12:44:27 IST" name="TC1" finished-at="2023-02-02T12:44:27 IST" duration-ms="1" status="PASS">
          <reporter-output>
            <line>
              <![CDATA[TC1]]>
            </line>
          </reporter-output>
        </test-method> <!-- TC1 -->
        <test-method signature="TC1()[pri:0, instance:testNG.aa1@4e096385]" started-at="2023-02-02T12:44:27 IST" name="TC1" finished-at="2023-02-02T12:44:27 IST" duration-ms="2" status="PASS">
          <reporter-output>
            <line>
              <![CDATA[TC1]]>
            </line>
          </reporter-output>
        </test-method> <!-- TC1 -->
        <test-method signature="TC1()[pri:0, instance:testNG.aa1@4e096385]" started-at="2023-02-02T12:44:27 IST" name="TC1" finished-at="2023-02-02T12:44:27 IST" duration-ms="2" status="PASS">
          <reporter-output>
            <line>
              <![CDATA[TC1]]>
            </line>
          </reporter-output>
        </test-method> <!-- TC1 -->
        <test-method signature="TC1()[pri:0, instance:testNG.aa1@4e096385]" started-at="2023-02-02T12:44:27 IST" name="TC1" finished-at="2023-02-02T12:44:27 IST" duration-ms="1" status="PASS">
          <reporter-output>
            <line>
              <![CDATA[TC1]]>
            </line>
          </reporter-output>
        </test-method> <!-- TC1 -->
        <test-method signature="TC1()[pri:0, instance:testNG.aa1@4e096385]" started-at="2023-02-02T12:44:27 IST" name="TC1" finished-at="2023-02-02T12:44:27 IST" duration-ms="2" status="PASS">
          <reporter-output>
            <line>
              <![CDATA[TC1]]>
            </line>
          </reporter-output>
        </test-method> <!-- TC1 -->
        <test-method signature="TC1()[pri:0, instance:testNG.aa1@4e096385]" started-at="2023-02-02T12:44:27 IST" name="TC1" finished-at="2023-02-02T12:44:27 IST" duration-ms="2" status="PASS">
          <reporter-output>
            <line>
              <![CDATA[TC1]]>
            </line>
          </reporter-output>
        </test-method> <!-- TC1 -->
        <test-method signature="TC1()[pri:0, instance:testNG.aa1@4e096385]" started-at="2023-02-02T12:44:27 IST" name="TC1" finished-at="2023-02-02T12:44:27 IST" duration-ms="1" status="PASS">
          <reporter-output>
            <line>
              <![CDATA[TC1]]>
            </line>
          </reporter-output>
        </test-method> <!-- TC1 -->
        <test-method signature="TC1()[pri:0, instance:testNG.aa1@4e096385]" started-at="2023-02-02T12:44:27 IST" name="TC1" finished-at="2023-02-02T12:44:27 IST" duration-ms="1" status="PASS">
          <reporter-output>
            <line>
              <![CDATA[TC1]]>
            </line>
          </reporter-output>
        </test-method> <!-- TC1 -->
        <test-method signature="TC1()[pri:0, instance:testNG.aa1@4e096385]" started-at="2023-02-02T12:44:27 IST" name="TC1" finished-at="2023-02-02T12:44:27 IST" duration-ms="1" status="PASS">
          <reporter-output>
            <line>
              <![CDATA[TC1]]>
            </line>
          </reporter-output>
        </test-method> <!-- TC1 -->
        <test-method signature="TC1()[pri:0, instance:testNG.aa1@4e096385]" started-at="2023-02-02T12:44:27 IST" name="TC1" finished-at="2023-02-02T12:44:27 IST" duration-ms="1" status="PASS">
          <reporter-output>
            <line>
              <![CDATA[TC1]]>
            </line>
          </reporter-output>
        </test-method> <!-- TC1 -->
        <test-method signature="TC1()[pri:0, instance:testNG.aa1@4e096385]" started-at="2023-02-02T12:44:27 IST" name="TC1" finished-at="2023-02-02T12:44:27 IST" duration-ms="1" status="PASS">
          <reporter-output>
            <line>
              <![CDATA[TC1]]>
            </line>
          </reporter-output>
        </test-method> <!-- TC1 -->
        <test-method signature="TC1()[pri:0, instance:testNG.aa1@4e096385]" started-at="2023-02-02T12:44:27 IST" name="TC1" finished-at="2023-02-02T12:44:27 IST" duration-ms="2" status="PASS">
          <reporter-output>
            <line>
              <![CDATA[TC1]]>
            </line>
          </reporter-output>
        </test-method> <!-- TC1 -->
        <test-method signature="TC1()[pri:0, instance:testNG.aa1@4e096385]" started-at="2023-02-02T12:44:27 IST" name="TC1" finished-at="2023-02-02T12:44:27 IST" duration-ms="1" status="PASS">
          <reporter-output>
            <line>
              <![CDATA[TC1]]>
            </line>
          </reporter-output>
        </test-method> <!-- TC1 -->
        <test-method signature="TC1()[pri:0, instance:testNG.aa1@4e096385]" started-at="2023-02-02T12:44:27 IST" name="TC1" finished-at="2023-02-02T12:44:27 IST" duration-ms="2" status="PASS">
          <reporter-output>
            <line>
              <![CDATA[TC1]]>
            </line>
          </reporter-output>
        </test-method> <!-- TC1 -->
        <test-method signature="TC1()[pri:0, instance:testNG.aa1@4e096385]" started-at="2023-02-02T12:44:27 IST" name="TC1" finished-at="2023-02-02T12:44:27 IST" duration-ms="2" status="PASS">
          <reporter-output>
            <line>
              <![CDATA[TC1]]>
            </line>
[...]
          <reporter-output>
            <line>
              <![CDATA[TC2]]>
            </line>
          </reporter-output>
        </test-method> <!-- TC2 -->
        <test-method signature="TC2()[pri:0, instance:testNG.aa1@4e096385]" started-at="2023-02-02T12:44:30 IST" name="TC2" finished-at="2023-02-02T12:44:30 IST" duration-ms="0" status="PASS">
          <reporter-output>
            <line>
              <![CDATA[TC2]]>
            </line>
          </reporter-output>
        </test-method> <!-- TC2 -->
        <test-method signature="TC2()[pri:0, instance:testNG.aa1@4e096385]" started-at="2023-02-02T12:44:30 IST" name="TC2" finished-at="2023-02-02T12:44:30 IST" duration-ms="0" status="PASS">
          <reporter-output>
            <line>
              <![CDATA[TC2]]>
            </line>
          </reporter-output>
        </test-method> <!-- TC2 -->
        <test-method signature="TC2()[pri:0, instance:testNG.aa1@4e096385]" started-at="2023-02-02T12:44:30 IST" name="TC2" finished-at="2023-02-02T12:44:30 IST" duration-ms="1" status="PASS">
          <reporter-output>
            <line>
              <![CDATA[TC2]]>
            </line>
          </reporter-output>
        </test-method> <!-- TC2 -->
        <test-method signature="TC2()[pri:0, instance:testNG.aa1@4e096385]" started-at="2023-02-02T12:44:30 IST" name="TC2" finished-at="2023-02-02T12:44:30 IST" duration-ms="1" status="PASS">
          <reporter-output>
            <line>
              <![CDATA[TC2]]>
            </line>
          </reporter-output>
        </test-method> <!-- TC2 -->
        <test-method signature="TC3()[pri:0, instance:testNG.aa1@4e096385]" started-at="2023-02-02T12:44:30 IST" name="TC3" finished-at="2023-02-02T12:44:30 IST" duration-ms="2" status="PASS">
          <reporter-output>
            <line>
              <![CDATA[TC3]]>
            </line>
          </reporter-output>
        </test-method> <!-- TC3 -->
        <test-method signature="TC3()[pri:0, instance:testNG.aa1@4e096385]" started-at="2023-02-02T12:44:30 IST" name="TC3" finished-at="2023-02-02T12:44:30 IST" duration-ms="1" status="PASS">
          <reporter-output>
            <line>
              <![CDATA[TC3]]>
            </line>
          </reporter-output>
        </test-method> <!-- TC3 -->
        <test-method signature="TC3()[pri:0, instance:testNG.aa1@4e096385]" started-at="2023-02-02T12:44:30 IST" name="TC3" finished-at="2023-02-02T12:44:30 IST" duration-ms="0" status="PASS">
          <reporter-output>
            <line>
              <![CDATA[TC3]]>
            </line>
          </reporter-output>
        </test-method> <!-- TC3 -->
        <test-method signature="TC3()[pri:0, instance:testNG.aa1@4e096385]" started-at="2023-02-02T12:44:30 IST" name="TC3" finished-at="2023-02-02T12:44:30 IST" duration-ms="0" status="PASS">
          <reporter-output>
            <line>
              <![CDATA[TC3]]>
            </line>
          </reporter-output>
        </test-method> <!-- TC3 -->
        <test-method signature="TC3()[pri:0, instance:testNG.aa1@4e096385]" started-at="2023-02-02T12:44:30 IST" name="TC3" finished-at="2023-02-02T12:44:30 IST" duration-ms="0" status="PASS">
          <reporter-output>
            <line>
              <![CDATA[TC3]]>
            </line>
          </reporter-output>
        </test-method> <!-- TC3 -->
        <test-method signature="TC3()[pri:0, instance:testNG.aa1@4e096385]" started-at="2023-02-02T12:44:30 IST" name="TC3" finished-at="2023-02-02T12:44:30 IST" duration-ms="0" status="PASS">
          <reporter-output>
            <line>
              <![CDATA[TC3]]>
            </line>
          </reporter-output>
        </test-method> <!-- TC3 -->
        <test-method signature="TC3()[pri:0, instance:testNG.aa1@4e096385]" started-at="2023-02-02T12:44:30 IST" name="TC3" finished-at="2023-02-02T12:44:30 IST" duration-ms="1" status="PASS">
          <reporter-output>
            <line>
              <![CDATA[TC3]]>
            </line>
          </reporter-output>
        </test-method> <!-- TC3 -->
        <test-method signature="TC3()[pri:0, instance:testNG.aa1@4e096385]" started-at="2023-02-02T12:44:30 IST" name="TC3" finished-at="2023-02-02T12:44:30 IST" duration-ms="0" status="PASS">
          <reporter-output>
            <line>
              <![CDATA[TC3]]>
            </line>
          </reporter-output>
        </test-method> <!-- TC3 -->
        <test-method signature="TC3()[pri:0, instance:testNG.aa1@4e096385]" started-at="2023-02-02T12:44:30 IST" name="TC3" finished-at="2023-02-02T12:44:30 IST" duration-ms="0" status="PASS">
          <reporter-output>
            <line>
              <![CDATA[TC3]]>
            </line>
          </reporter-output>
        </test-method> <!-- TC3 -->
        <test-method signature="TC3()[pri:0, instance:testNG.aa1@4e096385]" started-at="2023-02-02T12:44:30 IST" name="TC3" finished-at="2023-02-02T12:44:30 IST" duration-ms="1" status="PASS">
          <reporter-output>
            <line>
              <![CDATA[TC3]]>
            </line>
          </reporter-output>
        </test-method> <!-- TC3 -->
        <test-method signature="TC3()[pri:0, instance:testNG.aa1@4e096385]" started-at="2023-02-02T12:44:30 IST" name="TC3" finished-at="2023-02-02T12:44:30 IST" duration-ms="0" status="PASS">
          <reporter-output>
            <line>
              <![CDATA[TC3]]>
            </line>
          </reporter-output>
        </test-method> <!-- TC3 -->
        <test-method signature="TC3()[pri:0, instance:testNG.aa1@4e096385]" started-at="2023-02-02T12:44:30 IST" name="TC3" finished-at="2023-02-02T12:44:30 IST" duration-ms="0" status="PASS">
          <reporter-output>
            <line>
              <![CDATA[TC3]]>
            </line>
          </reporter-output>
        </test-method> <!-- TC3 -->
        <test-method signature="TC3()[pri:0, instance:testNG.aa1@4e096385]" started-at="2023-02-02T12:44:30 IST" name="TC3" finished-at="2023-02-02T12:44:30 IST" duration-ms="1" status="PASS">
          <reporter-output>
            <line>
              <![CDATA[TC3]]>
            </line>
          </reporter-output>
        </test-method> <!-- TC3 -->
        <test-method signature="TC3()[pri:0, instance:testNG.aa1@4e096385]" started-at="2023-02-02T12:44:30 IST" name="TC3" finished-at="2023-02-02T12:44:30 IST" duration-ms="0" status="PASS">
          <reporter-output>
            <line>
              <![CDATA[TC3]]>
            </line>
          </reporter-output>
        </test-method> <!-- TC3 -->
        <test-method signature="TC3()[pri:0, instance:testNG.aa1@4e096385]" started-at="2023-02-02T12:44:30 IST" name="TC3" finished-at="2023-02-02T12:44:30 IST" duration-ms="0" status="PASS">
          <reporter-output>
            <line>
              <![CDATA[TC3]]>
            </line>
          </reporter-output>
        </test-method> <!-- TC3 -->
        <test-method signature="TC3()[pri:0, instance:testNG.aa1@4e096385]" started-at="2023-02-02T12:44:30 IST" name="TC3" finished-at="2023-02-02T12:44:30 IST" duration-ms="2" status="PASS">
          <reporter-output>
            <line>
              <![CDATA[TC3]]>
            </line>
          </reporter-output>
        </test-method> <!-- TC3 -->
        <test-method signature="TC3()[pri:0, instance:testNG.aa1@4e096385]" started-at="2023-02-02T12:44:30 IST" name="TC3" finished-at="2023-02-02T12:44:30 IST" duration-ms="0" status="PASS">
          <reporter-output>
            <line>
              <![CDATA[TC3]]>
            </line>
          </reporter-output>
        </test-method> <!-- TC3 -->
        <test-method signature="TC3()[pri:0, instance:testNG.aa1@4e096385]" started-at="2023-02-02T12:44:30 IST" name="TC3" finished-at="2023-02-02T12:44:30 IST" duration-ms="1" status="PASS">
          <reporter-output>
            <line>
              <![CDATA[TC3]]>
            </line>
          </reporter-output>
        </test-method> <!-- TC3 -->
        <test-method signature="TC3()[pri:0, instance:testNG.aa1@4e096385]" started-at="2023-02-02T12:44:30 IST" name="TC3" finished-at="2023-02-02T12:44:30 IST" duration-ms="1" status="PASS">
          <reporter-output>
            <line>
              <![CDATA[TC3]]>
            </line>
          </reporter-output>
        </test-method> <!-- TC3 -->
        <test-method signature="TC3()[pri:0, instance:testNG.aa1@4e096385]" started-at="2023-02-02T12:44:30 IST" name="TC3" finished-at="2023-02-02T12:44:30 IST" duration-ms="0" status="PASS">
          <reporter-output>
            <line>
              <![CDATA[TC3]]>
            </line>
          </reporter-output>
        </test-method> <!-- TC3 -->
        <test-method signature="TC3()[pri:0, instance:testNG.aa1@4e096385]" started-at="2023-02-02T12:44:30 IST" name="TC3" finished-at="2023-02-02T12:44:30 IST" duration-ms="0" status="PASS">
          <reporter-output>
            <line>
              <![CDATA[TC3]]>
            </line>
          </reporter-output>
        </test-method> <!-- TC3 -->
        <test-method signature="TC3()[pri:0, instance:testNG.aa1@4e096385]" started-at="2023-02-02T12:44:30 IST" name="TC3" finished-at="2023-02-02T12:44:30 IST" duration-ms="1" status="PASS">
          <reporter-output>
            <line>
              <![CDATA[TC3]]>
            </line>
          </reporter-output>
        </test-method> <!-- TC3 -->
        <test-method signature="TC3()[pri:0, instance:testNG.aa1@4e096385]" started-at="2023-02-02T12:44:30 IST" name="TC3" finished-at="2023-02-02T12:44:30 IST" duration-ms="0" status="PASS">
          <reporter-output>
            <line>
              <![CDATA[TC3]]>
            </line>
          </reporter-output>
        </test-method> <!-- TC3 -->
        <test-method signature="TC3()[pri:0, instance:testNG.aa1@4e096385]" started-at="2023-02-02T12:44:30 IST" name="TC3" finished-at="2023-02-02T12:44:30 IST" duration-ms="0" status="PASS">
          <reporter-output>
            <line>
              <![CDATA[TC3]]>
            </line>
          </reporter-output>
        </test-method> <!-- TC3 -->
        <test-method signature="TC3()[pri:0, instance:testNG.aa1@4e096385]" started-at="2023-02-02T12:44:30 IST" name="TC3" finished-at="2023-02-02T12:44:30 IST" duration-ms="0" status="PASS">
          <reporter-output>
            <line>
              <![CDATA[TC3]]>
            </line>
          </reporter-output>
        </test-method> <!-- TC3 -->
        <test-method signature="TC3()[pri:0, instance:testNG.aa1@4e096385]" started-at="2023-02-02T12:44:30 IST" name="TC3" finished-at="2023-02-02T12:44:30 IST" duration-ms="1" status="PASS">
          <reporter-output>
            <line>
              <![CDATA[TC3]]>
            </line>
          </reporter-output>
        </test-method> <!-- TC3 -->
        <test-method signature="TC3()[pri:0, instance:testNG.aa1@4e096385]" started-at="2023-02-02T12:44:30 IST" name="TC3" finished-at="2023-02-02T12:44:30 IST" duration-ms="1" status="PASS">
          <reporter-output>
            <line>
              <![CDATA[TC3]]>
            </line>
          </reporter-output>
        </test-method> <!-- TC3 -->
        <test-method signature="TC3()[pri:0, instance:testNG.aa1@4e096385]" started-at="2023-02-02T12:44:30 IST" name="TC3" finished-at="2023-02-02T12:44:30 IST" duration-ms="1" status="PASS">
          <reporter-output>
            <line>
              <![CDATA[TC3]]>
            </line>
          </reporter-output>
        </test-method> <!-- TC3 -->
        <test-method signature="TC3()[pri:0, instance:testNG.aa1@4e096385]" started-at="2023-02-02T12:44:30 IST" name="TC3" finished-at="2023-02-02T12:44:30 IST" duration-ms="1" status="PASS">
          <reporter-output>
            <line>
              <![CDATA[TC3]]>
            </line>
          </reporter-output>
        </test-method> <!-- TC3 -->
        <test-method signature="TC3()[pri:0, instance:testNG.aa1@4e096385]" started-at="2023-02-02T12:44:30 IST" name="TC3" finished-at="2023-02-02T12:44:30 IST" duration-ms="1" status="PASS">
          <reporter-output>
            <line>
              <![CDATA[TC3]]>
            </line>
          </reporter-output>
        </test-method> <!-- TC3 -->
        <test-method signature="TC3()[pri:0, instance:testNG.aa1@4e096385]" started-at="2023-02-02T12:44:30 IST" name="TC3" finished-at="2023-02-02T12:44:30 IST" duration-ms="0" status="PASS">
          <reporter-output>
            <line>
              <![CDATA[TC3]]>
            </line>
          </reporter-output>
        </test-method> <!-- TC3 -->
        <test-method signature="TC3()[pri:0, instance:testNG.aa1@4e096385]" started-at="2023-02-02T12:44:30 IST" name="TC3" finished-at="2023-02-02T12:44:30 IST" duration-ms="1" status="PASS">
          <reporter-output>
            <line>
              <![CDATA[TC3]]>
            </line>
          </reporter-output>
        </test-method> <!-- TC3 -->
        <test-method signature="TC3()[pri:0, instance:testNG.aa1@4e096385]" started-at="2023-02-02T12:44:30 IST" name="TC3" finished-at="2023-02-02T12:44:30 IST" duration-ms="0" status="PASS">
          <reporter-output>
            <line>
              <![CDATA[TC3]]>
            </line>
          </reporter-output>
        </test-method> <!-- TC3 -->
        <test-method signature="TC3()[pri:0, instance:testNG.aa1@4e096385]" started-at="2023-02-02T12:44:30 IST" name="TC3" finished-at="2023-02-02T12:44:30 IST" duration-ms="0" status="PASS">
          <reporter-output>
            <line>
              <![CDATA[TC3]]>
            </line>
          </reporter-output>
        </test-method> <!-- TC3 -->
        <test-method signature="TC3()[pri:0, instance:testNG.aa1@4e096385]" started-at="2023-02-02T12:44:30 IST" name="TC3" finished-at="2023-02-02T12:44:30 IST" duration-ms="0" status="PASS">
          <reporter-output>
            <line>
              <![CDATA[TC3]]>
            </line>
          </reporter-output>
        </test-method> <!-- TC3 -->
        <test-method signature="TC3()[pri:0, instance:testNG.aa1@4e096385]" started-at="2023-02-02T12:44:30 IST" name="TC3" finished-at="2023-02-02T12:44:30 IST" duration-ms="0" status="PASS">
          <reporter-output>
            <line>
              <![CDATA[TC3]]>
            </line>
          </reporter-output>
        </test-method> <!-- TC3 -->
        <test-method signature="TC3()[pri:0, instance:testNG.aa1@4e096385]" started-at="2023-02-02T12:44:30 IST" name="TC3" finished-at="2023-02-02T12:44:30 IST" duration-ms="0" status="PASS">
          <reporter-output>
            <line>
              <![CDATA[TC3]]>
            </line>
          </reporter-output>
        </test-method> <!-- TC3 -->
        <test-method signature="TC3()[pri:0, instance:testNG.aa1@4e096385]" started-at="2023-02-02T12:44:30 IST" name="TC3" finished-at="2023-02-02T12:44:30 IST" duration-ms="0" status="PASS">
          <reporter-output>
            <line>
              <![CDATA[TC3]]>
            </line>
          </reporter-output>
        </test-method> <!-- TC3 -->
        <test-method signature="TC3()[pri:0, instance:testNG.aa1@4e096385]" started-at="2023-02-02T12:44:30 IST" name="TC3" finished-at="2023-02-02T12:44:30 IST" duration-ms="1" status="PASS">
          <reporter-output>
            <line>
              <![CDATA[TC3]]>
            </line>
          </reporter-output>
        </test-method> <!-- TC3 -->
        <test-method signature="TC3()[pri:0, instance:testNG.aa1@4e096385]" started-at="2023-02-02T12:44:30 IST" name="TC3" finished-at="2023-02-02T12:44:30 IST" duration-ms="0" status="PASS">
          <reporter-output>
            <line>
              <![CDATA[TC3]]>
            </line>
          </reporter-output>
        </test-method> <!-- TC3 -->
        <test-method signature="TC3()[pri:0, instance:testNG.aa1@4e096385]" started-at="2023-02-02T12:44:30 IST" name="TC3" finished-at="2023-02-02T12:44:30 IST" duration-ms="0" status="PASS">
          <reporter-output>
            <line>
              <![CDATA[TC3]]>
            </line>
          </reporter-output>
        </test-method> <!-- TC3 -->
        <test-method signature="TC3()[pri:0, instance:testNG.aa1@4e096385]" started-at="2023-02-02T12:44:30 IST" name="TC3" finished-at="2023-02-02T12:44:30 IST" duration-ms="0" status="PASS">
          <reporter-output>
            <line>
              <![CDATA[TC3]]>
            </line>
          </reporter-output>
        </test-method> <!-- TC3 -->
        <test-method signature="TC3()[pri:0, instance:testNG.aa1@4e096385]" started-at="2023-02-02T12:44:30 IST" name="TC3" finished-at="2023-02-02T12:44:30 IST" duration-ms="0" status="PASS">
          <reporter-output>
            <line>
              <![CDATA[TC3]]>
            </line>
          </reporter-output>
        </test-method> <!-- TC3 -->
        <test-method signature="TC3()[pri:0, instance:testNG.aa1@4e096385]" started-at="2023-02-02T12:44:30 IST" name="TC3" finished-at="2023-02-02T12:44:30 IST" duration-ms="0" status="PASS">
          <reporter-output>
            <line>
              <![CDATA[TC3]]>
            </line>
          </reporter-output>
        </test-method> <!-- TC3 -->
        <test-method signature="TC3()[pri:0, instance:testNG.aa1@4e096385]" started-at="2023-02-02T12:44:30 IST" name="TC3" finished-at="2023-02-02T12:44:30 IST" duration-ms="0" status="PASS">
          <reporter-output>
            <line>
              <![CDATA[TC3]]>
            </line>
          </reporter-output>
        </test-method> <!-- TC3 -->
        <test-method signature="TC3()[pri:0, instance:testNG.aa1@4e096385]" started-at="2023-02-02T12:44:30 IST" name="TC3" finished-at="2023-02-02T12:44:30 IST" duration-ms="0" status="PASS">
          <reporter-output>
            <line>
              <![CDATA[TC3]]>
            </line>
          </reporter-output>
        </test-method> <!-- TC3 -->
        <test-method signature="TC3()[pri:0, instance:testNG.aa1@4e096385]" started-at="2023-02-02T12:44:30 IST" name="TC3" finished-at="2023-02-02T12:44:30 IST" duration-ms="0" status="PASS">
          <reporter-output>
            <line>
              <![CDATA[TC3]]>
            </line>
          </reporter-output>
        </test-method> <!-- TC3 -->
        <test-method signature="TC3()[pri:0, instance:testNG.aa1@4e096385]" started-at="2023-02-02T12:44:30 IST" name="TC3" finished-at="2023-02-02T12:44:30 IST" duration-ms="0" status="PASS">
          <reporter-output>
            <line>
              <![CDATA[TC3]]>
            </line>
          </reporter-output>
        </test-method> <!-- TC3 -->
        <test-method signature="TC3()[pri:0, instance:testNG.aa1@4e096385]" started-at="2023-02-02T12:44:30 IST" name="TC3" finished-at="2023-02-02T12:44:30 IST" duration-ms="0" status="PASS">
          <reporter-output>
            <line>
              <![CDATA[TC3]]>
            </line>
          </reporter-output>
        </test-method> <!-- TC3 -->
        <test-method signature="TC3()[pri:0, instance:testNG.aa1@4e096385]" started-at="2023-02-02T12:44:30 IST" name="TC3" finished-at="2023-02-02T12:44:30 IST" duration-ms="1" status="PASS">
          <reporter-output>
            <line>
              <![CDATA[TC3]]>
            </line>
          </reporter-output>
        </test-method> <!-- TC3 -->
      </class> <!-- testNG.aa1 -->
    </test> <!-- Default test -->
  </suite> <!-- Default suite -->
</testng-results>
