<?xml version="1.0" encoding="UTF-8"?>
<!-- Generated by org.testng.reporters.JUnitReportReporter -->
<testsuite hostname="LAPTOP-AS3VML0D" failures="0" tests="1100" name="testNG.aa1" time="1.347" errors="0" timestamp="2023-02-02T12:44:31 IST" skipped="0">
  <testcase classname="testNG.aa1" name="TC3" time="0.001"/>
  <system-out>
    <![CDATA[TC3]]>
  </system-out>
  <testcase classname="testNG.aa1" name="TC1" time="0.000"/>
  <system-out>
    <![CDATA[TC1]]>
  </system-out>
  <testcase classname="testNG.aa1" name="TC1" time="0.003"/>
  <system-out>
    <![CDATA[TC1]]>
  </system-out>
  <testcase classname="testNG.aa1" name="TC3" time="0.000"/>
  <system-out>
    <![CDATA[TC3]]>
  </system-out>
  <testcase classname="testNG.aa1" name="TC1" time="0.002"/>
  <system-out>
    <![CDATA[TC1]]>
  </system-out>
  <testcase classname="testNG.aa1" name="TC1" time="0.000"/>
  <system-out>
    <![CDATA[TC1]]>
  </system-out>
  <testcase classname="testNG.aa1" name="TC1" time="0.000"/>
  <system-out>
    <![CDATA[TC1]]>
  </system-out>
  <testcase classname="testNG.aa1" name="TC1" time="0.001"/>
  <system-out>
    <![CDATA[TC1]]>
  </system-out>
  <testcase classname="testNG.aa1" name="TC1" time="0.001"/>
  <system-out>
    <![CDATA[TC1]]>
  </system-out>
  <testcase classname="testNG.aa1" name="TC1" time="0.002"/>
  <system-out>
    <![CDATA[TC1]]>
  </system-out>
  <testcase classname="testNG.aa1" name="TC1" time="0.000"/>
  <system-out>
    <![CDATA[TC1]]>
  </system-out>
  <testcase classname="testNG.aa1" name="TC1" time="0.001"/>
  <system-out>
    <![CDATA[TC1]]>
  </system-out>
  <testcase classname="testNG.aa1" name="TC1" time="0.000"/>
  <system-out>
    <![CDATA[TC1]]>
  </system-out>
  <testcase classname="testNG.aa1" name="TC1" time="0.001"/>
  <system-out>
    <![CDATA[TC1]]>
  </system-out>
  <testcase classname="testNG.aa1" name="TC1" time="0.001"/>
  <system-out>
    <![CDATA[TC1]]>
  </system-out>
  <testcase classname="testNG.aa1" name="TC3" time="0.000"/>
  <system-out>
    <![CDATA[TC3]]>
  </system-out>
  <testcase classname="testNG.aa1" name="TC1" time="0.003"/>
  <system-out>
    <![CDATA[TC1]]>
  </system-out>
  <testcase classname="testNG.aa1" name="TC1" time="0.002"/>
  <system-out>
    <![CDATA[TC1]]>
  </system-out>
  <testcase classname="testNG.aa1" name="TC1" time="0.000"/>
  <system-out>
    <![CDATA[TC1]]>
  </system-out>
  <testcase classname="testNG.aa1" name="TC1" time="0.001"/>
  <system-out>
    <![CDATA[TC1]]>
  </system-out>
  <testcase classname="testNG.aa1" name="TC3" time="0.001"/>
  <system-out>
    <![CDATA[TC3]]>
  </system-out>
  <testcase classname="testNG.aa1" name="TC1" time="0.000"/>
  <system-out>
    <![CDATA[TC1]]>
  </system-out>
  <testcase classname="testNG.aa1" name="TC1" time="0.000"/>
  <system-out>
    <![CDATA[TC1]]>
  </system-out>
  <testcase classname="testNG.aa1" name="TC1" time="0.000"/>
  <system-out>
    <![CDATA[TC1]]>
  </system-out>
  <testcase classname="testNG.aa1" name="TC2" time="0.001"/>
  <system-out>
    <![CDATA[TC2]]>
  </system-out>
  <testcase classname="testNG.aa1" name="TC3" time="0.000"/>
  <system-out>
    <![CDATA[TC3]]>
  </system-out>
  <testcase classname="testNG.aa1" name="TC1" time="0.001"/>
  <system-out>
    <![CDATA[TC1]]>
  </system-out>
  <testcase classname="testNG.aa1" name="TC1" time="0.000"/>
  <system-out>
    <![CDATA[TC1]]>
  </system-out>
  <testcase classname="testNG.aa1" name="TC1" time="0.002"/>
  <system-out>
    <![CDATA[TC1]]>
  </system-out>
  <testcase classname="testNG.aa1" name="TC1" time="0.001"/>
  <system-out>
    <![CDATA[TC1]]>
  </system-out>
  <testcase classname="testNG.aa1" name="TC1" time="0.001"/>
  <system-out>
    <![CDATA[TC1]]>
  </system-out>
  <testcase classname="testNG.aa1" name="TC1" time="0.001"/>
  <system-out>
    <![CDATA[TC1]]>
  </system-out>
  <testcase classname="testNG.aa1" name="TC1" time="0.001"/>
  <system-out>
    <![CDATA[TC1]]>
  </system-out>
  <testcase classname="testNG.aa1" name="TC1" time="0.000"/>
  <system-out>
    <![CDATA[TC1]]>
  </system-out>
  <testcase classname="testNG.aa1" name="TC1" time="0.001"/>
  <system-out>
    <![CDATA[TC1]]>
  </system-out>
  <testcase classname="testNG.aa1" name="TC1" time="0.000"/>
  <system-out>
    <![CDATA[TC1]]>
  </system-out>
  <testcase classname="testNG.aa1" name="TC1" time="0.001"/>
  <system-out>
    <![CDATA[TC1]]>
  </system-out>
  <testcase classname="testNG.aa1" name="TC1" time="0.000"/>
  <system-out>
    <![CDATA[TC1]]>
  </system-out>
  <testcase classname="testNG.aa1" name="TC1" time="0.001"/>
  <system-out>
    <![CDATA[TC1]]>
  </system-out>
  <testcase classname="testNG.aa1" name="TC1" time="0.004"/>
  <system-out>
    <![CDATA[TC1]]>
  </system-out>
  <testcase classname="testNG.aa1" name="TC1" time="0.001"/>
  <system-out>
    <![CDATA[TC1]]>
  </system-out>
  <testcase classname="testNG.aa1" name="TC1" time="0.000"/>
  <system-out>
    <![CDATA[TC1]]>
  </system-out>
  <testcase classname="testNG.aa1" name="TC3" time="0.000"/>
  <system-out>
    <![CDATA[TC3]]>
  </system-out>
  <testcase classname="testNG.aa1" name="TC1" time="0.001"/>
  <system-out>
    <![CDATA[TC1]]>
  </system-out>
  <testcase classname="testNG.aa1" name="TC1" time="0.002"/>
  <system-out>
    <![CDATA[TC1]]>
  </system-out>
  <testcase classname="testNG.aa1" name="TC1" time="0.001"/>
  <system-out>
    <![CDATA[TC1]]>
  </system-out>
  <testcase classname="testNG.aa1" name="TC1" time="0.000"/>
  <system-out>
    <![CDATA[TC1]]>
  </system-out>
  <testcase classname="testNG.aa1" name="TC1" time="0.001"/>
  <system-out>
    <![CDATA[TC1]]>
  </system-out>
  <testcase classname="testNG.aa1" name="TC1" time="0.001"/>
  <system-out>
    <![CDATA[TC1]]>
  </system-out>
  <testcase classname="testNG.aa1" name="TC1" time="0.002"/>
  <system-out>
    <![CDATA[TC1]]>
  </system-out>
  <testcase classname="testNG.aa1" name="TC1" time="0.002"/>
  <system-out>
    <![CDATA[TC1]]>
  </system-out>
  <testcase classname="testNG.aa1" name="TC1" time="0.000"/>
  <system-out>
    <![CDATA[TC1]]>
  </system-out>
  <testcase classname="testNG.aa1" name="TC1" time="0.002"/>
  <system-out>
    <![CDATA[TC1]]>
  </system-out>
  <testcase classname="testNG.aa1" name="TC1" time="0.004"/>
  <system-out>
    <![CDATA[TC1]]>
  </system-out>
  <testcase classname="testNG.aa1" name="TC1" time="0.006"/>
  <system-out>
    <![CDATA[TC1]]>
  </system-out>
  <testcase classname="testNG.aa1" name="TC1" time="0.000"/>
  <system-out>
    <![CDATA[TC1]]>
  </system-out>
  <testcase classname="testNG.aa1" name="TC1" time="0.000"/>
  <system-out>
    <![CDATA[TC1]]>
  </system-out>
  <testcase classname="testNG.aa1" name="TC1" time="0.000"/>
  <system-out>
    <![CDATA[TC1]]>
  </system-out>
  <testcase classname="testNG.aa1" name="TC1" time="0.001"/>
  <system-out>
    <![CDATA[TC1]]>
  </system-out>
  <testcase classname="testNG.aa1" name="TC1" time="0.001"/>
  <system-out>
    <![CDATA[TC1]]>
  </system-out>
  <testcase classname="testNG.aa1" name="TC3" time="0.000"/>
  <system-out>
    <![CDATA[TC3]]>
  </system-out>
  <testcase classname="testNG.aa1" name="TC1" time="0.000"/>
  <system-out>
    <![CDATA[TC1]]>
  </system-out>
  <testcase classname="testNG.aa1" name="TC1" time="0.000"/>
  <system-out>
    <![CDATA[TC1]]>
  </system-out>
  <testcase classname="testNG.aa1" name="TC1" time="0.000"/>
  <system-out>
    <![CDATA[TC1]]>
  </system-out>
  <testcase classname="testNG.aa1" name="TC1" time="0.001"/>
  <system-out>
    <![CDATA[TC1]]>
  </system-out>
  <testcase classname="testNG.aa1" name="TC1" time="0.000"/>
  <system-out>
    <![CDATA[TC1]]>
  </system-out>
  <testcase classname="testNG.aa1" name="TC1" time="0.001"/>
  <system-out>
    <![CDATA[TC1]]>
  </system-out>
  <testcase classname="testNG.aa1" name="TC1" time="0.000"/>
  <system-out>
    <![CDATA[TC1]]>
  </system-out>
  <testcase classname="testNG.aa1" name="TC1" time="0.001"/>
  <system-out>
    <![CDATA[TC1]]>
  </system-out>
  <testcase classname="testNG.aa1" name="TC1" time="0.000"/>
  <system-out>
    <![CDATA[TC1]]>
  </system-out>
  <testcase classname="testNG.aa1" name="TC1" time="0.006"/>
  <system-out>
    <![CDATA[TC1]]>
  </system-out>
  <testcase classname="testNG.aa1" name="TC1" time="0.001"/>
  <system-out>
    <![CDATA[TC1]]>
  </system-out>
  <testcase classname="testNG.aa1" name="TC1" time="0.001"/>
  <system-out>
    <![CDATA[TC1]]>
  </system-out>
  <testcase classname="testNG.aa1" name="TC1" time="0.001"/>
  <system-out>
    <![CDATA[TC1]]>
  </system-out>
  <testcase classname="testNG.aa1" name="TC1" time="0.001"/>
  <system-out>
    <![CDATA[TC1]]>
  </system-out>
  <testcase classname="testNG.aa1" name="TC1" time="0.001"/>
  <system-out>
    <![CDATA[TC1]]>
  </system-out>
  <testcase classname="testNG.aa1" name="TC1" time="0.001"/>
  <system-out>
    <![CDATA[TC1]]>
  </system-out>
  <testcase classname="testNG.aa1" name="TC1" time="0.005"/>
  <system-out>
    <![CDATA[TC1]]>
  </system-out>
  <testcase classname="testNG.aa1" name="TC1" time="0.000"/>
  <system-out>
    <![CDATA[TC1]]>
  </system-out>
  <testcase classname="testNG.aa1" name="TC1" time="0.000"/>
  <system-out>
    <![CDATA[TC1]]>
  </system-out>
  <testcase classname="testNG.aa1" name="TC1" time="0.002"/>
  <system-out>
    <![CDATA[TC1]]>
  </system-out>
  <testcase classname="testNG.aa1" name="TC1" time="0.002"/>
  <system-out>
    <![CDATA[TC1]]>
  </system-out>
  <testcase classname="testNG.aa1" name="TC1" time="0.001"/>
  <system-out>
    <![CDATA[TC1]]>
  </system-out>
  <testcase classname="testNG.aa1" name="TC1" time="0.000"/>
  <system-out>
    <![CDATA[TC1]]>
  </system-out>
  <testcase classname="testNG.aa1" name="TC1" time="0.000"/>
  <system-out>
    <![CDATA[TC1]]>
  </system-out>
  <testcase classname="testNG.aa1" name="TC1" time="0.000"/>
  <system-out>
    <![CDATA[TC1]]>
  </system-out>
  <testcase classname="testNG.aa1" name="TC1" time="0.001"/>
  <system-out>
    <![CDATA[TC1]]>
  </system-out>
  <testcase classname="testNG.aa1" name="TC1" time="0.001"/>
  <system-out>
    <![CDATA[TC1]]>
  </system-out>
  <testcase classname="testNG.aa1" name="TC1" time="0.001"/>
  <system-out>
    <![CDATA[TC1]]>
  </system-out>
  <testcase classname="testNG.aa1" name="TC1" time="0.002"/>
  <system-out>
    <![CDATA[TC1]]>
  </system-out>
  <testcase classname="testNG.aa1" name="TC1" time="0.001"/>
  <system-out>
    <![CDATA[TC1]]>
  </system-out>
  <testcase classname="testNG.aa1" name="TC1" time="0.001"/>
  <system-out>
    <![CDATA[TC1]]>
  </system-out>
  <testcase classname="testNG.aa1" name="TC1" time="0.001"/>
  <system-out>
    <![CDATA[TC1]]>
  </system-out>
  <testcase classname="testNG.aa1" name="TC1" time="0.001"/>
  <system-out>
    <![CDATA[TC1]]>
  </system-out>
  <testcase classname="testNG.aa1" name="TC1" time="0.001"/>
  <system-out>
    <![CDATA[TC1]]>
  </system-out>
  <testcase classname="testNG.aa1" name="TC1" time="0.001"/>
  <system-out>
    <![CDATA[TC1]]>
  </system-out>
  <testcase classname="testNG.aa1" name="TC1" time="0.000"/>
  <system-out>
    <![CDATA[TC1]]>
  </system-out>
  <testcase classname="testNG.aa1" name="TC1" time="0.002"/>
  <system-out>
    <![CDATA[TC1]]>
  </system-out>
  <testcase classname="testNG.aa1" name="TC1" time="0.000"/>
  <system-out>
    <![CDATA[TC1]]>
  </system-out>
  <testcase classname="testNG.aa1" name="TC1" time="0.000"/>
  <system-out>
    <![CDATA[TC1]]>
  </system-out>
  <testcase classname="testNG.aa1" name="TC1" time="0.000"/>
  <system-out>
    <![CDATA[TC1]]>
  </system-out>
  <testcase classname="testNG.aa1" name="TC1" time="0.001"/>
  <system-out>
    <![CDATA[TC1]]>
  </system-out>
  <testcase classname="testNG.aa1" name="TC1" time="0.000"/>
  <system-out>
    <![CDATA[TC1]]>
  </system-out>
  <testcase classname="testNG.aa1" name="TC1" time="0.001"/>
  <system-out>
    <![CDATA[TC1]]>
  </system-out>
  <testcase classname="testNG.aa1" name="TC1" time="0.001"/>
  <system-out>
    <![CDATA[TC1]]>
  </system-out>
  <testcase classname="testNG.aa1" name="TC1" time="0.002"/>
  <system-out>
    <![CDATA[TC1]]>
  </system-out>
  <testcase classname="testNG.aa1" name="TC1" time="0.000"/>
  <system-out>
    <![CDATA[TC1]]>
  </system-out>
  <testcase classname="testNG.aa1" name="TC1" time="0.001"/>
  <system-out>
    <![CDATA[TC1]]>
  </system-out>
  <testcase classname="testNG.aa1" name="TC1" time="0.000"/>
  <system-out>
    <![CDATA[TC1]]>
  </system-out>
  <testcase classname="testNG.aa1" name="TC1" time="0.000"/>
  <system-out>
    <![CDATA[TC1]]>
  </system-out>
  <testcase classname="testNG.aa1" name="TC1" time="0.001"/>
  <system-out>
    <![CDATA[TC1]]>
  </system-out>
  <testcase classname="testNG.aa1" name="TC1" time="0.000"/>
  <system-out>
    <![CDATA[TC1]]>
  </system-out>
  <testcase classname="testNG.aa1" name="TC1" time="0.001"/>
  <system-out>
    <![CDATA[TC1]]>
  </system-out>
  <testcase classname="testNG.aa1" name="TC1" time="0.001"/>
  <system-out>
    <![CDATA[TC1]]>
  </system-out>
  <testcase classname="testNG.aa1" name="TC1" time="0.001"/>
  <system-out>
    <![CDATA[TC1]]>
  </system-out>
  <testcase classname="testNG.aa1" name="TC1" time="0.000"/>
  <system-out>
    <![CDATA[TC1]]>
  </system-out>
  <testcase classname="testNG.aa1" name="TC1" time="0.001"/>
  <system-out>
    <![CDATA[TC1]]>
  </system-out>
  <testcase classname="testNG.aa1" name="TC1" time="0.001"/>
  <system-out>
    <![CDATA[TC1]]>
  </system-out>
  <testcase classname="testNG.aa1" name="TC3" time="0.000"/>
  <system-out>
    <![CDATA[TC3]]>
  </system-out>
  <testcase classname="testNG.aa1" name="TC1" time="0.000"/>
  <system-out>
    <![CDATA[TC1]]>
  </system-out>
  <testcase classname="testNG.aa1" name="TC1" time="0.000"/>
  <system-out>
    <![CDATA[TC1]]>
  </system-out>
  <testcase classname="testNG.aa1" name="TC1" time="0.002"/>
  <system-out>
    <![CDATA[TC1]]>
  </system-out>
  <testcase classname="testNG.aa1" name="TC1" time="0.001"/>
  <system-out>
    <![CDATA[TC1]]>
  </system-out>
  <testcase classname="testNG.aa1" name="TC3" time="0.000"/>
  <system-out>
    <![CDATA[TC3]]>
  </system-out>
  <testcase classname="testNG.aa1" name="TC3" time="0.000"/>
  <system-out>
    <![CDATA[TC3]]>
  </system-out>
  <testcase classname="testNG.aa1" name="TC1" time="0.001"/>
  <system-out>
    <![CDATA[TC1]]>
  </system-out>
  <testcase classname="testNG.aa1" name="TC1" time="0.000"/>
  <system-out>
    <![CDATA[TC1]]>
  </system-out>
  <testcase classname="testNG.aa1" name="TC1" time="0.000"/>
  <system-out>
    <![CDATA[TC1]]>
  </system-out>
  <testcase classname="testNG.aa1" name="TC1" time="0.001"/>
  <system-out>
    <![CDATA[TC1]]>
  </system-out>
  <testcase classname="testNG.aa1" name="TC1" time="0.000"/>
  <system-out>
    <![CDATA[TC1]]>
  </system-out>
  <testcase classname="testNG.aa1" name="TC1" time="0.001"/>
  <system-out>
    <![CDATA[TC1]]>
  </system-out>
  <testcase classname="testNG.aa1" name="TC1" time="0.000"/>
  <system-out>
    <![CDATA[TC1]]>
  </system-out>
  <testcase classname="testNG.aa1" name="TC2" time="0.002"/>
  <system-out>
    <![CDATA[TC2]]>
  </system-out>
  <testcase classname="testNG.aa1" name="TC1" time="0.000"/>
  <system-out>
    <![CDATA[TC1]]>
  </system-out>
  <testcase classname="testNG.aa1" name="TC1" time="0.001"/>
  <system-out>
    <![CDATA[TC1]]>
  </system-out>
  <testcase classname="testNG.aa1" name="TC1" time="0.000"/>
  <system-out>
    <![CDATA[TC1]]>
  </system-out>
  <testcase classname="testNG.aa1" name="TC1" time="0.000"/>
  <system-out>
    <![CDATA[TC1]]>
  </system-out>
  <testcase classname="testNG.aa1" name="TC1" time="0.001"/>
  <system-out>
    <![CDATA[TC1]]>
  </system-out>
  <testcase classname="testNG.aa1" name="TC1" time="0.000"/>
  <system-out>
    <![CDATA[TC1]]>
  </system-out>
  <testcase classname="testNG.aa1" name="TC3" time="0.000"/>
  <system-out>
    <![CDATA[TC3]]>
  </system-out>
  <testcase classname="testNG.aa1" name="TC1" time="0.000"/>
  <system-out>
    <![CDATA[TC1]]>
  </system-out>
  <testcase classname="testNG.aa1" name="TC1" time="0.000"/>
  <system-out>
    <![CDATA[TC1]]>
  </system-out>
  <testcase classname="testNG.aa1" name="TC1" time="0.000"/>
  <system-out>
    <![CDATA[TC1]]>
  </system-out>
  <testcase classname="testNG.aa1" name="TC1" time="0.000"/>
  <system-out>
    <![CDATA[TC1]]>
  </system-out>
  <testcase classname="testNG.aa1" name="TC1" time="0.001"/>
  <system-out>
    <![CDATA[TC1]]>
  </system-out>
  <testcase classname="testNG.aa1" name="TC1" time="0.001"/>
  <system-out>
    <![CDATA[TC1]]>
  </system-out>
  <testcase classname="testNG.aa1" name="TC1" time="0.001"/>
  <system-out>
    <![CDATA[TC1]]>
  </system-out>
  <testcase classname="testNG.aa1" name="TC1" time="0.000"/>
  <system-out>
    <![CDATA[TC1]]>
  </system-out>
  <testcase classname="testNG.aa1" name="TC1" time="0.000"/>
  <system-out>
    <![CDATA[TC1]]>
  </system-out>
  <testcase classname="testNG.aa1" name="TC2" time="0.001"/>
  <system-out>
    <![CDATA[TC2]]>
  </system-out>
  <testcase classname="testNG.aa1" name="TC1" time="0.000"/>
  <system-out>
    <![CDATA[TC1]]>
  </system-out>
  <testcase classname="testNG.aa1" name="TC1" time="0.001"/>
  <system-out>
    <![CDATA[TC1]]>
  </system-out>
  <testcase classname="testNG.aa1" name="TC1" time="0.004"/>
  <system-out>
    <![CDATA[TC1]]>
  </system-out>
  <testcase classname="testNG.aa1" name="TC3" time="0.000"/>
  <system-out>
    <![CDATA[TC3]]>
  </system-out>
  <testcase classname="testNG.aa1" name="TC1" time="0.000"/>
  <system-out>
    <![CDATA[TC1]]>
  </system-out>
  <testcase classname="testNG.aa1" name="TC1" time="0.001"/>
  <system-out>
    <![CDATA[TC1]]>
  </system-out>
  <testcase classname="testNG.aa1" name="TC1" time="0.001"/>
  <system-out>
    <![CDATA[TC1]]>
  </system-out>
  <testcase classname="testNG.aa1" name="TC1" time="0.002"/>
  <system-out>
    <![CDATA[TC1]]>
  </system-out>
  <testcase classname="testNG.aa1" name="TC2" time="0.000"/>
  <system-out>
    <![CDATA[TC2]]>
  </system-out>
  <testcase classname="testNG.aa1" name="TC1" time="0.000"/>
  <system-out>
    <![CDATA[TC1]]>
  </system-out>
  <testcase classname="testNG.aa1" name="TC1" time="0.001"/>
  <system-out>
    <![CDATA[TC1]]>
  </system-out>
  <testcase classname="testNG.aa1" name="TC1" time="0.003"/>
  <system-out>
    <![CDATA[TC1]]>
  </system-out>
  <testcase classname="testNG.aa1" name="TC1" time="0.004"/>
  <system-out>
    <![CDATA[TC1]]>
  </system-out>
  <testcase classname="testNG.aa1" name="TC1" time="0.000"/>
  <system-out>
    <![CDATA[TC1]]>
  </system-out>
  <testcase classname="testNG.aa1" name="TC1" time="0.027"/>
  <system-out>
    <![CDATA[TC1]]>
  </system-out>
  <testcase classname="testNG.aa1" name="TC1" time="0.000"/>
  <system-out>
    <![CDATA[TC1]]>
  </system-out>
  <testcase classname="testNG.aa1" name="TC1" time="0.000"/>
  <system-out>
    <![CDATA[TC1]]>
  </system-out>
  <testcase classname="testNG.aa1" name="TC1" time="0.000"/>
  <system-out>
    <![CDATA[TC1]]>
  </system-out>
  <testcase classname="testNG.aa1" name="TC1" time="0.002"/>
  <system-out>
    <![CDATA[TC1]]>
  </system-out>
  <testcase classname="testNG.aa1" name="TC1" time="0.001"/>
  <system-out>
    <![CDATA[TC1]]>
  </system-out>
  <testcase classname="testNG.aa1" name="TC1" time="0.000"/>
  <system-out>
    <![CDATA[TC1]]>
  </system-out>
  <testcase classname="testNG.aa1" name="TC1" time="0.000"/>
  <system-out>
    <![CDATA[TC1]]>
  </system-out>
  <testcase classname="testNG.aa1" name="TC1" time="0.002"/>
  <system-out>
    <![CDATA[TC1]]>
  </system-out>
  <testcase classname="testNG.aa1" name="TC1" time="0.001"/>
  <system-out>
    <![CDATA[TC1]]>
  </system-out>
  <testcase classname="testNG.aa1" name="TC1" time="0.002"/>
  <system-out>
    <![CDATA[TC1]]>
  </system-out>
  <testcase classname="testNG.aa1" name="TC1" time="0.012"/>
  <system-out>
    <![CDATA[TC1]]>
  </system-out>
  <testcase classname="testNG.aa1" name="TC1" time="0.001"/>
  <system-out>
    <![CDATA[TC1]]>
  </system-out>
  <testcase classname="testNG.aa1" name="TC3" time="0.000"/>
  <system-out>
    <![CDATA[TC3]]>
  </system-out>
  <testcase classname="testNG.aa1" name="TC1" time="0.001"/>
  <system-out>
    <![CDATA[TC1]]>
  </system-out>
  <testcase classname="testNG.aa1" name="TC1" time="0.000"/>
  <system-out>
    <![CDATA[TC1]]>
  </system-out>
  <testcase classname="testNG.aa1" name="TC1" time="0.001"/>
  <system-out>
    <![CDATA[TC1]]>
  </system-out>
  <testcase classname="testNG.aa1" name="TC1" time="0.001"/>
  <system-out>
    <![CDATA[TC1]]>
  </system-out>
  <testcase classname="testNG.aa1" name="TC1" time="0.001"/>
  <system-out>
    <![CDATA[TC1]]>
  </system-out>
  <testcase classname="testNG.aa1" name="TC1" time="0.000"/>
  <system-out>
    <![CDATA[TC1]]>
  </system-out>
  <testcase classname="testNG.aa1" name="TC1" time="0.000"/>
  <system-out>
    <![CDATA[TC1]]>
  </system-out>
  <testcase classname="testNG.aa1" name="TC1" time="0.001"/>
  <system-out>
    <![CDATA[TC1]]>
  </system-out>
  <testcase classname="testNG.aa1" name="TC1" time="0.000"/>
  <system-out>
    <![CDATA[TC1]]>
  </system-out>
  <testcase classname="testNG.aa1" name="TC1" time="0.006"/>
  <system-out>
    <![CDATA[TC1]]>
  </system-out>
  <testcase classname="testNG.aa1" name="TC2" time="0.000"/>
  <system-out>
    <![CDATA[TC2]]>
  </system-out>
  <testcase classname="testNG.aa1" name="TC1" time="0.001"/>
  <system-out>
    <![CDATA[TC1]]>
  </system-out>
  <testcase classname="testNG.aa1" name="TC1" time="0.001"/>
  <system-out>
    <![CDATA[TC1]]>
  </system-out>
  <testcase classname="testNG.aa1" name="TC1" time="0.000"/>
  <system-out>
    <![CDATA[TC1]]>
  </system-out>
  <testcase classname="testNG.aa1" name="TC1" time="0.001"/>
  <system-out>
    <![CDATA[TC1]]>
  </system-out>
  <testcase classname="testNG.aa1" name="TC1" time="0.000"/>
  <system-out>
    <![CDATA[TC1]]>
  </system-out>
  <testcase classname="testNG.aa1" name="TC1" time="0.001"/>
  <system-out>
    <![CDATA[TC1]]>
  </system-out>
  <testcase classname="testNG.aa1" name="TC1" time="0.001"/>
  <system-out>
    <![CDATA[TC1]]>
  </system-out>
  <testcase classname="testNG.aa1" name="TC1" time="0.001"/>
  <system-out>
    <![CDATA[TC1]]>
  </system-out>
  <testcase classname="testNG.aa1" name="TC1" time="0.001"/>
  <system-out>
    <![CDATA[TC1]]>
  </system-out>
  <testcase classname="testNG.aa1" name="TC1" time="0.000"/>
  <system-out>
    <![CDATA[TC1]]>
  </system-out>
  <testcase classname="testNG.aa1" name="TC1" time="0.001"/>
  <system-out>
    <![CDATA[TC1]]>
  </system-out>
  <testcase classname="testNG.aa1" name="TC3" time="0.000"/>
  <system-out>
    <![CDATA[TC3]]>
  </system-out>
  <testcase classname="testNG.aa1" name="TC1" time="0.000"/>
  <system-out>
    <![CDATA[TC1]]>
  </system-out>
  <testcase classname="testNG.aa1" name="TC1" time="0.000"/>
  <system-out>
    <![CDATA[TC1]]>
  </system-out>
  <testcase classname="testNG.aa1" name="TC1" time="0.000"/>
  <system-out>
    <![CDATA[TC1]]>
  </system-out>
  <testcase classname="testNG.aa1" name="TC1" time="0.000"/>
  <system-out>
    <![CDATA[TC1]]>
  </system-out>
  <testcase classname="testNG.aa1" name="TC1" time="0.002"/>
  <system-out>
    <![CDATA[TC1]]>
  </system-out>
  <testcase classname="testNG.aa1" name="TC1" time="0.001"/>
  <system-out>
    <![CDATA[TC1]]>
  </system-out>
  <testcase classname="testNG.aa1" name="TC1" time="0.000"/>
  <system-out>
    <![CDATA[TC1]]>
  </system-out>
  <testcase classname="testNG.aa1" name="TC1" time="0.002"/>
  <system-out>
    <![CDATA[TC1]]>
  </system-out>
  <testcase classname="testNG.aa1" name="TC1" time="0.001"/>
  <system-out>
    <![CDATA[TC1]]>
  </system-out>
  <testcase classname="testNG.aa1" name="TC1" time="0.001"/>
  <system-out>
    <![CDATA[TC1]]>
  </system-out>
  <testcase classname="testNG.aa1" name="TC1" time="0.001"/>
  <system-out>
    <![CDATA[TC1]]>
  </system-out>
  <testcase classname="testNG.aa1" name="TC1" time="0.001"/>
  <system-out>
    <![CDATA[TC1]]>
  </system-out>
  <testcase classname="testNG.aa1" name="TC1" time="0.001"/>
  <system-out>
    <![CDATA[TC1]]>
  </system-out>
  <testcase classname="testNG.aa1" name="TC1" time="0.001"/>
  <system-out>
    <![CDATA[TC1]]>
  </system-out>
  <testcase classname="testNG.aa1" name="TC1" time="0.000"/>
  <system-out>
    <![CDATA[TC1]]>
  </system-out>
  <testcase classname="testNG.aa1" name="TC1" time="0.004"/>
  <system-out>
    <![CDATA[TC1]]>
  </system-out>
  <testcase classname="testNG.aa1" name="TC3" time="0.000"/>
  <system-out>
    <![CDATA[TC3]]>
  </system-out>
  <testcase classname="testNG.aa1" name="TC1" time="0.001"/>
  <system-out>
    <![CDATA[TC1]]>
  </system-out>
  <testcase classname="testNG.aa1" name="TC1" time="0.003"/>
  <system-out>
    <![CDATA[TC1]]>
  </system-out>
  <testcase classname="testNG.aa1" name="TC1" time="0.001"/>
  <system-out>
    <![CDATA[TC1]]>
  </system-out>
  <testcase classname="testNG.aa1" name="TC1" time="0.010"/>
  <system-out>
    <![CDATA[TC1]]>
  </system-out>
  <testcase classname="testNG.aa1" name="TC1" time="0.001"/>
  <system-out>
    <![CDATA[TC1]]>
  </system-out>
  <testcase classname="testNG.aa1" name="TC1" time="0.002"/>
  <system-out>
    <![CDATA[TC1]]>
  </system-out>
  <testcase classname="testNG.aa1" name="TC1" time="0.000"/>
  <system-out>
    <![CDATA[TC1]]>
  </system-out>
  <testcase classname="testNG.aa1" name="TC1" time="0.000"/>
  <system-out>
    <![CDATA[TC1]]>
  </system-out>
  <testcase classname="testNG.aa1" name="TC1" time="0.001"/>
  <system-out>
    <![CDATA[TC1]]>
  </system-out>
  <testcase classname="testNG.aa1" name="TC1" time="0.003"/>
  <system-out>
    <![CDATA[TC1]]>
  </system-out>
  <testcase classname="testNG.aa1" name="TC1" time="0.000"/>
  <system-out>
    <![CDATA[TC1]]>
  </system-out>
  <testcase classname="testNG.aa1" name="TC2" time="0.000"/>
  <system-out>
    <![CDATA[TC2]]>
  </system-out>
  <testcase classname="testNG.aa1" name="TC2" time="0.000"/>
  <system-out>
    <![CDATA[TC2]]>
  </system-out>
  <testcase classname="testNG.aa1" name="TC1" time="0.000"/>
  <system-out>
    <![CDATA[TC1]]>
  </system-out>
  <testcase classname="testNG.aa1" name="TC1" time="0.000"/>
  <system-out>
    <![CDATA[TC1]]>
  </system-out>
  <testcase classname="testNG.aa1" name="TC1" time="0.001"/>
  <system-out>
    <![CDATA[TC1]]>
  </system-out>
  <testcase classname="testNG.aa1" name="TC1" time="0.001"/>
  <system-out>
    <![CDATA[TC1]]>
  </system-out>
  <testcase classname="testNG.aa1" name="TC1" time="0.001"/>
  <system-out>
    <![CDATA[TC1]]>
  </system-out>
  <testcase classname="testNG.aa1" name="TC2" time="0.000"/>
  <system-out>
    <![CDATA[TC2]]>
  </system-out>
  <testcase classname="testNG.aa1" name="TC1" time="0.000"/>
  <system-out>
    <![CDATA[TC1]]>
  </system-out>
  <testcase classname="testNG.aa1" name="TC1" time="0.001"/>
  <system-out>
    <![CDATA[TC1]]>
  </system-out>
  <testcase classname="testNG.aa1" name="TC2" time="0.000"/>
  <system-out>
    <![CDATA[TC2]]>
  </system-out>
  <testcase classname="testNG.aa1" name="TC1" time="0.001"/>
  <system-out>
    <![CDATA[TC1]]>
  </system-out>
  <testcase classname="testNG.aa1" name="TC1" time="0.001"/>
  <system-out>
    <![CDATA[TC1]]>
  </system-out>
  <testcase classname="testNG.aa1" name="TC1" time="0.001"/>
  <system-out>
    <![CDATA[TC1]]>
  </system-out>
  <testcase classname="testNG.aa1" name="TC1" time="0.001"/>
  <system-out>
    <![CDATA[TC1]]>
  </system-out>
  <testcase classname="testNG.aa1" name="TC2" time="0.000"/>
  <system-out>
    <![CDATA[TC2]]>
  </system-out>
  <testcase classname="testNG.aa1" name="TC1" time="0.001"/>
  <system-out>
    <![CDATA[TC1]]>
  </system-out>
  <testcase classname="testNG.aa1" name="TC1" time="0.002"/>
  <system-out>
    <![CDATA[TC1]]>
  </system-out>
  <testcase classname="testNG.aa1" name="TC1" time="0.001"/>
  <system-out>
    <![CDATA[TC1]]>
  </system-out>
  <testcase classname="testNG.aa1" name="TC1" time="0.000"/>
  <system-out>
    <![CDATA[TC1]]>
  </system-out>
  <testcase classname="testNG.aa1" name="TC1" time="0.002"/>
  <system-out>
    <![CDATA[TC1]]>
  </system-out>
  <testcase classname="testNG.aa1" name="TC1" time="0.001"/>
  <system-out>
    <![CDATA[TC1]]>
  </system-out>
  <testcase classname="testNG.aa1" name="TC1" time="0.000"/>
  <system-out>
    <![CDATA[TC1]]>
  </system-out>
  <testcase classname="testNG.aa1" name="TC1" time="0.003"/>
  <system-out>
    <![CDATA[TC1]]>
  </system-out>
  <testcase classname="testNG.aa1" name="TC1" time="0.000"/>
  <system-out>
    <![CDATA[TC1]]>
  </system-out>
  <testcase classname="testNG.aa1" name="TC1" time="0.003"/>
  <system-out>
    <![CDATA[TC1]]>
  </system-out>
  <testcase classname="testNG.aa1" name="TC1" time="0.000"/>
  <system-out>
    <![CDATA[TC1]]>
  </system-out>
  <testcase classname="testNG.aa1" name="TC1" time="0.001"/>
  <system-out>
    <![CDATA[TC1]]>
  </system-out>
  <testcase classname="testNG.aa1" name="TC1" time="0.001"/>
  <system-out>
    <![CDATA[TC1]]>
  </system-out>
  <testcase classname="testNG.aa1" name="TC1" time="0.000"/>
  <system-out>
    <![CDATA[TC1]]>
  </system-out>
  <testcase classname="testNG.aa1" name="TC1" time="0.001"/>
  <system-out>
    <![CDATA[TC1]]>
  </system-out>
  <testcase classname="testNG.aa1" name="TC1" time="0.001"/>
  <system-out>
    <![CDATA[TC1]]>
  </system-out>
  <testcase classname="testNG.aa1" name="TC1" time="0.001"/>
  <system-out>
    <![CDATA[TC1]]>
  </system-out>
  <testcase classname="testNG.aa1" name="TC1" time="0.001"/>
  <system-out>
    <![CDATA[TC1]]>
  </system-out>
  <testcase classname="testNG.aa1" name="TC3" time="0.000"/>
  <system-out>
    <![CDATA[TC3]]>
  </system-out>
  <testcase classname="testNG.aa1" name="TC2" time="0.001"/>
  <system-out>
    <![CDATA[TC2]]>
  </system-out>
  <testcase classname="testNG.aa1" name="TC1" time="0.001"/>
  <system-out>
    <![CDATA[TC1]]>
  </system-out>
  <testcase classname="testNG.aa1" name="TC3" time="0.000"/>
  <system-out>
    <![CDATA[TC3]]>
  </system-out>
  <testcase classname="testNG.aa1" name="TC1" time="0.000"/>
  <system-out>
    <![CDATA[TC1]]>
  </system-out>
  <testcase classname="testNG.aa1" name="TC1" time="0.000"/>
  <system-out>
    <![CDATA[TC1]]>
  </system-out>
  <testcase classname="testNG.aa1" name="TC1" time="0.000"/>
  <system-out>
    <![CDATA[TC1]]>
  </system-out>
  <testcase classname="testNG.aa1" name="TC1" time="0.001"/>
  <system-out>
    <![CDATA[TC1]]>
  </system-out>
  <testcase classname="testNG.aa1" name="TC1" time="0.000"/>
  <system-out>
    <![CDATA[TC1]]>
  </system-out>
  <testcase classname="testNG.aa1" name="TC1" time="0.000"/>
  <system-out>
    <![CDATA[TC1]]>
  </system-out>
  <testcase classname="testNG.aa1" name="TC1" time="0.000"/>
  <system-out>
    <![CDATA[TC1]]>
  </system-out>
  <testcase classname="testNG.aa1" name="TC1" time="0.069"/>
  <system-out>
    <![CDATA[TC1]]>
  </system-out>
  <testcase classname="testNG.aa1" name="TC1" time="0.000"/>
  <system-out>
    <![CDATA[TC1]]>
  </system-out>
  <testcase classname="testNG.aa1" name="TC1" time="0.000"/>
  <system-out>
    <![CDATA[TC1]]>
  </system-out>
  <testcase classname="testNG.aa1" name="TC1" time="0.000"/>
  <system-out>
    <![CDATA[TC1]]>
  </system-out>
  <testcase classname="testNG.aa1" name="TC1" time="0.001"/>
  <system-out>
    <![CDATA[TC1]]>
  </system-out>
  <testcase classname="testNG.aa1" name="TC1" time="0.001"/>
  <system-out>
    <![CDATA[TC1]]>
  </system-out>
  <testcase classname="testNG.aa1" name="TC1" time="0.001"/>
  <system-out>
    <![CDATA[TC1]]>
  </system-out>
  <testcase classname="testNG.aa1" name="TC1" time="0.001"/>
  <system-out>
    <![CDATA[TC1]]>
  </system-out>
  <testcase classname="testNG.aa1" name="TC1" time="0.000"/>
  <system-out>
    <![CDATA[TC1]]>
  </system-out>
  <testcase classname="testNG.aa1" name="TC1" time="0.000"/>
  <system-out>
    <![CDATA[TC1]]>
  </system-out>
  <testcase classname="testNG.aa1" name="TC1" time="0.001"/>
  <system-out>
    <![CDATA[TC1]]>
  </system-out>
  <testcase classname="testNG.aa1" name="TC3" time="0.001"/>
  <system-out>
    <![CDATA[TC3]]>
  </system-out>
  <testcase classname="testNG.aa1" name="TC3" time="0.001"/>
  <system-out>
    <![CDATA[TC3]]>
  </system-out>
  <testcase classname="testNG.aa1" name="TC2" time="0.000"/>
  <system-out>
    <![CDATA[TC2]]>
  </system-out>
  <testcase classname="testNG.aa1" name="TC1" time="0.000"/>
  <system-out>
    <![CDATA[TC1]]>
  </system-out>
  <testcase classname="testNG.aa1" name="TC1" time="0.001"/>
  <system-out>
    <![CDATA[TC1]]>
  </system-out>
  <testcase classname="testNG.aa1" name="TC1" time="0.001"/>
  <system-out>
    <![CDATA[TC1]]>
  </system-out>
  <testcase classname="testNG.aa1" name="TC2" time="0.000"/>
  <system-out>
    <![CDATA[TC2]]>
  </system-out>
  <testcase classname="testNG.aa1" name="TC1" time="0.000"/>
  <system-out>
    <![CDATA[TC1]]>
  </system-out>
  <testcase classname="testNG.aa1" name="TC1" time="0.001"/>
  <system-out>
    <![CDATA[TC1]]>
  </system-out>
  <testcase classname="testNG.aa1" name="TC1" time="0.000"/>
  <system-out>
    <![CDATA[TC1]]>
  </system-out>
  <testcase classname="testNG.aa1" name="TC1" time="0.001"/>
  <system-out>
    <![CDATA[TC1]]>
  </system-out>
  <testcase classname="testNG.aa1" name="TC1" time="0.000"/>
  <system-out>
    <![CDATA[TC1]]>
  </system-out>
  <testcase classname="testNG.aa1" name="TC1" time="0.000"/>
  <system-out>
    <![CDATA[TC1]]>
  </system-out>
  <testcase classname="testNG.aa1" name="TC1" time="0.001"/>
  <system-out>
    <![CDATA[TC1]]>
  </system-out>
  <testcase classname="testNG.aa1" name="TC1" time="0.010"/>
  <system-out>
    <![CDATA[TC1]]>
  </system-out>
  <testcase classname="testNG.aa1" name="TC1" time="0.000"/>
  <system-out>
    <![CDATA[TC1]]>
  </system-out>
  <testcase classname="testNG.aa1" name="TC1" time="0.001"/>
  <system-out>
    <![CDATA[TC1]]>
  </system-out>
  <testcase classname="testNG.aa1" name="TC1" time="0.001"/>
  <system-out>
    <![CDATA[TC1]]>
  </system-out>
  <testcase classname="testNG.aa1" name="TC1" time="0.000"/>
  <system-out>
    <![CDATA[TC1]]>
  </system-out>
  <testcase classname="testNG.aa1" name="TC1" time="0.001"/>
  <system-out>
    <![CDATA[TC1]]>
  </system-out>
  <testcase classname="testNG.aa1" name="TC1" time="0.001"/>
  <system-out>
    <![CDATA[TC1]]>
  </system-out>
  <testcase classname="testNG.aa1" name="TC1" time="0.000"/>
  <system-out>
    <![CDATA[TC1]]>
  </system-out>
  <testcase classname="testNG.aa1" name="TC1" time="0.000"/>
  <system-out>
    <![CDATA[TC1]]>
  </system-out>
  <testcase classname="testNG.aa1" name="TC1" time="0.004"/>
  <system-out>
    <![CDATA[TC1]]>
  </system-out>
  <testcase classname="testNG.aa1" name="TC1" time="0.006"/>
  <system-out>
    <![CDATA[TC1]]>
  </system-out>
  <testcase classname="testNG.aa1" name="TC1" time="0.001"/>
  <system-out>
    <![CDATA[TC1]]>
  </system-out>
  <testcase classname="testNG.aa1" name="TC1" time="0.000"/>
  <system-out>
    <![CDATA[TC1]]>
  </system-out>
  <testcase classname="testNG.aa1" name="TC1" time="0.001"/>
  <system-out>
    <![CDATA[TC1]]>
  </system-out>
  <testcase classname="testNG.aa1" name="TC1" time="0.002"/>
  <system-out>
    <![CDATA[TC1]]>
  </system-out>
  <testcase classname="testNG.aa1" name="TC1" time="0.001"/>
  <system-out>
    <![CDATA[TC1]]>
  </system-out>
  <testcase classname="testNG.aa1" name="TC1" time="0.001"/>
  <system-out>
    <![CDATA[TC1]]>
  </system-out>
  <testcase classname="testNG.aa1" name="TC1" time="0.000"/>
  <system-out>
    <![CDATA[TC1]]>
  </system-out>
  <testcase classname="testNG.aa1" name="TC1" time="0.001"/>
  <system-out>
    <![CDATA[TC1]]>
  </system-out>
  <testcase classname="testNG.aa1" name="TC2" time="0.001"/>
  <system-out>
    <![CDATA[TC2]]>
  </system-out>
  <testcase classname="testNG.aa1" name="TC1" time="0.000"/>
  <system-out>
    <![CDATA[TC1]]>
  </system-out>
  <testcase classname="testNG.aa1" name="TC1" time="0.000"/>
  <system-out>
    <![CDATA[TC1]]>
  </system-out>
  <testcase classname="testNG.aa1" name="TC2" time="0.001"/>
  <system-out>
    <![CDATA[TC2]]>
  </system-out>
  <testcase classname="testNG.aa1" name="TC1" time="0.000"/>
  <system-out>
    <![CDATA[TC1]]>
  </system-out>
  <testcase classname="testNG.aa1" name="TC1" time="0.001"/>
  <system-out>
    <![CDATA[TC1]]>
  </system-out>
  <testcase classname="testNG.aa1" name="TC1" time="0.001"/>
  <system-out>
    <![CDATA[TC1]]>
  </system-out>
  <testcase classname="testNG.aa1" name="TC1" time="0.000"/>
  <system-out>
    <![CDATA[TC1]]>
  </system-out>
  <testcase classname="testNG.aa1" name="TC1" time="0.000"/>
  <system-out>
    <![CDATA[TC1]]>
  </system-out>
  <testcase classname="testNG.aa1" name="TC1" time="0.001"/>
  <system-out>
    <![CDATA[TC1]]>
  </system-out>
  <testcase classname="testNG.aa1" name="TC1" time="0.001"/>
  <system-out>
    <![CDATA[TC1]]>
  </system-out>
  <testcase classname="testNG.aa1" name="TC1" time="0.001"/>
  <system-out>
    <![CDATA[TC1]]>
  </system-out>
  <testcase classname="testNG.aa1" name="TC1" time="0.000"/>
  <system-out>
    <![CDATA[TC1]]>
  </system-out>
  <testcase classname="testNG.aa1" name="TC3" time="0.000"/>
  <system-out>
    <![CDATA[TC3]]>
  </system-out>
  <testcase classname="testNG.aa1" name="TC1" time="0.000"/>
  <system-out>
    <![CDATA[TC1]]>
  </system-out>
  <testcase classname="testNG.aa1" name="TC1" time="0.000"/>
  <system-out>
    <![CDATA[TC1]]>
  </system-out>
  <testcase classname="testNG.aa1" name="TC1" time="0.001"/>
  <system-out>
    <![CDATA[TC1]]>
  </system-out>
  <testcase classname="testNG.aa1" name="TC1" time="0.000"/>
  <system-out>
    <![CDATA[TC1]]>
  </system-out>
  <testcase classname="testNG.aa1" name="TC1" time="0.001"/>
  <system-out>
    <![CDATA[TC1]]>
  </system-out>
  <testcase classname="testNG.aa1" name="TC1" time="0.001"/>
  <system-out>
    <![CDATA[TC1]]>
  </system-out>
  <testcase classname="testNG.aa1" name="TC1" time="0.001"/>
  <system-out>
    <![CDATA[TC1]]>
  </system-out>
  <testcase classname="testNG.aa1" name="TC1" time="0.001"/>
  <system-out>
    <![CDATA[TC1]]>
  </system-out>
  <testcase classname="testNG.aa1" name="TC2" time="0.000"/>
  <system-out>
    <![CDATA[TC2]]>
  </system-out>
  <testcase classname="testNG.aa1" name="TC1" time="0.001"/>
  <system-out>
    <![CDATA[TC1]]>
  </system-out>
  <testcase classname="testNG.aa1" name="TC1" time="0.002"/>
  <system-out>
    <![CDATA[TC1]]>
  </system-out>
  <testcase classname="testNG.aa1" name="TC1" time="0.005"/>
  <system-out>
    <![CDATA[TC1]]>
  </system-out>
  <testcase classname="testNG.aa1" name="TC1" time="0.000"/>
  <system-out>
    <![CDATA[TC1]]>
  </system-out>
  <testcase classname="testNG.aa1" name="TC1" time="0.001"/>
  <system-out>
    <![CDATA[TC1]]>
  </system-out>
  <testcase classname="testNG.aa1" name="TC3" time="0.000"/>
  <system-out>
    <![CDATA[TC3]]>
  </system-out>
  <testcase classname="testNG.aa1" name="TC1" time="0.001"/>
  <system-out>
    <![CDATA[TC1]]>
  </system-out>
  <testcase classname="testNG.aa1" name="TC3" time="0.001"/>
  <system-out>
    <![CDATA[TC3]]>
  </system-out>
  <testcase classname="testNG.aa1" name="TC1" time="0.001"/>
  <system-out>
    <![CDATA[TC1]]>
  </system-out>
  <testcase classname="testNG.aa1" name="TC1" time="0.001"/>
  <system-out>
    <![CDATA[TC1]]>
  </system-out>
  <testcase classname="testNG.aa1" name="TC1" time="0.001"/>
  <system-out>
    <![CDATA[TC1]]>
  </system-out>
  <testcase classname="testNG.aa1" name="TC1" time="0.001"/>
  <system-out>
    <![CDATA[TC1]]>
  </system-out>
  <testcase classname="testNG.aa1" name="TC1" time="0.001"/>
  <system-out>
    <![CDATA[TC1]]>
  </system-out>
  <testcase classname="testNG.aa1" name="TC3" time="0.000"/>
  <system-out>
    <![CDATA[TC3]]>
  </system-out>
  <testcase classname="testNG.aa1" name="TC1" time="0.001"/>
  <system-out>
    <![CDATA[TC1]]>
  </system-out>
  <testcase classname="testNG.aa1" name="TC1" time="0.001"/>
  <system-out>
    <![CDATA[TC1]]>
  </system-out>
  <testcase classname="testNG.aa1" name="TC1" time="0.001"/>
  <system-out>
    <![CDATA[TC1]]>
  </system-out>
  <testcase classname="testNG.aa1" name="TC1" time="0.002"/>
  <system-out>
    <![CDATA[TC1]]>
  </system-out>
  <testcase classname="testNG.aa1" name="TC1" time="0.000"/>
  <system-out>
    <![CDATA[TC1]]>
  </system-out>
  <testcase classname="testNG.aa1" name="TC1" time="0.001"/>
  <system-out>
    <![CDATA[TC1]]>
  </system-out>
  <testcase classname="testNG.aa1" name="TC1" time="0.000"/>
  <system-out>
    <![CDATA[TC1]]>
  </system-out>
  <testcase classname="testNG.aa1" name="TC1" time="0.001"/>
  <system-out>
    <![CDATA[TC1]]>
  </system-out>
  <testcase classname="testNG.aa1" name="TC1" time="0.001"/>
  <system-out>
    <![CDATA[TC1]]>
  </system-out>
  <testcase classname="testNG.aa1" name="TC1" time="0.001"/>
  <system-out>
    <![CDATA[TC1]]>
  </system-out>
  <testcase classname="testNG.aa1" name="TC1" time="0.000"/>
  <system-out>
    <![CDATA[TC1]]>
  </system-out>
  <testcase classname="testNG.aa1" name="TC1" time="0.001"/>
  <system-out>
    <![CDATA[TC1]]>
  </system-out>
  <testcase classname="testNG.aa1" name="TC1" time="0.000"/>
  <system-out>
    <![CDATA[TC1]]>
  </system-out>
  <testcase classname="testNG.aa1" name="TC1" time="0.000"/>
  <system-out>
    <![CDATA[TC1]]>
  </system-out>
  <testcase classname="testNG.aa1" name="TC1" time="0.001"/>
  <system-out>
    <![CDATA[TC1]]>
  </system-out>
  <testcase classname="testNG.aa1" name="TC1" time="0.000"/>
  <system-out>
    <![CDATA[TC1]]>
  </system-out>
  <testcase classname="testNG.aa1" name="TC1" time="0.010"/>
  <system-out>
    <![CDATA[TC1]]>
  </system-out>
  <testcase classname="testNG.aa1" name="TC1" time="0.007"/>
  <system-out>
    <![CDATA[TC1]]>
  </system-out>
  <testcase classname="testNG.aa1" name="TC1" time="0.000"/>
  <system-out>
    <![CDATA[TC1]]>
  </system-out>
  <testcase classname="testNG.aa1" name="TC2" time="0.000"/>
  <system-out>
    <![CDATA[TC2]]>
  </system-out>
  <testcase classname="testNG.aa1" name="TC1" time="0.001"/>
  <system-out>
    <![CDATA[TC1]]>
  </system-out>
  <testcase classname="testNG.aa1" name="TC1" time="0.000"/>
  <system-out>
    <![CDATA[TC1]]>
  </system-out>
  <testcase classname="testNG.aa1" name="TC1" time="0.001"/>
  <system-out>
    <![CDATA[TC1]]>
  </system-out>
  <testcase classname="testNG.aa1" name="TC1" time="0.000"/>
  <system-out>
    <![CDATA[TC1]]>
  </system-out>
  <testcase classname="testNG.aa1" name="TC2" time="0.001"/>
  <system-out>
    <![CDATA[TC2]]>
  </system-out>
  <testcase classname="testNG.aa1" name="TC1" time="0.001"/>
  <system-out>
    <![CDATA[TC1]]>
  </system-out>
  <testcase classname="testNG.aa1" name="TC1" time="0.001"/>
  <system-out>
    <![CDATA[TC1]]>
  </system-out>
  <testcase classname="testNG.aa1" name="TC1" time="0.001"/>
  <system-out>
    <![CDATA[TC1]]>
  </system-out>
  <testcase classname="testNG.aa1" name="TC1" time="0.001"/>
  <system-out>
    <![CDATA[TC1]]>
  </system-out>
  <testcase classname="testNG.aa1" name="TC1" time="0.000"/>
  <system-out>
    <![CDATA[TC1]]>
  </system-out>
  <testcase classname="testNG.aa1" name="TC1" time="0.001"/>
  <system-out>
    <![CDATA[TC1]]>
  </system-out>
  <testcase classname="testNG.aa1" name="TC1" time="0.000"/>
  <system-out>
    <![CDATA[TC1]]>
  </system-out>
  <testcase classname="testNG.aa1" name="TC1" time="0.001"/>
  <system-out>
    <![CDATA[TC1]]>
  </system-out>
  <testcase classname="testNG.aa1" name="TC1" time="0.002"/>
  <system-out>
    <![CDATA[TC1]]>
  </system-out>
  <testcase classname="testNG.aa1" name="TC1" time="0.001"/>
  <system-out>
    <![CDATA[TC1]]>
  </system-out>
  <testcase classname="testNG.aa1" name="TC1" time="0.001"/>
  <system-out>
    <![CDATA[TC1]]>
  </system-out>
  <testcase classname="testNG.aa1" name="TC1" time="0.001"/>
  <system-out>
    <![CDATA[TC1]]>
  </system-out>
  <testcase classname="testNG.aa1" name="TC1" time="0.001"/>
  <system-out>
    <![CDATA[TC1]]>
  </system-out>
  <testcase classname="testNG.aa1" name="TC1" time="0.000"/>
  <system-out>
    <![CDATA[TC1]]>
  </system-out>
  <testcase classname="testNG.aa1" name="TC1" time="0.001"/>
  <system-out>
    <![CDATA[TC1]]>
  </system-out>
  <testcase classname="testNG.aa1" name="TC1" time="0.000"/>
  <system-out>
    <![CDATA[TC1]]>
  </system-out>
  <testcase classname="testNG.aa1" name="TC1" time="0.002"/>
  <system-out>
    <![CDATA[TC1]]>
  </system-out>
  <testcase classname="testNG.aa1" name="TC1" time="0.001"/>
  <system-out>
    <![CDATA[TC1]]>
  </system-out>
  <testcase classname="testNG.aa1" name="TC1" time="0.001"/>
  <system-out>
    <![CDATA[TC1]]>
  </system-out>
  <testcase classname="testNG.aa1" name="TC1" time="0.000"/>
  <system-out>
    <![CDATA[TC1]]>
  </system-out>
  <testcase classname="testNG.aa1" name="TC1" time="0.001"/>
  <system-out>
    <![CDATA[TC1]]>
  </system-out>
  <testcase classname="testNG.aa1" name="TC1" time="0.001"/>
  <system-out>
    <![CDATA[TC1]]>
  </system-out>
  <testcase classname="testNG.aa1" name="TC1" time="0.000"/>
  <system-out>
    <![CDATA[TC1]]>
  </system-out>
  <testcase classname="testNG.aa1" name="TC1" time="0.001"/>
  <system-out>
    <![CDATA[TC1]]>
  </system-out>
  <testcase classname="testNG.aa1" name="TC1" time="0.000"/>
  <system-out>
    <![CDATA[TC1]]>
  </system-out>
  <testcase classname="testNG.aa1" name="TC1" time="0.000"/>
  <system-out>
    <![CDATA[TC1]]>
  </system-out>
  <testcase classname="testNG.aa1" name="TC1" time="0.001"/>
  <system-out>
    <![CDATA[TC1]]>
  </system-out>
  <testcase classname="testNG.aa1" name="TC1" time="0.001"/>
  <system-out>
    <![CDATA[TC1]]>
  </system-out>
  <testcase classname="testNG.aa1" name="TC1" time="0.000"/>
  <system-out>
    <![CDATA[TC1]]>
  </system-out>
  <testcase classname="testNG.aa1" name="TC1" time="0.000"/>
  <system-out>
    <![CDATA[TC1]]>
  </system-out>
  <testcase classname="testNG.aa1" name="TC1" time="0.001"/>
  <system-out>
    <![CDATA[TC1]]>
  </system-out>
  <testcase classname="testNG.aa1" name="TC1" time="0.000"/>
  <system-out>
    <![CDATA[TC1]]>
  </system-out>
  <testcase classname="testNG.aa1" name="TC1" time="0.000"/>
  <system-out>
    <![CDATA[TC1]]>
  </system-out>
  <testcase classname="testNG.aa1" name="TC1" time="0.002"/>
  <system-out>
    <![CDATA[TC1]]>
  </system-out>
  <testcase classname="testNG.aa1" name="TC1" time="0.000"/>
  <system-out>
    <![CDATA[TC1]]>
  </system-out>
  <testcase classname="testNG.aa1" name="TC1" time="0.001"/>
  <system-out>
    <![CDATA[TC1]]>
  </system-out>
  <testcase classname="testNG.aa1" name="TC1" time="0.002"/>
  <system-out>
    <![CDATA[TC1]]>
  </system-out>
  <testcase classname="testNG.aa1" name="TC3" time="0.000"/>
  <system-out>
    <![CDATA[TC3]]>
  </system-out>
  <testcase classname="testNG.aa1" name="TC1" time="0.001"/>
  <system-out>
    <![CDATA[TC1]]>
  </system-out>
  <testcase classname="testNG.aa1" name="TC1" time="0.001"/>
  <system-out>
    <![CDATA[TC1]]>
  </system-out>
  <testcase classname="testNG.aa1" name="TC1" time="0.001"/>
  <system-out>
    <![CDATA[TC1]]>
  </system-out>
  <testcase classname="testNG.aa1" name="TC1" time="0.001"/>
  <system-out>
    <![CDATA[TC1]]>
  </system-out>
  <testcase classname="testNG.aa1" name="TC1" time="0.002"/>
  <system-out>
    <![CDATA[TC1]]>
  </system-out>
  <testcase classname="testNG.aa1" name="TC1" time="0.001"/>
  <system-out>
    <![CDATA[TC1]]>
  </system-out>
  <testcase classname="testNG.aa1" name="TC1" time="0.002"/>
  <system-out>
    <![CDATA[TC1]]>
  </system-out>
  <testcase classname="testNG.aa1" name="TC2" time="0.001"/>
  <system-out>
    <![CDATA[TC2]]>
  </system-out>
  <testcase classname="testNG.aa1" name="TC1" time="0.001"/>
  <system-out>
    <![CDATA[TC1]]>
  </system-out>
  <testcase classname="testNG.aa1" name="TC1" time="0.000"/>
  <system-out>
    <![CDATA[TC1]]>
  </system-out>
  <testcase classname="testNG.aa1" name="TC1" time="0.000"/>
  <system-out>
    <![CDATA[TC1]]>
  </system-out>
  <testcase classname="testNG.aa1" name="TC1" time="0.001"/>
  <system-out>
    <![CDATA[TC1]]>
  </system-out>
  <testcase classname="testNG.aa1" name="TC3" time="0.002"/>
  <system-out>
    <![CDATA[TC3]]>
  </system-out>
  <testcase classname="testNG.aa1" name="TC1" time="0.002"/>
  <system-out>
    <![CDATA[TC1]]>
  </system-out>
  <testcase classname="testNG.aa1" name="TC1" time="0.000"/>
  <system-out>
    <![CDATA[TC1]]>
  </system-out>
  <testcase classname="testNG.aa1" name="TC1" time="0.001"/>
  <system-out>
    <![CDATA[TC1]]>
  </system-out>
  <testcase classname="testNG.aa1" name="TC1" time="0.002"/>
  <system-out>
    <![CDATA[TC1]]>
  </system-out>
  <testcase classname="testNG.aa1" name="TC1" time="0.000"/>
  <system-out>
    <![CDATA[TC1]]>
  </system-out>
  <testcase classname="testNG.aa1" name="TC1" time="0.000"/>
  <system-out>
    <![CDATA[TC1]]>
  </system-out>
  <testcase classname="testNG.aa1" name="TC1" time="0.001"/>
  <system-out>
    <![CDATA[TC1]]>
  </system-out>
  <testcase classname="testNG.aa1" name="TC1" time="0.001"/>
  <system-out>
    <![CDATA[TC1]]>
  </system-out>
  <testcase classname="testNG.aa1" name="TC1" time="0.000"/>
  <system-out>
    <![CDATA[TC1]]>
  </system-out>
  <testcase classname="testNG.aa1" name="TC1" time="0.001"/>
  <system-out>
    <![CDATA[TC1]]>
  </system-out>
  <testcase classname="testNG.aa1" name="TC1" time="0.001"/>
  <system-out>
    <![CDATA[TC1]]>
  </system-out>
  <testcase classname="testNG.aa1" name="TC1" time="0.001"/>
  <system-out>
    <![CDATA[TC1]]>
  </system-out>
  <testcase classname="testNG.aa1" name="TC1" time="0.002"/>
  <system-out>
    <![CDATA[TC1]]>
  </system-out>
  <testcase classname="testNG.aa1" name="TC1" time="0.004"/>
  <system-out>
    <![CDATA[TC1]]>
  </system-out>
  <testcase classname="testNG.aa1" name="TC1" time="0.001"/>
  <system-out>
    <![CDATA[TC1]]>
  </system-out>
  <testcase classname="testNG.aa1" name="TC1" time="0.001"/>
  <system-out>
    <![CDATA[TC1]]>
  </system-out>
  <testcase classname="testNG.aa1" name="TC1" time="0.000"/>
  <system-out>
    <![CDATA[TC1]]>
  </system-out>
  <testcase classname="testNG.aa1" name="TC2" time="0.000"/>
  <system-out>
    <![CDATA[TC2]]>
  </system-out>
  <testcase classname="testNG.aa1" name="TC1" time="0.000"/>
  <system-out>
    <![CDATA[TC1]]>
  </system-out>
  <testcase classname="testNG.aa1" name="TC1" time="0.002"/>
  <system-out>
    <![CDATA[TC1]]>
  </system-out>
  <testcase classname="testNG.aa1" name="TC1" time="0.000"/>
  <system-out>
    <![CDATA[TC1]]>
  </system-out>
  <testcase classname="testNG.aa1" name="TC1" time="0.001"/>
  <system-out>
    <![CDATA[TC1]]>
  </system-out>
  <testcase classname="testNG.aa1" name="TC1" time="0.000"/>
  <system-out>
    <![CDATA[TC1]]>
  </system-out>
  <testcase classname="testNG.aa1" name="TC1" time="0.000"/>
  <system-out>
    <![CDATA[TC1]]>
  </system-out>
  <testcase classname="testNG.aa1" name="TC1" time="0.000"/>
  <system-out>
    <![CDATA[TC1]]>
  </system-out>
  <testcase classname="testNG.aa1" name="TC1" time="0.000"/>
  <system-out>
    <![CDATA[TC1]]>
  </system-out>
  <testcase classname="testNG.aa1" name="TC2" time="0.000"/>
  <system-out>
    <![CDATA[TC2]]>
  </system-out>
  <testcase classname="testNG.aa1" name="TC1" time="0.001"/>
  <system-out>
    <![CDATA[TC1]]>
  </system-out>
  <testcase classname="testNG.aa1" name="TC1" time="0.002"/>
  <system-out>
    <![CDATA[TC1]]>
  </system-out>
  <testcase classname="testNG.aa1" name="TC1" time="0.001"/>
  <system-out>
    <![CDATA[TC1]]>
  </system-out>
  <testcase classname="testNG.aa1" name="TC1" time="0.007"/>
  <system-out>
    <![CDATA[TC1]]>
  </system-out>
  <testcase classname="testNG.aa1" name="TC1" time="0.002"/>
  <system-out>
    <![CDATA[TC1]]>
  </system-out>
  <testcase classname="testNG.aa1" name="TC1" time="0.000"/>
  <system-out>
    <![CDATA[TC1]]>
  </system-out>
  <testcase classname="testNG.aa1" name="TC1" time="0.001"/>
  <system-out>
    <![CDATA[TC1]]>
  </system-out>
  <testcase classname="testNG.aa1" name="TC1" time="0.001"/>
  <system-out>
    <![CDATA[TC1]]>
  </system-out>
  <testcase classname="testNG.aa1" name="TC1" time="0.001"/>
  <system-out>
    <![CDATA[TC1]]>
  </system-out>
  <testcase classname="testNG.aa1" name="TC1" time="0.000"/>
  <system-out>
    <![CDATA[TC1]]>
  </system-out>
  <testcase classname="testNG.aa1" name="TC1" time="0.001"/>
  <system-out>
    <![CDATA[TC1]]>
  </system-out>
  <testcase classname="testNG.aa1" name="TC1" time="0.001"/>
  <system-out>
    <![CDATA[TC1]]>
  </system-out>
  <testcase classname="testNG.aa1" name="TC1" time="0.000"/>
  <system-out>
    <![CDATA[TC1]]>
  </system-out>
  <testcase classname="testNG.aa1" name="TC1" time="0.000"/>
  <system-out>
    <![CDATA[TC1]]>
  </system-out>
  <testcase classname="testNG.aa1" name="TC1" time="0.000"/>
  <system-out>
    <![CDATA[TC1]]>
  </system-out>
  <testcase classname="testNG.aa1" name="TC1" time="0.000"/>
  <system-out>
    <![CDATA[TC1]]>
  </system-out>
  <testcase classname="testNG.aa1" name="TC1" time="0.001"/>
  <system-out>
    <![CDATA[TC1]]>
  </system-out>
  <testcase classname="testNG.aa1" name="TC1" time="0.001"/>
  <system-out>
    <![CDATA[TC1]]>
  </system-out>
  <testcase classname="testNG.aa1" name="TC1" time="0.001"/>
  <system-out>
    <![CDATA[TC1]]>
  </system-out>
  <testcase classname="testNG.aa1" name="TC1" time="0.000"/>
  <system-out>
    <![CDATA[TC1]]>
  </system-out>
  <testcase classname="testNG.aa1" name="TC1" time="0.000"/>
  <system-out>
    <![CDATA[TC1]]>
  </system-out>
  <testcase classname="testNG.aa1" name="TC1" time="0.001"/>
  <system-out>
    <![CDATA[TC1]]>
  </system-out>
  <testcase classname="testNG.aa1" name="TC1" time="0.001"/>
  <system-out>
    <![CDATA[TC1]]>
  </system-out>
  <testcase classname="testNG.aa1" name="TC1" time="0.000"/>
  <system-out>
    <![CDATA[TC1]]>
  </system-out>
  <testcase classname="testNG.aa1" name="TC1" time="0.072"/>
  <system-out>
    <![CDATA[TC1]]>
  </system-out>
  <testcase classname="testNG.aa1" name="TC3" time="0.001"/>
  <system-out>
    <![CDATA[TC3]]>
  </system-out>
  <testcase classname="testNG.aa1" name="TC1" time="0.000"/>
  <system-out>
    <![CDATA[TC1]]>
  </system-out>
  <testcase classname="testNG.aa1" name="TC3" time="0.000"/>
  <system-out>
    <![CDATA[TC3]]>
  </system-out>
  <testcase classname="testNG.aa1" name="TC1" time="0.001"/>
  <system-out>
    <![CDATA[TC1]]>
  </system-out>
  <testcase classname="testNG.aa1" name="TC1" time="0.001"/>
  <system-out>
    <![CDATA[TC1]]>
  </system-out>
  <testcase classname="testNG.aa1" name="TC1" time="0.000"/>
  <system-out>
    <![CDATA[TC1]]>
  </system-out>
  <testcase classname="testNG.aa1" name="TC1" time="0.001"/>
  <system-out>
    <![CDATA[TC1]]>
  </system-out>
  <testcase classname="testNG.aa1" name="TC1" time="0.001"/>
  <system-out>
    <![CDATA[TC1]]>
  </system-out>
  <testcase classname="testNG.aa1" name="TC2" time="0.000"/>
  <system-out>
    <![CDATA[TC2]]>
  </system-out>
  <testcase classname="testNG.aa1" name="TC1" time="0.001"/>
  <system-out>
    <![CDATA[TC1]]>
  </system-out>
  <testcase classname="testNG.aa1" name="TC1" time="0.004"/>
  <system-out>
    <![CDATA[TC1]]>
  </system-out>
  <testcase classname="testNG.aa1" name="TC1" time="0.000"/>
  <system-out>
    <![CDATA[TC1]]>
  </system-out>
  <testcase classname="testNG.aa1" name="TC1" time="0.001"/>
  <system-out>
    <![CDATA[TC1]]>
  </system-out>
  <testcase classname="testNG.aa1" name="TC1" time="0.001"/>
  <system-out>
    <![CDATA[TC1]]>
  </system-out>
  <testcase classname="testNG.aa1" name="TC1" time="0.077"/>
  <system-out>
    <![CDATA[TC1]]>
  </system-out>
  <testcase classname="testNG.aa1" name="TC3" time="0.001"/>
  <system-out>
    <![CDATA[TC3]]>
  </system-out>
  <testcase classname="testNG.aa1" name="TC1" time="0.001"/>
  <system-out>
    <![CDATA[TC1]]>
  </system-out>
  <testcase classname="testNG.aa1" name="TC1" time="0.001"/>
  <system-out>
    <![CDATA[TC1]]>
  </system-out>
  <testcase classname="testNG.aa1" name="TC1" time="0.001"/>
  <system-out>
    <![CDATA[TC1]]>
  </system-out>
  <testcase classname="testNG.aa1" name="TC1" time="0.000"/>
  <system-out>
    <![CDATA[TC1]]>
  </system-out>
  <testcase classname="testNG.aa1" name="TC1" time="0.001"/>
  <system-out>
    <![CDATA[TC1]]>
  </system-out>
  <testcase classname="testNG.aa1" name="TC1" time="0.001"/>
  <system-out>
    <![CDATA[TC1]]>
  </system-out>
  <testcase classname="testNG.aa1" name="TC3" time="0.001"/>
  <system-out>
    <![CDATA[TC3]]>
  </system-out>
  <testcase classname="testNG.aa1" name="TC1" time="0.001"/>
  <system-out>
    <![CDATA[TC1]]>
  </system-out>
  <testcase classname="testNG.aa1" name="TC1" time="0.001"/>
  <system-out>
    <![CDATA[TC1]]>
  </system-out>
  <testcase classname="testNG.aa1" name="TC1" time="0.001"/>
  <system-out>
    <![CDATA[TC1]]>
  </system-out>
  <testcase classname="testNG.aa1" name="TC1" time="0.001"/>
  <system-out>
    <![CDATA[TC1]]>
  </system-out>
  <testcase classname="testNG.aa1" name="TC1" time="0.002"/>
  <system-out>
    <![CDATA[TC1]]>
  </system-out>
  <testcase classname="testNG.aa1" name="TC1" time="0.001"/>
  <system-out>
    <![CDATA[TC1]]>
  </system-out>
  <testcase classname="testNG.aa1" name="TC1" time="0.001"/>
  <system-out>
    <![CDATA[TC1]]>
  </system-out>
  <testcase classname="testNG.aa1" name="TC1" time="0.001"/>
  <system-out>
    <![CDATA[TC1]]>
  </system-out>
  <testcase classname="testNG.aa1" name="TC1" time="0.000"/>
  <system-out>
    <![CDATA[TC1]]>
  </system-out>
  <testcase classname="testNG.aa1" name="TC1" time="0.003"/>
  <system-out>
    <![CDATA[TC1]]>
  </system-out>
  <testcase classname="testNG.aa1" name="TC1" time="0.000"/>
  <system-out>
    <![CDATA[TC1]]>
  </system-out>
  <testcase classname="testNG.aa1" name="TC1" time="0.000"/>
  <system-out>
    <![CDATA[TC1]]>
  </system-out>
  <testcase classname="testNG.aa1" name="TC2" time="0.000"/>
  <system-out>
    <![CDATA[TC2]]>
  </system-out>
  <testcase classname="testNG.aa1" name="TC1" time="0.001"/>
  <system-out>
    <![CDATA[TC1]]>
  </system-out>
  <testcase classname="testNG.aa1" name="TC1" time="0.001"/>
  <system-out>
    <![CDATA[TC1]]>
  </system-out>
  <testcase classname="testNG.aa1" name="TC1" time="0.000"/>
  <system-out>
    <![CDATA[TC1]]>
  </system-out>
  <testcase classname="testNG.aa1" name="TC1" time="0.000"/>
  <system-out>
    <![CDATA[TC1]]>
  </system-out>
  <testcase classname="testNG.aa1" name="TC1" time="0.000"/>
  <system-out>
    <![CDATA[TC1]]>
  </system-out>
  <testcase classname="testNG.aa1" name="TC1" time="0.001"/>
  <system-out>
    <![CDATA[TC1]]>
  </system-out>
  <testcase classname="testNG.aa1" name="TC1" time="0.000"/>
  <system-out>
    <![CDATA[TC1]]>
  </system-out>
  <testcase classname="testNG.aa1" name="TC1" time="0.001"/>
  <system-out>
    <![CDATA[TC1]]>
  </system-out>
  <testcase classname="testNG.aa1" name="TC1" time="0.001"/>
  <system-out>
    <![CDATA[TC1]]>
  </system-out>
  <testcase classname="testNG.aa1" name="TC1" time="0.000"/>
  <system-out>
    <![CDATA[TC1]]>
  </system-out>
  <testcase classname="testNG.aa1" name="TC1" time="0.002"/>
  <system-out>
    <![CDATA[TC1]]>
  </system-out>
  <testcase classname="testNG.aa1" name="TC1" time="0.000"/>
  <system-out>
    <![CDATA[TC1]]>
  </system-out>
  <testcase classname="testNG.aa1" name="TC1" time="0.001"/>
  <system-out>
    <![CDATA[TC1]]>
  </system-out>
  <testcase classname="testNG.aa1" name="TC2" time="0.000"/>
  <system-out>
    <![CDATA[TC2]]>
  </system-out>
  <testcase classname="testNG.aa1" name="TC1" time="0.000"/>
  <system-out>
    <![CDATA[TC1]]>
  </system-out>
  <testcase classname="testNG.aa1" name="TC1" time="0.000"/>
  <system-out>
    <![CDATA[TC1]]>
  </system-out>
  <testcase classname="testNG.aa1" name="TC1" time="0.001"/>
  <system-out>
    <![CDATA[TC1]]>
  </system-out>
  <testcase classname="testNG.aa1" name="TC1" time="0.001"/>
  <system-out>
    <![CDATA[TC1]]>
  </system-out>
  <testcase classname="testNG.aa1" name="TC1" time="0.002"/>
  <system-out>
    <![CDATA[TC1]]>
  </system-out>
  <testcase classname="testNG.aa1" name="TC3" time="0.000"/>
  <system-out>
    <![CDATA[TC3]]>
  </system-out>
  <testcase classname="testNG.aa1" name="TC1" time="0.001"/>
  <system-out>
    <![CDATA[TC1]]>
  </system-out>
  <testcase classname="testNG.aa1" name="TC1" time="0.001"/>
  <system-out>
    <![CDATA[TC1]]>
  </system-out>
  <testcase classname="testNG.aa1" name="TC1" time="0.000"/>
  <system-out>
    <![CDATA[TC1]]>
  </system-out>
  <testcase classname="testNG.aa1" name="TC1" time="0.000"/>
  <system-out>
    <![CDATA[TC1]]>
  </system-out>
  <testcase classname="testNG.aa1" name="TC1" time="0.001"/>
  <system-out>
    <![CDATA[TC1]]>
  </system-out>
  <testcase classname="testNG.aa1" name="TC1" time="0.000"/>
  <system-out>
    <![CDATA[TC1]]>
  </system-out>
  <testcase classname="testNG.aa1" name="TC1" time="0.001"/>
  <system-out>
    <![CDATA[TC1]]>
  </system-out>
  <testcase classname="testNG.aa1" name="TC2" time="0.000"/>
  <system-out>
    <![CDATA[TC2]]>
  </system-out>
  <testcase classname="testNG.aa1" name="TC1" time="0.000"/>
  <system-out>
    <![CDATA[TC1]]>
  </system-out>
  <testcase classname="testNG.aa1" name="TC1" time="0.000"/>
  <system-out>
    <![CDATA[TC1]]>
  </system-out>
  <testcase classname="testNG.aa1" name="TC1" time="0.001"/>
  <system-out>
    <![CDATA[TC1]]>
  </system-out>
  <testcase classname="testNG.aa1" name="TC1" time="0.001"/>
  <system-out>
    <![CDATA[TC1]]>
  </system-out>
  <testcase classname="testNG.aa1" name="TC1" time="0.000"/>
  <system-out>
    <![CDATA[TC1]]>
  </system-out>
  <testcase classname="testNG.aa1" name="TC1" time="0.002"/>
  <system-out>
    <![CDATA[TC1]]>
  </system-out>
  <testcase classname="testNG.aa1" name="TC1" time="0.000"/>
  <system-out>
    <![CDATA[TC1]]>
  </system-out>
  <testcase classname="testNG.aa1" name="TC1" time="0.000"/>
  <system-out>
    <![CDATA[TC1]]>
  </system-out>
  <testcase classname="testNG.aa1" name="TC1" time="0.001"/>
  <system-out>
    <![CDATA[TC1]]>
  </system-out>
  <testcase classname="testNG.aa1" name="TC1" time="0.001"/>
  <system-out>
    <![CDATA[TC1]]>
  </system-out>
  <testcase classname="testNG.aa1" name="TC1" time="0.001"/>
  <system-out>
    <![CDATA[TC1]]>
  </system-out>
  <testcase classname="testNG.aa1" name="TC1" time="0.001"/>
  <system-out>
    <![CDATA[TC1]]>
  </system-out>
  <testcase classname="testNG.aa1" name="TC1" time="0.001"/>
  <system-out>
    <![CDATA[TC1]]>
  </system-out>
  <testcase classname="testNG.aa1" name="TC1" time="0.000"/>
  <system-out>
    <![CDATA[TC1]]>
  </system-out>
  <testcase classname="testNG.aa1" name="TC1" time="0.000"/>
  <system-out>
    <![CDATA[TC1]]>
  </system-out>
  <testcase classname="testNG.aa1" name="TC1" time="0.045"/>
  <system-out>
    <![CDATA[TC1]]>
  </system-out>
  <testcase classname="testNG.aa1" name="TC1" time="0.001"/>
  <system-out>
    <![CDATA[TC1]]>
  </system-out>
  <testcase classname="testNG.aa1" name="TC1" time="0.001"/>
  <system-out>
    <![CDATA[TC1]]>
  </system-out>
  <testcase classname="testNG.aa1" name="TC1" time="0.000"/>
  <system-out>
    <![CDATA[TC1]]>
  </system-out>
  <testcase classname="testNG.aa1" name="TC1" time="0.001"/>
  <system-out>
    <![CDATA[TC1]]>
  </system-out>
  <testcase classname="testNG.aa1" name="TC1" time="0.000"/>
  <system-out>
    <![CDATA[TC1]]>
  </system-out>
  <testcase classname="testNG.aa1" name="TC1" time="0.001"/>
  <system-out>
    <![CDATA[TC1]]>
  </system-out>
  <testcase classname="testNG.aa1" name="TC1" time="0.001"/>
  <system-out>
    <![CDATA[TC1]]>
  </system-out>
  <testcase classname="testNG.aa1" name="TC1" time="0.002"/>
  <system-out>
    <![CDATA[TC1]]>
  </system-out>
  <testcase classname="testNG.aa1" name="TC1" time="0.001"/>
  <system-out>
    <![CDATA[TC1]]>
  </system-out>
  <testcase classname="testNG.aa1" name="TC1" time="0.001"/>
  <system-out>
    <![CDATA[TC1]]>
  </system-out>
  <testcase classname="testNG.aa1" name="TC1" time="0.001"/>
  <system-out>
    <![CDATA[TC1]]>
  </system-out>
  <testcase classname="testNG.aa1" name="TC1" time="0.001"/>
  <system-out>
    <![CDATA[TC1]]>
  </system-out>
  <testcase classname="testNG.aa1" name="TC1" time="0.001"/>
  <system-out>
    <![CDATA[TC1]]>
  </system-out>
  <testcase classname="testNG.aa1" name="TC1" time="0.001"/>
  <system-out>
    <![CDATA[TC1]]>
  </system-out>
  <testcase classname="testNG.aa1" name="TC1" time="0.001"/>
  <system-out>
    <![CDATA[TC1]]>
  </system-out>
  <testcase classname="testNG.aa1" name="TC1" time="0.000"/>
  <system-out>
    <![CDATA[TC1]]>
  </system-out>
  <testcase classname="testNG.aa1" name="TC1" time="0.001"/>
  <system-out>
    <![CDATA[TC1]]>
  </system-out>
  <testcase classname="testNG.aa1" name="TC1" time="0.000"/>
  <system-out>
    <![CDATA[TC1]]>
  </system-out>
  <testcase classname="testNG.aa1" name="TC1" time="0.001"/>
  <system-out>
    <![CDATA[TC1]]>
  </system-out>
  <testcase classname="testNG.aa1" name="TC1" time="0.000"/>
  <system-out>
    <![CDATA[TC1]]>
  </system-out>
  <testcase classname="testNG.aa1" name="TC1" time="0.002"/>
  <system-out>
    <![CDATA[TC1]]>
  </system-out>
  <testcase classname="testNG.aa1" name="TC1" time="0.001"/>
  <system-out>
    <![CDATA[TC1]]>
  </system-out>
  <testcase classname="testNG.aa1" name="TC1" time="0.001"/>
  <system-out>
    <![CDATA[TC1]]>
  </system-out>
  <testcase classname="testNG.aa1" name="TC1" time="0.000"/>
  <system-out>
    <![CDATA[TC1]]>
  </system-out>
  <testcase classname="testNG.aa1" name="TC1" time="0.000"/>
  <system-out>
    <![CDATA[TC1]]>
  </system-out>
  <testcase classname="testNG.aa1" name="TC1" time="0.002"/>
  <system-out>
    <![CDATA[TC1]]>
  </system-out>
  <testcase classname="testNG.aa1" name="TC1" time="0.001"/>
  <system-out>
    <![CDATA[TC1]]>
  </system-out>
  <testcase classname="testNG.aa1" name="TC1" time="0.001"/>
  <system-out>
    <![CDATA[TC1]]>
  </system-out>
  <testcase classname="testNG.aa1" name="TC2" time="0.000"/>
  <system-out>
    <![CDATA[TC2]]>
  </system-out>
  <testcase classname="testNG.aa1" name="TC2" time="0.000"/>
  <system-out>
    <![CDATA[TC2]]>
  </system-out>
  <testcase classname="testNG.aa1" name="TC1" time="0.001"/>
  <system-out>
    <![CDATA[TC1]]>
  </system-out>
  <testcase classname="testNG.aa1" name="TC1" time="0.000"/>
  <system-out>
    <![CDATA[TC1]]>
  </system-out>
  <testcase classname="testNG.aa1" name="TC1" time="0.001"/>
  <system-out>
    <![CDATA[TC1]]>
  </system-out>
  <testcase classname="testNG.aa1" name="TC2" time="0.001"/>
  <system-out>
    <![CDATA[TC2]]>
  </system-out>
  <testcase classname="testNG.aa1" name="TC1" time="0.000"/>
  <system-out>
    <![CDATA[TC1]]>
  </system-out>
  <testcase classname="testNG.aa1" name="TC1" time="0.009"/>
  <system-out>
    <![CDATA[TC1]]>
  </system-out>
  <testcase classname="testNG.aa1" name="TC1" time="0.001"/>
  <system-out>
    <![CDATA[TC1]]>
  </system-out>
  <testcase classname="testNG.aa1" name="TC1" time="0.000"/>
  <system-out>
    <![CDATA[TC1]]>
  </system-out>
  <testcase classname="testNG.aa1" name="TC1" time="0.000"/>
  <system-out>
    <![CDATA[TC1]]>
  </system-out>
  <testcase classname="testNG.aa1" name="TC1" time="0.000"/>
  <system-out>
    <![CDATA[TC1]]>
  </system-out>
  <testcase classname="testNG.aa1" name="TC1" time="0.000"/>
  <system-out>
    <![CDATA[TC1]]>
  </system-out>
  <testcase classname="testNG.aa1" name="TC1" time="0.001"/>
  <system-out>
    <![CDATA[TC1]]>
  </system-out>
  <testcase classname="testNG.aa1" name="TC1" time="0.000"/>
  <system-out>
    <![CDATA[TC1]]>
  </system-out>
  <testcase classname="testNG.aa1" name="TC1" time="0.001"/>
  <system-out>
    <![CDATA[TC1]]>
  </system-out>
  <testcase classname="testNG.aa1" name="TC1" time="0.000"/>
  <system-out>
    <![CDATA[TC1]]>
  </system-out>
  <testcase classname="testNG.aa1" name="TC1" time="0.001"/>
  <system-out>
    <![CDATA[TC1]]>
  </system-out>
  <testcase classname="testNG.aa1" name="TC1" time="0.003"/>
  <system-out>
    <![CDATA[TC1]]>
  </system-out>
  <testcase classname="testNG.aa1" name="TC1" time="0.001"/>
  <system-out>
    <![CDATA[TC1]]>
  </system-out>
  <testcase classname="testNG.aa1" name="TC1" time="0.001"/>
  <system-out>
    <![CDATA[TC1]]>
  </system-out>
  <testcase classname="testNG.aa1" name="TC1" time="0.001"/>
  <system-out>
    <![CDATA[TC1]]>
  </system-out>
  <testcase classname="testNG.aa1" name="TC1" time="0.001"/>
  <system-out>
    <![CDATA[TC1]]>
  </system-out>
  <testcase classname="testNG.aa1" name="TC1" time="0.001"/>
  <system-out>
    <![CDATA[TC1]]>
  </system-out>
  <testcase classname="testNG.aa1" name="TC1" time="0.000"/>
  <system-out>
    <![CDATA[TC1]]>
  </system-out>
  <testcase classname="testNG.aa1" name="TC1" time="0.001"/>
  <system-out>
    <![CDATA[TC1]]>
  </system-out>
  <testcase classname="testNG.aa1" name="TC1" time="0.002"/>
  <system-out>
    <![CDATA[TC1]]>
  </system-out>
  <testcase classname="testNG.aa1" name="TC3" time="0.001"/>
  <system-out>
    <![CDATA[TC3]]>
  </system-out>
  <testcase classname="testNG.aa1" name="TC1" time="0.001"/>
  <system-out>
    <![CDATA[TC1]]>
  </system-out>
  <testcase classname="testNG.aa1" name="TC1" time="0.001"/>
  <system-out>
    <![CDATA[TC1]]>
  </system-out>
  <testcase classname="testNG.aa1" name="TC1" time="0.000"/>
  <system-out>
    <![CDATA[TC1]]>
  </system-out>
  <testcase classname="testNG.aa1" name="TC1" time="0.001"/>
  <system-out>
    <![CDATA[TC1]]>
  </system-out>
  <testcase classname="testNG.aa1" name="TC1" time="0.000"/>
  <system-out>
    <![CDATA[TC1]]>
  </system-out>
  <testcase classname="testNG.aa1" name="TC1" time="0.000"/>
  <system-out>
    <![CDATA[TC1]]>
  </system-out>
  <testcase classname="testNG.aa1" name="TC1" time="0.001"/>
  <system-out>
    <![CDATA[TC1]]>
  </system-out>
  <testcase classname="testNG.aa1" name="TC1" time="0.000"/>
  <system-out>
    <![CDATA[TC1]]>
  </system-out>
  <testcase classname="testNG.aa1" name="TC1" time="0.000"/>
  <system-out>
    <![CDATA[TC1]]>
  </system-out>
  <testcase classname="testNG.aa1" name="TC1" time="0.001"/>
  <system-out>
    <![CDATA[TC1]]>
  </system-out>
  <testcase classname="testNG.aa1" name="TC1" time="0.000"/>
  <system-out>
    <![CDATA[TC1]]>
  </system-out>
  <testcase classname="testNG.aa1" name="TC1" time="0.000"/>
  <system-out>
    <![CDATA[TC1]]>
  </system-out>
  <testcase classname="testNG.aa1" name="TC3" time="0.000"/>
  <system-out>
    <![CDATA[TC3]]>
  </system-out>
  <testcase classname="testNG.aa1" name="TC1" time="0.001"/>
  <system-out>
    <![CDATA[TC1]]>
  </system-out>
  <testcase classname="testNG.aa1" name="TC1" time="0.001"/>
  <system-out>
    <![CDATA[TC1]]>
  </system-out>
  <testcase classname="testNG.aa1" name="TC1" time="0.001"/>
  <system-out>
    <![CDATA[TC1]]>
  </system-out>
  <testcase classname="testNG.aa1" name="TC1" time="0.000"/>
  <system-out>
    <![CDATA[TC1]]>
  </system-out>
  <testcase classname="testNG.aa1" name="TC1" time="0.001"/>
  <system-out>
    <![CDATA[TC1]]>
  </system-out>
  <testcase classname="testNG.aa1" name="TC1" time="0.000"/>
  <system-out>
    <![CDATA[TC1]]>
  </system-out>
  <testcase classname="testNG.aa1" name="TC1" time="0.001"/>
  <system-out>
    <![CDATA[TC1]]>
  </system-out>
  <testcase classname="testNG.aa1" name="TC1" time="0.000"/>
  <system-out>
    <![CDATA[TC1]]>
  </system-out>
  <testcase classname="testNG.aa1" name="TC1" time="0.000"/>
  <system-out>
    <![CDATA[TC1]]>
  </system-out>
  <testcase classname="testNG.aa1" name="TC1" time="0.000"/>
  <system-out>
    <![CDATA[TC1]]>
  </system-out>
  <testcase classname="testNG.aa1" name="TC1" time="0.000"/>
  <system-out>
    <![CDATA[TC1]]>
  </system-out>
  <testcase classname="testNG.aa1" name="TC1" time="0.000"/>
  <system-out>
    <![CDATA[TC1]]>
  </system-out>
  <testcase classname="testNG.aa1" name="TC1" time="0.001"/>
  <system-out>
    <![CDATA[TC1]]>
  </system-out>
  <testcase classname="testNG.aa1" name="TC1" time="0.000"/>
  <system-out>
    <![CDATA[TC1]]>
  </system-out>
  <testcase classname="testNG.aa1" name="TC1" time="0.000"/>
  <system-out>
    <![CDATA[TC1]]>
  </system-out>
  <testcase classname="testNG.aa1" name="TC3" time="0.002"/>
  <system-out>
    <![CDATA[TC3]]>
  </system-out>
  <testcase classname="testNG.aa1" name="TC1" time="0.001"/>
  <system-out>
    <![CDATA[TC1]]>
  </system-out>
  <testcase classname="testNG.aa1" name="TC1" time="0.001"/>
  <system-out>
    <![CDATA[TC1]]>
  </system-out>
  <testcase classname="testNG.aa1" name="TC1" time="0.001"/>
  <system-out>
    <![CDATA[TC1]]>
  </system-out>
  <testcase classname="testNG.aa1" name="TC1" time="0.001"/>
  <system-out>
    <![CDATA[TC1]]>
  </system-out>
  <testcase classname="testNG.aa1" name="TC1" time="0.000"/>
  <system-out>
    <![CDATA[TC1]]>
  </system-out>
  <testcase classname="testNG.aa1" name="TC1" time="0.001"/>
  <system-out>
    <![CDATA[TC1]]>
  </system-out>
  <testcase classname="testNG.aa1" name="TC1" time="0.002"/>
  <system-out>
    <![CDATA[TC1]]>
  </system-out>
  <testcase classname="testNG.aa1" name="TC1" time="0.000"/>
  <system-out>
    <![CDATA[TC1]]>
  </system-out>
  <testcase classname="testNG.aa1" name="TC1" time="0.000"/>
  <system-out>
    <![CDATA[TC1]]>
  </system-out>
  <testcase classname="testNG.aa1" name="TC1" time="0.000"/>
  <system-out>
    <![CDATA[TC1]]>
  </system-out>
  <testcase classname="testNG.aa1" name="TC1" time="0.001"/>
  <system-out>
    <![CDATA[TC1]]>
  </system-out>
  <testcase classname="testNG.aa1" name="TC1" time="0.000"/>
  <system-out>
    <![CDATA[TC1]]>
  </system-out>
  <testcase classname="testNG.aa1" name="TC1" time="0.003"/>
  <system-out>
    <![CDATA[TC1]]>
  </system-out>
  <testcase classname="testNG.aa1" name="TC1" time="0.001"/>
  <system-out>
    <![CDATA[TC1]]>
  </system-out>
  <testcase classname="testNG.aa1" name="TC1" time="0.002"/>
  <system-out>
    <![CDATA[TC1]]>
  </system-out>
  <testcase classname="testNG.aa1" name="TC1" time="0.001"/>
  <system-out>
    <![CDATA[TC1]]>
  </system-out>
  <testcase classname="testNG.aa1" name="TC1" time="0.001"/>
  <system-out>
    <![CDATA[TC1]]>
  </system-out>
  <testcase classname="testNG.aa1" name="TC1" time="0.000"/>
  <system-out>
    <![CDATA[TC1]]>
  </system-out>
  <testcase classname="testNG.aa1" name="TC1" time="0.001"/>
  <system-out>
    <![CDATA[TC1]]>
  </system-out>
  <testcase classname="testNG.aa1" name="TC1" time="0.000"/>
  <system-out>
    <![CDATA[TC1]]>
  </system-out>
  <testcase classname="testNG.aa1" name="TC1" time="0.001"/>
  <system-out>
    <![CDATA[TC1]]>
  </system-out>
  <testcase classname="testNG.aa1" name="TC2" time="0.001"/>
  <system-out>
    <![CDATA[TC2]]>
  </system-out>
  <testcase classname="testNG.aa1" name="TC2" time="0.000"/>
  <system-out>
    <![CDATA[TC2]]>
  </system-out>
  <testcase classname="testNG.aa1" name="TC1" time="0.000"/>
  <system-out>
    <![CDATA[TC1]]>
  </system-out>
  <testcase classname="testNG.aa1" name="TC1" time="0.000"/>
  <system-out>
    <![CDATA[TC1]]>
  </system-out>
  <testcase classname="testNG.aa1" name="TC1" time="0.001"/>
  <system-out>
    <![CDATA[TC1]]>
  </system-out>
  <testcase classname="testNG.aa1" name="TC1" time="0.028"/>
  <system-out>
    <![CDATA[TC1]]>
  </system-out>
  <testcase classname="testNG.aa1" name="TC1" time="0.000"/>
  <system-out>
    <![CDATA[TC1]]>
  </system-out>
  <testcase classname="testNG.aa1" name="TC1" time="0.000"/>
  <system-out>
    <![CDATA[TC1]]>
  </system-out>
  <testcase classname="testNG.aa1" name="TC1" time="0.001"/>
  <system-out>
    <![CDATA[TC1]]>
  </system-out>
  <testcase classname="testNG.aa1" name="TC1" time="0.002"/>
  <system-out>
    <![CDATA[TC1]]>
  </system-out>
  <testcase classname="testNG.aa1" name="TC1" time="0.005"/>
  <system-out>
    <![CDATA[TC1]]>
  </system-out>
  <testcase classname="testNG.aa1" name="TC1" time="0.001"/>
  <system-out>
    <![CDATA[TC1]]>
  </system-out>
  <testcase classname="testNG.aa1" name="TC1" time="0.001"/>
  <system-out>
    <![CDATA[TC1]]>
  </system-out>
  <testcase classname="testNG.aa1" name="TC1" time="0.001"/>
  <system-out>
    <![CDATA[TC1]]>
  </system-out>
  <testcase classname="testNG.aa1" name="TC1" time="0.002"/>
  <system-out>
    <![CDATA[TC1]]>
  </system-out>
  <testcase classname="testNG.aa1" name="TC1" time="0.000"/>
  <system-out>
    <![CDATA[TC1]]>
  </system-out>
  <testcase classname="testNG.aa1" name="TC1" time="0.001"/>
  <system-out>
    <![CDATA[TC1]]>
  </system-out>
  <testcase classname="testNG.aa1" name="TC1" time="0.000"/>
  <system-out>
    <![CDATA[TC1]]>
  </system-out>
  <testcase classname="testNG.aa1" name="TC1" time="0.000"/>
  <system-out>
    <![CDATA[TC1]]>
  </system-out>
  <testcase classname="testNG.aa1" name="TC1" time="0.000"/>
  <system-out>
    <![CDATA[TC1]]>
  </system-out>
  <testcase classname="testNG.aa1" name="TC1" time="0.001"/>
  <system-out>
    <![CDATA[TC1]]>
  </system-out>
  <testcase classname="testNG.aa1" name="TC1" time="0.001"/>
  <system-out>
    <![CDATA[TC1]]>
  </system-out>
  <testcase classname="testNG.aa1" name="TC1" time="0.002"/>
  <system-out>
    <![CDATA[TC1]]>
  </system-out>
  <testcase classname="testNG.aa1" name="TC1" time="0.002"/>
  <system-out>
    <![CDATA[TC1]]>
  </system-out>
  <testcase classname="testNG.aa1" name="TC1" time="0.000"/>
  <system-out>
    <![CDATA[TC1]]>
  </system-out>
  <testcase classname="testNG.aa1" name="TC1" time="0.001"/>
  <system-out>
    <![CDATA[TC1]]>
  </system-out>
  <testcase classname="testNG.aa1" name="TC1" time="0.001"/>
  <system-out>
    <![CDATA[TC1]]>
  </system-out>
  <testcase classname="testNG.aa1" name="TC1" time="0.001"/>
  <system-out>
    <![CDATA[TC1]]>
  </system-out>
  <testcase classname="testNG.aa1" name="TC1" time="0.001"/>
  <system-out>
    <![CDATA[TC1]]>
  </system-out>
  <testcase classname="testNG.aa1" name="TC1" time="0.001"/>
  <system-out>
    <![CDATA[TC1]]>
  </system-out>
  <testcase classname="testNG.aa1" name="TC1" time="0.000"/>
  <system-out>
    <![CDATA[TC1]]>
  </system-out>
  <testcase classname="testNG.aa1" name="TC1" time="0.001"/>
  <system-out>
    <![CDATA[TC1]]>
  </system-out>
  <testcase classname="testNG.aa1" name="TC1" time="0.001"/>
  <system-out>
    <![CDATA[TC1]]>
  </system-out>
  <testcase classname="testNG.aa1" name="TC1" time="0.000"/>
  <system-out>
    <![CDATA[TC1]]>
  </system-out>
  <testcase classname="testNG.aa1" name="TC2" time="0.000"/>
  <system-out>
    <![CDATA[TC2]]>
  </system-out>
  <testcase classname="testNG.aa1" name="TC1" time="0.001"/>
  <system-out>
    <![CDATA[TC1]]>
  </system-out>
  <testcase classname="testNG.aa1" name="TC1" time="0.001"/>
  <system-out>
    <![CDATA[TC1]]>
  </system-out>
  <testcase classname="testNG.aa1" name="TC1" time="0.000"/>
  <system-out>
    <![CDATA[TC1]]>
  </system-out>
  <testcase classname="testNG.aa1" name="TC1" time="0.001"/>
  <system-out>
    <![CDATA[TC1]]>
  </system-out>
  <testcase classname="testNG.aa1" name="TC1" time="0.001"/>
  <system-out>
    <![CDATA[TC1]]>
  </system-out>
  <testcase classname="testNG.aa1" name="TC1" time="0.001"/>
  <system-out>
    <![CDATA[TC1]]>
  </system-out>
  <testcase classname="testNG.aa1" name="TC1" time="0.000"/>
  <system-out>
    <![CDATA[TC1]]>
  </system-out>
  <testcase classname="testNG.aa1" name="TC1" time="0.001"/>
  <system-out>
    <![CDATA[TC1]]>
[...]
  </system-out>
  <testcase classname="testNG.aa1" name="TC2" time="0.000"/>
  <system-out>
    <![CDATA[TC2]]>
  </system-out>
  <testcase classname="testNG.aa1" name="TC1" time="0.000"/>
  <system-out>
    <![CDATA[TC1]]>
  </system-out>
  <testcase classname="testNG.aa1" name="TC1" time="0.001"/>
  <system-out>
    <![CDATA[TC1]]>
  </system-out>
  <testcase classname="testNG.aa1" name="TC1" time="0.002"/>
  <system-out>
    <![CDATA[TC1]]>
  </system-out>
  <testcase classname="testNG.aa1" name="TC1" time="0.000"/>
  <system-out>
    <![CDATA[TC1]]>
  </system-out>
  <testcase classname="testNG.aa1" name="TC1" time="0.001"/>
  <system-out>
    <![CDATA[TC1]]>
  </system-out>
  <testcase classname="testNG.aa1" name="TC1" time="0.002"/>
  <system-out>
    <![CDATA[TC1]]>
  </system-out>
  <testcase classname="testNG.aa1" name="TC1" time="0.003"/>
  <system-out>
    <![CDATA[TC1]]>
  </system-out>
  <testcase classname="testNG.aa1" name="TC1" time="0.000"/>
  <system-out>
    <![CDATA[TC1]]>
  </system-out>
  <testcase classname="testNG.aa1" name="TC1" time="0.001"/>
  <system-out>
    <![CDATA[TC1]]>
  </system-out>
  <testcase classname="testNG.aa1" name="TC1" time="0.001"/>
  <system-out>
    <![CDATA[TC1]]>
  </system-out>
  <testcase classname="testNG.aa1" name="TC1" time="0.000"/>
  <system-out>
    <![CDATA[TC1]]>
  </system-out>
  <testcase classname="testNG.aa1" name="TC1" time="0.006"/>
  <system-out>
    <![CDATA[TC1]]>
  </system-out>
  <testcase classname="testNG.aa1" name="TC1" time="0.002"/>
  <system-out>
    <![CDATA[TC1]]>
  </system-out>
  <testcase classname="testNG.aa1" name="TC1" time="0.000"/>
  <system-out>
    <![CDATA[TC1]]>
  </system-out>
  <testcase classname="testNG.aa1" name="TC1" time="0.001"/>
  <system-out>
    <![CDATA[TC1]]>
  </system-out>
  <testcase classname="testNG.aa1" name="TC1" time="0.001"/>
  <system-out>
    <![CDATA[TC1]]>
  </system-out>
  <testcase classname="testNG.aa1" name="TC1" time="0.000"/>
  <system-out>
    <![CDATA[TC1]]>
  </system-out>
  <testcase classname="testNG.aa1" name="TC1" time="0.001"/>
  <system-out>
    <![CDATA[TC1]]>
  </system-out>
  <testcase classname="testNG.aa1" name="TC1" time="0.001"/>
  <system-out>
    <![CDATA[TC1]]>
  </system-out>
  <testcase classname="testNG.aa1" name="TC1" time="0.002"/>
  <system-out>
    <![CDATA[TC1]]>
  </system-out>
  <testcase classname="testNG.aa1" name="TC3" time="0.001"/>
  <system-out>
    <![CDATA[TC3]]>
  </system-out>
  <testcase classname="testNG.aa1" name="TC1" time="0.000"/>
  <system-out>
    <![CDATA[TC1]]>
  </system-out>
  <testcase classname="testNG.aa1" name="TC1" time="0.001"/>
  <system-out>
    <![CDATA[TC1]]>
  </system-out>
  <testcase classname="testNG.aa1" name="TC1" time="0.001"/>
  <system-out>
    <![CDATA[TC1]]>
  </system-out>
  <testcase classname="testNG.aa1" name="TC1" time="0.001"/>
  <system-out>
    <![CDATA[TC1]]>
  </system-out>
  <testcase classname="testNG.aa1" name="TC1" time="0.001"/>
  <system-out>
    <![CDATA[TC1]]>
  </system-out>
  <testcase classname="testNG.aa1" name="TC1" time="0.001"/>
  <system-out>
    <![CDATA[TC1]]>
  </system-out>
  <testcase classname="testNG.aa1" name="TC1" time="0.001"/>
  <system-out>
    <![CDATA[TC1]]>
  </system-out>
  <testcase classname="testNG.aa1" name="TC1" time="0.001"/>
  <system-out>
    <![CDATA[TC1]]>
  </system-out>
  <testcase classname="testNG.aa1" name="TC1" time="0.009"/>
  <system-out>
    <![CDATA[TC1]]>
  </system-out>
  <testcase classname="testNG.aa1" name="TC1" time="0.001"/>
  <system-out>
    <![CDATA[TC1]]>
  </system-out>
  <testcase classname="testNG.aa1" name="TC1" time="0.000"/>
  <system-out>
    <![CDATA[TC1]]>
  </system-out>
  <testcase classname="testNG.aa1" name="TC1" time="0.001"/>
  <system-out>
    <![CDATA[TC1]]>
  </system-out>
  <testcase classname="testNG.aa1" name="TC1" time="0.000"/>
  <system-out>
    <![CDATA[TC1]]>
  </system-out>
  <testcase classname="testNG.aa1" name="TC3" time="0.001"/>
  <system-out>
    <![CDATA[TC3]]>
  </system-out>
  <testcase classname="testNG.aa1" name="TC1" time="0.001"/>
  <system-out>
    <![CDATA[TC1]]>
  </system-out>
  <testcase classname="testNG.aa1" name="TC3" time="0.000"/>
  <system-out>
    <![CDATA[TC3]]>
  </system-out>
  <testcase classname="testNG.aa1" name="TC1" time="0.001"/>
  <system-out>
    <![CDATA[TC1]]>
  </system-out>
  <testcase classname="testNG.aa1" name="TC1" time="0.001"/>
  <system-out>
    <![CDATA[TC1]]>
  </system-out>
  <testcase classname="testNG.aa1" name="TC1" time="0.000"/>
  <system-out>
    <![CDATA[TC1]]>
  </system-out>
  <testcase classname="testNG.aa1" name="TC1" time="0.001"/>
  <system-out>
    <![CDATA[TC1]]>
  </system-out>
  <testcase classname="testNG.aa1" name="TC1" time="0.000"/>
  <system-out>
    <![CDATA[TC1]]>
  </system-out>
  <testcase classname="testNG.aa1" name="TC1" time="0.000"/>
  <system-out>
    <![CDATA[TC1]]>
  </system-out>
  <testcase classname="testNG.aa1" name="TC1" time="0.001"/>
  <system-out>
    <![CDATA[TC1]]>
  </system-out>
  <testcase classname="testNG.aa1" name="TC1" time="0.000"/>
  <system-out>
    <![CDATA[TC1]]>
  </system-out>
  <testcase classname="testNG.aa1" name="TC1" time="0.001"/>
  <system-out>
    <![CDATA[TC1]]>
  </system-out>
  <testcase classname="testNG.aa1" name="TC1" time="0.000"/>
  <system-out>
    <![CDATA[TC1]]>
  </system-out>
  <testcase classname="testNG.aa1" name="TC1" time="0.001"/>
  <system-out>
    <![CDATA[TC1]]>
  </system-out>
  <testcase classname="testNG.aa1" name="TC1" time="0.000"/>
  <system-out>
    <![CDATA[TC1]]>
  </system-out>
  <testcase classname="testNG.aa1" name="TC1" time="0.001"/>
  <system-out>
    <![CDATA[TC1]]>
  </system-out>
  <testcase classname="testNG.aa1" name="TC1" time="0.001"/>
  <system-out>
    <![CDATA[TC1]]>
  </system-out>
  <testcase classname="testNG.aa1" name="TC1" time="0.001"/>
  <system-out>
    <![CDATA[TC1]]>
  </system-out>
  <testcase classname="testNG.aa1" name="TC1" time="0.000"/>
  <system-out>
    <![CDATA[TC1]]>
  </system-out>
  <testcase classname="testNG.aa1" name="TC1" time="0.001"/>
  <system-out>
    <![CDATA[TC1]]>
  </system-out>
  <testcase classname="testNG.aa1" name="TC1" time="0.001"/>
  <system-out>
    <![CDATA[TC1]]>
  </system-out>
  <testcase classname="testNG.aa1" name="TC1" time="0.002"/>
  <system-out>
    <![CDATA[TC1]]>
  </system-out>
  <testcase classname="testNG.aa1" name="TC1" time="0.001"/>
  <system-out>
    <![CDATA[TC1]]>
  </system-out>
  <testcase classname="testNG.aa1" name="TC1" time="0.000"/>
  <system-out>
    <![CDATA[TC1]]>
  </system-out>
  <testcase classname="testNG.aa1" name="TC1" time="0.001"/>
  <system-out>
    <![CDATA[TC1]]>
  </system-out>
  <testcase classname="testNG.aa1" name="TC1" time="0.001"/>
  <system-out>
    <![CDATA[TC1]]>
  </system-out>
  <testcase classname="testNG.aa1" name="TC1" time="0.001"/>
  <system-out>
    <![CDATA[TC1]]>
  </system-out>
  <testcase classname="testNG.aa1" name="TC1" time="0.000"/>
  <system-out>
    <![CDATA[TC1]]>
  </system-out>
  <testcase classname="testNG.aa1" name="TC1" time="0.001"/>
  <system-out>
    <![CDATA[TC1]]>
  </system-out>
  <testcase classname="testNG.aa1" name="TC1" time="0.001"/>
  <system-out>
    <![CDATA[TC1]]>
  </system-out>
  <testcase classname="testNG.aa1" name="TC1" time="0.001"/>
  <system-out>
    <![CDATA[TC1]]>
  </system-out>
  <testcase classname="testNG.aa1" name="TC1" time="0.001"/>
  <system-out>
    <![CDATA[TC1]]>
  </system-out>
  <testcase classname="testNG.aa1" name="TC1" time="0.003"/>
  <system-out>
    <![CDATA[TC1]]>
  </system-out>
  <testcase classname="testNG.aa1" name="TC1" time="0.001"/>
  <system-out>
    <![CDATA[TC1]]>
  </system-out>
  <testcase classname="testNG.aa1" name="TC3" time="0.000"/>
  <system-out>
    <![CDATA[TC3]]>
  </system-out>
  <testcase classname="testNG.aa1" name="TC1" time="0.027"/>
  <system-out>
    <![CDATA[TC1]]>
  </system-out>
  <testcase classname="testNG.aa1" name="TC1" time="0.001"/>
  <system-out>
    <![CDATA[TC1]]>
  </system-out>
  <testcase classname="testNG.aa1" name="TC1" time="0.000"/>
  <system-out>
    <![CDATA[TC1]]>
  </system-out>
  <testcase classname="testNG.aa1" name="TC1" time="0.001"/>
  <system-out>
    <![CDATA[TC1]]>
  </system-out>
  <testcase classname="testNG.aa1" name="TC1" time="0.003"/>
  <system-out>
    <![CDATA[TC1]]>
  </system-out>
  <testcase classname="testNG.aa1" name="TC1" time="0.001"/>
  <system-out>
    <![CDATA[TC1]]>
  </system-out>
  <testcase classname="testNG.aa1" name="TC2" time="0.000"/>
  <system-out>
    <![CDATA[TC2]]>
  </system-out>
  <testcase classname="testNG.aa1" name="TC1" time="0.000"/>
  <system-out>
    <![CDATA[TC1]]>
  </system-out>
  <testcase classname="testNG.aa1" name="TC1" time="0.001"/>
  <system-out>
    <![CDATA[TC1]]>
  </system-out>
  <testcase classname="testNG.aa1" name="TC1" time="0.001"/>
  <system-out>
    <![CDATA[TC1]]>
  </system-out>
  <testcase classname="testNG.aa1" name="TC1" time="0.001"/>
  <system-out>
    <![CDATA[TC1]]>
  </system-out>
  <testcase classname="testNG.aa1" name="TC1" time="0.001"/>
  <system-out>
    <![CDATA[TC1]]>
  </system-out>
  <testcase classname="testNG.aa1" name="TC1" time="0.000"/>
  <system-out>
    <![CDATA[TC1]]>
  </system-out>
  <testcase classname="testNG.aa1" name="TC1" time="0.001"/>
  <system-out>
    <![CDATA[TC1]]>
  </system-out>
  <testcase classname="testNG.aa1" name="TC1" time="0.001"/>
  <system-out>
    <![CDATA[TC1]]>
  </system-out>
  <testcase classname="testNG.aa1" name="TC1" time="0.001"/>
  <system-out>
    <![CDATA[TC1]]>
  </system-out>
  <testcase classname="testNG.aa1" name="TC1" time="0.002"/>
  <system-out>
    <![CDATA[TC1]]>
  </system-out>
  <testcase classname="testNG.aa1" name="TC1" time="0.001"/>
  <system-out>
    <![CDATA[TC1]]>
  </system-out>
  <testcase classname="testNG.aa1" name="TC1" time="0.006"/>
  <system-out>
    <![CDATA[TC1]]>
  </system-out>
  <testcase classname="testNG.aa1" name="TC1" time="0.000"/>
  <system-out>
    <![CDATA[TC1]]>
  </system-out>
  <testcase classname="testNG.aa1" name="TC1" time="0.001"/>
  <system-out>
    <![CDATA[TC1]]>
  </system-out>
  <testcase classname="testNG.aa1" name="TC1" time="0.001"/>
  <system-out>
    <![CDATA[TC1]]>
  </system-out>
  <testcase classname="testNG.aa1" name="TC1" time="0.000"/>
  <system-out>
    <![CDATA[TC1]]>
  </system-out>
  <testcase classname="testNG.aa1" name="TC1" time="0.001"/>
  <system-out>
    <![CDATA[TC1]]>
  </system-out>
  <testcase classname="testNG.aa1" name="TC1" time="0.001"/>
  <system-out>
    <![CDATA[TC1]]>
  </system-out>
  <testcase classname="testNG.aa1" name="TC1" time="0.000"/>
  <system-out>
    <![CDATA[TC1]]>
  </system-out>
  <testcase classname="testNG.aa1" name="TC2" time="0.000"/>
  <system-out>
    <![CDATA[TC2]]>
  </system-out>
  <testcase classname="testNG.aa1" name="TC1" time="0.000"/>
  <system-out>
    <![CDATA[TC1]]>
  </system-out>
  <testcase classname="testNG.aa1" name="TC1" time="0.001"/>
  <system-out>
    <![CDATA[TC1]]>
  </system-out>
  <testcase classname="testNG.aa1" name="TC1" time="0.001"/>
  <system-out>
    <![CDATA[TC1]]>
  </system-out>
  <testcase classname="testNG.aa1" name="TC1" time="0.000"/>
  <system-out>
    <![CDATA[TC1]]>
  </system-out>
  <testcase classname="testNG.aa1" name="TC1" time="0.000"/>
  <system-out>
    <![CDATA[TC1]]>
  </system-out>
  <testcase classname="testNG.aa1" name="TC2" time="0.001"/>
  <system-out>
    <![CDATA[TC2]]>
  </system-out>
  <testcase classname="testNG.aa1" name="TC1" time="0.001"/>
  <system-out>
    <![CDATA[TC1]]>
  </system-out>
  <testcase classname="testNG.aa1" name="TC1" time="0.001"/>
  <system-out>
    <![CDATA[TC1]]>
  </system-out>
  <testcase classname="testNG.aa1" name="TC1" time="0.001"/>
  <system-out>
    <![CDATA[TC1]]>
  </system-out>
  <testcase classname="testNG.aa1" name="TC1" time="0.001"/>
  <system-out>
    <![CDATA[TC1]]>
  </system-out>
  <testcase classname="testNG.aa1" name="TC1" time="0.000"/>
  <system-out>
    <![CDATA[TC1]]>
  </system-out>
  <testcase classname="testNG.aa1" name="TC2" time="0.000"/>
  <system-out>
    <![CDATA[TC2]]>
  </system-out>
  <testcase classname="testNG.aa1" name="TC1" time="0.001"/>
  <system-out>
    <![CDATA[TC1]]>
  </system-out>
  <testcase classname="testNG.aa1" name="TC1" time="0.000"/>
  <system-out>
    <![CDATA[TC1]]>
  </system-out>
  <testcase classname="testNG.aa1" name="TC1" time="0.001"/>
  <system-out>
    <![CDATA[TC1]]>
  </system-out>
  <testcase classname="testNG.aa1" name="TC1" time="0.000"/>
  <system-out>
    <![CDATA[TC1]]>
  </system-out>
  <testcase classname="testNG.aa1" name="TC1" time="0.001"/>
  <system-out>
    <![CDATA[TC1]]>
  </system-out>
  <testcase classname="testNG.aa1" name="TC1" time="0.001"/>
  <system-out>
    <![CDATA[TC1]]>
  </system-out>
  <testcase classname="testNG.aa1" name="TC1" time="0.001"/>
  <system-out>
    <![CDATA[TC1]]>
  </system-out>
  <testcase classname="testNG.aa1" name="TC1" time="0.001"/>
  <system-out>
    <![CDATA[TC1]]>
  </system-out>
  <testcase classname="testNG.aa1" name="TC1" time="0.000"/>
  <system-out>
    <![CDATA[TC1]]>
  </system-out>
  <testcase classname="testNG.aa1" name="TC1" time="0.007"/>
  <system-out>
    <![CDATA[TC1]]>
  </system-out>
  <testcase classname="testNG.aa1" name="TC1" time="0.000"/>
  <system-out>
    <![CDATA[TC1]]>
  </system-out>
  <testcase classname="testNG.aa1" name="TC3" time="0.000"/>
  <system-out>
    <![CDATA[TC3]]>
  </system-out>
  <testcase classname="testNG.aa1" name="TC1" time="0.001"/>
  <system-out>
    <![CDATA[TC1]]>
  </system-out>
  <testcase classname="testNG.aa1" name="TC1" time="0.002"/>
  <system-out>
    <![CDATA[TC1]]>
  </system-out>
  <testcase classname="testNG.aa1" name="TC1" time="0.001"/>
  <system-out>
    <![CDATA[TC1]]>
  </system-out>
  <testcase classname="testNG.aa1" name="TC1" time="0.001"/>
  <system-out>
    <![CDATA[TC1]]>
  </system-out>
  <testcase classname="testNG.aa1" name="TC1" time="0.000"/>
  <system-out>
    <![CDATA[TC1]]>
  </system-out>
  <testcase classname="testNG.aa1" name="TC1" time="0.001"/>
  <system-out>
    <![CDATA[TC1]]>
  </system-out>
  <testcase classname="testNG.aa1" name="TC1" time="0.000"/>
  <system-out>
    <![CDATA[TC1]]>
  </system-out>
  <testcase classname="testNG.aa1" name="TC1" time="0.001"/>
  <system-out>
    <![CDATA[TC1]]>
  </system-out>
  <testcase classname="testNG.aa1" name="TC1" time="0.001"/>
  <system-out>
    <![CDATA[TC1]]>
  </system-out>
  <testcase classname="testNG.aa1" name="TC1" time="0.001"/>
  <system-out>
    <![CDATA[TC1]]>
  </system-out>
  <testcase classname="testNG.aa1" name="TC3" time="0.000"/>
  <system-out>
    <![CDATA[TC3]]>
  </system-out>
  <testcase classname="testNG.aa1" name="TC1" time="0.000"/>
  <system-out>
    <![CDATA[TC1]]>
  </system-out>
  <testcase classname="testNG.aa1" name="TC1" time="0.001"/>
  <system-out>
    <![CDATA[TC1]]>
  </system-out>
  <testcase classname="testNG.aa1" name="TC2" time="0.000"/>
  <system-out>
    <![CDATA[TC2]]>
  </system-out>
  <testcase classname="testNG.aa1" name="TC1" time="0.000"/>
  <system-out>
    <![CDATA[TC1]]>
  </system-out>
  <testcase classname="testNG.aa1" name="TC1" time="0.001"/>
  <system-out>
    <![CDATA[TC1]]>
  </system-out>
  <testcase classname="testNG.aa1" name="TC1" time="0.001"/>
  <system-out>
    <![CDATA[TC1]]>
  </system-out>
  <testcase classname="testNG.aa1" name="TC1" time="0.000"/>
  <system-out>
    <![CDATA[TC1]]>
  </system-out>
  <testcase classname="testNG.aa1" name="TC1" time="0.001"/>
  <system-out>
    <![CDATA[TC1]]>
  </system-out>
  <testcase classname="testNG.aa1" name="TC1" time="0.001"/>
  <system-out>
    <![CDATA[TC1]]>
  </system-out>
  <testcase classname="testNG.aa1" name="TC1" time="0.001"/>
  <system-out>
    <![CDATA[TC1]]>
  </system-out>
  <testcase classname="testNG.aa1" name="TC1" time="0.000"/>
  <system-out>
    <![CDATA[TC1]]>
  </system-out>
  <testcase classname="testNG.aa1" name="TC1" time="0.001"/>
  <system-out>
    <![CDATA[TC1]]>
  </system-out>
  <testcase classname="testNG.aa1" name="TC3" time="0.000"/>
  <system-out>
    <![CDATA[TC3]]>
  </system-out>
  <testcase classname="testNG.aa1" name="TC1" time="0.001"/>
  <system-out>
    <![CDATA[TC1]]>
  </system-out>
  <testcase classname="testNG.aa1" name="TC1" time="0.001"/>
  <system-out>
    <![CDATA[TC1]]>
  </system-out>
  <testcase classname="testNG.aa1" name="TC1" time="0.000"/>
  <system-out>
    <![CDATA[TC1]]>
  </system-out>
  <testcase classname="testNG.aa1" name="TC1" time="0.000"/>
  <system-out>
    <![CDATA[TC1]]>
  </system-out>
  <testcase classname="testNG.aa1" name="TC1" time="0.000"/>
  <system-out>
    <![CDATA[TC1]]>
  </system-out>
  <testcase classname="testNG.aa1" name="TC1" time="0.001"/>
  <system-out>
    <![CDATA[TC1]]>
  </system-out>
  <testcase classname="testNG.aa1" name="TC1" time="0.002"/>
  <system-out>
    <![CDATA[TC1]]>
  </system-out>
  <testcase classname="testNG.aa1" name="TC1" time="0.014"/>
  <system-out>
    <![CDATA[TC1]]>
  </system-out>
  <testcase classname="testNG.aa1" name="TC1" time="0.003"/>
  <system-out>
    <![CDATA[TC1]]>
  </system-out>
  <testcase classname="testNG.aa1" name="TC1" time="0.001"/>
  <system-out>
    <![CDATA[TC1]]>
  </system-out>
  <testcase classname="testNG.aa1" name="TC1" time="0.000"/>
  <system-out>
    <![CDATA[TC1]]>
  </system-out>
  <testcase classname="testNG.aa1" name="TC1" time="0.000"/>
  <system-out>
    <![CDATA[TC1]]>
  </system-out>
  <testcase classname="testNG.aa1" name="TC1" time="0.001"/>
  <system-out>
    <![CDATA[TC1]]>
  </system-out>
  <testcase classname="testNG.aa1" name="TC1" time="0.000"/>
  <system-out>
    <![CDATA[TC1]]>
  </system-out>
  <testcase classname="testNG.aa1" name="TC1" time="0.002"/>
  <system-out>
    <![CDATA[TC1]]>
  </system-out>
  <testcase classname="testNG.aa1" name="TC1" time="0.001"/>
  <system-out>
    <![CDATA[TC1]]>
  </system-out>
  <testcase classname="testNG.aa1" name="TC1" time="0.000"/>
  <system-out>
    <![CDATA[TC1]]>
  </system-out>
  <testcase classname="testNG.aa1" name="TC1" time="0.001"/>
  <system-out>
    <![CDATA[TC1]]>
  </system-out>
  <testcase classname="testNG.aa1" name="TC1" time="0.002"/>
  <system-out>
    <![CDATA[TC1]]>
  </system-out>
  <testcase classname="testNG.aa1" name="TC1" time="0.006"/>
  <system-out>
    <![CDATA[TC1]]>
  </system-out>
  <testcase classname="testNG.aa1" name="TC3" time="0.001"/>
  <system-out>
    <![CDATA[TC3]]>
  </system-out>
  <testcase classname="testNG.aa1" name="TC1" time="0.001"/>
  <system-out>
    <![CDATA[TC1]]>
  </system-out>
  <testcase classname="testNG.aa1" name="TC1" time="0.001"/>
  <system-out>
    <![CDATA[TC1]]>
  </system-out>
  <testcase classname="testNG.aa1" name="TC1" time="0.000"/>
  <system-out>
    <![CDATA[TC1]]>
  </system-out>
  <testcase classname="testNG.aa1" name="TC1" time="0.001"/>
  <system-out>
    <![CDATA[TC1]]>
  </system-out>
  <testcase classname="testNG.aa1" name="TC1" time="0.001"/>
  <system-out>
    <![CDATA[TC1]]>
  </system-out>
  <testcase classname="testNG.aa1" name="TC2" time="0.000"/>
  <system-out>
    <![CDATA[TC2]]>
  </system-out>
  <testcase classname="testNG.aa1" name="TC1" time="0.001"/>
  <system-out>
    <![CDATA[TC1]]>
  </system-out>
  <testcase classname="testNG.aa1" name="TC1" time="0.000"/>
  <system-out>
    <![CDATA[TC1]]>
  </system-out>
  <testcase classname="testNG.aa1" name="TC1" time="0.000"/>
  <system-out>
    <![CDATA[TC1]]>
  </system-out>
  <testcase classname="testNG.aa1" name="TC1" time="0.000"/>
  <system-out>
    <![CDATA[TC1]]>
  </system-out>
  <testcase classname="testNG.aa1" name="TC1" time="0.000"/>
  <system-out>
    <![CDATA[TC1]]>
  </system-out>
  <testcase classname="testNG.aa1" name="TC1" time="0.000"/>
  <system-out>
    <![CDATA[TC1]]>
  </system-out>
</testsuite> <!-- testNG.aa1 -->
